<?xml version="1.0" encoding="UTF-8"?>
<!-- Generated by org.testng.reporters.JUnitReportReporter -->
<testsuite hostname="TRPL-PUN-0115" failures="0" tests="6" name="CriticalTestCases.CompanyAdminGraph" time="1707.221" errors="0" timestamp="2024-06-18T09:53:48 IST" skipped="0">
  <testcase classname="CriticalTestCases.CompanyAdminGraph" name="ExpensesCounselWiseCaseGraph" time="49.873"/>
  <system-out/>
  <testcase classname="CriticalTestCases.CompanyAdminGraph" name="UtilizedBudgetGraph" time="57.090"/>
  <system-out/>
  <testcase classname="CriticalTestCases.CompanyAdminGraph" name="AgeingGraph" time="569.548"/>
  <system-out/>
  <testcase classname="CriticalTestCases.CompanyAdminGraph" name="AgeingGraph1to2yearsCase" time="495.776"/>
  <system-out/>
  <testcase classname="CriticalTestCases.CompanyAdminGraph" name="AgeingGraph2to3yearsCase" time="260.594"/>
  <system-out/>
  <testcase classname="CriticalTestCases.CompanyAdminGraph" name="AgeingGraphMoreThan3yearsCase" time="274.340"/>
  <system-out/>
</testsuite> <!-- CriticalTestCases.CompanyAdminGraph -->
