<?xml version="1.0" encoding="UTF-8"?>
<!-- Generated by org.testng.reporters.JUnitReportReporter -->
<testsuite hostname="DESKTOP-6RDAJ8O" failures="0" tests="3" name="litigationFE.FE" time="156.492" errors="0" timestamp="2023-02-10T12:33:23 IST" skipped="0">
  <testcase classname="litigationFE.FE" name="Login" time="12.479"/>
  <system-out/>
  <testcase classname="litigationFE.FE" name="DashBoardFilter" time="89.809"/>
  <system-out/>
  <testcase classname="litigationFE.FE" name="CaseNoticeStageGraph" time="54.204"/>
  <system-out/>
</testsuite> <!-- litigationFE.FE -->
