<?xml version="1.0" encoding="UTF-8"?>
<!-- Generated by org.testng.reporters.JUnitReportReporter -->
<testsuite hostname="TRPL-PUN-0115" failures="0" tests="1" name="litigationManagement.CFO" time="78.811" errors="0" timestamp="2024-09-17T17:55:32 IST" skipped="0">
  <testcase classname="litigationManagement.CFO" name="AgeingGraph1to2yearsGraphFilter" time="78.811"/>
  <system-out/>
</testsuite> <!-- litigationManagement.CFO -->
