<?xml version="1.0" encoding="UTF-8"?>
<!-- Generated by org.testng.reporters.JUnitReportReporter -->
<testsuite skipped="10" hostname="Avantis-pc1" name="reviewer.ReviewerCount" tests="10" failures="0" timestamp="2022-07-06T11:08:41 IST" time="0.000" errors="0">
  <testcase name="Login" time="0.000" classname="reviewer.ReviewerCount">
    <skipped/>
  </testcase> <!-- Login -->
  <testcase name="ReviewCountStatutoryApprove" time="0.000" classname="reviewer.ReviewerCount">
    <skipped/>
  </testcase> <!-- ReviewCountStatutoryApprove -->
  <testcase name="ReviewCountStatutoryReject" time="0.000" classname="reviewer.ReviewerCount">
    <skipped/>
  </testcase> <!-- ReviewCountStatutoryReject -->
  <testcase name="ReviewCountInternalApprove" time="0.000" classname="reviewer.ReviewerCount">
    <skipped/>
  </testcase> <!-- ReviewCountInternalApprove -->
  <testcase name="ReviewCountInternalReject" time="0.000" classname="reviewer.ReviewerCount">
    <skipped/>
  </testcase> <!-- ReviewCountInternalReject -->
  <testcase name="MyReminderStatutory" time="0.000" classname="reviewer.ReviewerCount">
    <skipped/>
  </testcase> <!-- MyReminderStatutory -->
  <testcase name="MyReminderInternal" time="0.000" classname="reviewer.ReviewerCount">
    <skipped/>
  </testcase> <!-- MyReminderInternal -->
  <testcase name="InterimReview" time="0.000" classname="reviewer.ReviewerCount">
    <skipped/>
  </testcase> <!-- InterimReview -->
  <testcase name="ReassignUser" time="0.000" classname="reviewer.ReviewerCount">
    <skipped/>
  </testcase> <!-- ReassignUser -->
  <testcase name="MyEscalation" time="0.000" classname="reviewer.ReviewerCount">
    <skipped/>
  </testcase> <!-- MyEscalation -->
</testsuite> <!-- reviewer.ReviewerCount -->
