<?xml version="1.0" encoding="UTF-8"?>
<!-- Generated by org.testng.reporters.JUnitReportReporter -->
<testsuite hostname="TRPL-PUN-0115" failures="0" tests="5" name="CriticalTestCases.ExternalLawyer" time="619.172" errors="0" timestamp="2024-11-04T19:32:26 IST" skipped="0">
  <testcase classname="CriticalTestCases.ExternalLawyer" name="MoreReports" time="215.615"/>
  <system-out/>
  <testcase classname="CriticalTestCases.ExternalLawyer" name="MyReminder" time="222.741"/>
  <system-out/>
  <testcase classname="CriticalTestCases.ExternalLawyer" name="ImportUtility" time="107.566"/>
  <system-out/>
  <testcase classname="CriticalTestCases.ExternalLawyer" name="CaseUpdationImportUtility" time="33.998"/>
  <system-out/>
  <testcase classname="CriticalTestCases.ExternalLawyer" name="NoticeUpdation" time="39.252"/>
  <system-out/>
</testsuite> <!-- CriticalTestCases.ExternalLawyer -->
