<?xml version="1.0" encoding="UTF-8"?>
<!-- Generated by org.testng.reporters.JUnitReportReporter -->
<testsuite hostname="TRPL-PUN-0115" failures="0" tests="209" name="litigationManagement.CFO" time="11609.847" errors="18" timestamp="2024-11-12T23:11:37 IST" skipped="83">
  <testcase classname="litigationManagement.CFO" name="Login" time="31.830">
    <error message="target frame detached
  (failed to check if window was closed: disconnected: Unable to receive message from renderer)
  (Session info: chrome=130.0.6723.117)
Build info: version: &#039;3.141.0&#039;, revision: &#039;2ecb7d9a&#039;, time: &#039;2018-10-31T20:09:30&#039;
System info: host: &#039;TRPL-PUN-0115&#039;, ip: &#039;172.18.16.1&#039;, os.name: &#039;Windows 10&#039;, os.arch: &#039;amd64&#039;, os.version: &#039;10.0&#039;, java.version: &#039;20&#039;
Driver info: org.openqa.selenium.chrome.ChromeDriver
Capabilities {acceptInsecureCerts: false, browserName: chrome, browserVersion: 130.0.6723.117, chrome: {chromedriverVersion: 130.0.6723.116 (6ac35f94ae3..., userDataDir: C:\Users\snehalp\AppData\Lo...}, fedcm:accounts: true, goog:chromeOptions: {debuggerAddress: localhost:58204}, javascriptEnabled: true, networkConnectionEnabled: false, pageLoadStrategy: normal, platform: WINDOWS, platformName: WINDOWS, proxy: Proxy(), setWindowRect: true, strictFileInteractability: false, timeouts: {implicit: 0, pageLoad: 300000, script: 30000}, unhandledPromptBehavior: dismiss and notify, webauthn:extension:credBlob: true, webauthn:extension:largeBlob: true, webauthn:extension:minPinLength: true, webauthn:extension:prf: true, webauthn:virtualAuthenticators: true}
Session ID: 3116f57357f2335477fa5fb9b2ac4336" type="org.openqa.selenium.WebDriverException">
      <![CDATA[org.openqa.selenium.WebDriverException: target frame detached
  (failed to check if window was closed: disconnected: Unable to receive message from renderer)
  (Session info: chrome=130.0.6723.117)
Build info: version: '3.141.0', revision: '2ecb7d9a', time: '2018-10-31T20:09:30'
System info: host: 'TRPL-PUN-0115', ip: '172.18.16.1', os.name: 'Windows 10', os.arch: 'amd64', os.version: '10.0', java.version: '20'
Driver info: org.openqa.selenium.chrome.ChromeDriver
Capabilities {acceptInsecureCerts: false, browserName: chrome, browserVersion: 130.0.6723.117, chrome: {chromedriverVersion: 130.0.6723.116 (6ac35f94ae3..., userDataDir: C:\Users\snehalp\AppData\Lo...}, fedcm:accounts: true, goog:chromeOptions: {debuggerAddress: localhost:58204}, javascriptEnabled: true, networkConnectionEnabled: false, pageLoadStrategy: normal, platform: WINDOWS, platformName: WINDOWS, proxy: Proxy(), setWindowRect: true, strictFileInteractability: false, timeouts: {implicit: 0, pageLoad: 300000, script: 30000}, unhandledPromptBehavior: dismiss and notify, webauthn:extension:credBlob: true, webauthn:extension:largeBlob: true, webauthn:extension:minPinLength: true, webauthn:extension:prf: true, webauthn:virtualAuthenticators: true}
Session ID: 3116f57357f2335477fa5fb9b2ac4336
at java.base/jdk.internal.reflect.DirectConstructorHandleAccessor.newInstance(DirectConstructorHandleAccessor.java:67)
at java.base/java.lang.reflect.Constructor.newInstanceWithCaller(Constructor.java:500)
at java.base/java.lang.reflect.Constructor.newInstance(Constructor.java:484)
at org.openqa.selenium.remote.http.W3CHttpResponseCodec.createException(W3CHttpResponseCodec.java:187)
at org.openqa.selenium.remote.http.W3CHttpResponseCodec.decode(W3CHttpResponseCodec.java:122)
at org.openqa.selenium.remote.http.W3CHttpResponseCodec.decode(W3CHttpResponseCodec.java:49)
at org.openqa.selenium.remote.HttpCommandExecutor.execute(HttpCommandExecutor.java:158)
at org.openqa.selenium.remote.service.DriverCommandExecutor.execute(DriverCommandExecutor.java:83)
at org.openqa.selenium.remote.RemoteWebDriver.execute(RemoteWebDriver.java:552)
at org.openqa.selenium.remote.RemoteWebElement.execute(RemoteWebElement.java:285)
at org.openqa.selenium.remote.RemoteWebElement.click(RemoteWebElement.java:84)
at login.Login.UserLogin(Login.java:239)
at litigationManagement.CFO.Login(CFO.java:88)
at java.base/jdk.internal.reflect.DirectMethodHandleAccessor.invoke(DirectMethodHandleAccessor.java:104)
at java.base/java.lang.reflect.Method.invoke(Method.java:578)
at org.testng.internal.MethodInvocationHelper.invokeMethod(MethodInvocationHelper.java:133)
at org.testng.internal.MethodInvocationHelper.invokeMethodConsideringTimeout(MethodInvocationHelper.java:62)
at org.testng.internal.ConfigInvoker.invokeConfigurationMethod(ConfigInvoker.java:385)
at org.testng.internal.ConfigInvoker.invokeConfigurations(ConfigInvoker.java:321)
at org.testng.internal.TestInvoker.runConfigMethods(TestInvoker.java:700)
at org.testng.internal.TestInvoker.invokeMethod(TestInvoker.java:527)
at org.testng.internal.TestInvoker.invokeTestMethod(TestInvoker.java:173)
at org.testng.internal.MethodRunner.runInSequence(MethodRunner.java:46)
at org.testng.internal.TestInvoker$MethodInvocationAgent.invoke(TestInvoker.java:824)
at org.testng.internal.TestInvoker.invokeTestMethods(TestInvoker.java:146)
at org.testng.internal.TestMethodWorker.invokeTestMethods(TestMethodWorker.java:146)
at org.testng.internal.TestMethodWorker.run(TestMethodWorker.java:128)
at java.base/java.util.ArrayList.forEach(ArrayList.java:1511)
at org.testng.TestRunner.privateRun(TestRunner.java:794)
at org.testng.TestRunner.run(TestRunner.java:596)
at org.testng.SuiteRunner.runTest(SuiteRunner.java:377)
at org.testng.SuiteRunner.runSequentially(SuiteRunner.java:371)
at org.testng.SuiteRunner.privateRun(SuiteRunner.java:332)
at org.testng.SuiteRunner.run(SuiteRunner.java:276)
at org.testng.SuiteRunnerWorker.runSuite(SuiteRunnerWorker.java:53)
at org.testng.SuiteRunnerWorker.run(SuiteRunnerWorker.java:96)
at org.testng.TestNG.runSuitesSequentially(TestNG.java:1212)
at org.testng.TestNG.runSuitesLocally(TestNG.java:1134)
at org.testng.TestNG.runSuites(TestNG.java:1063)
at org.testng.TestNG.run(TestNG.java:1031)
at org.testng.remote.AbstractRemoteTestNG.run(AbstractRemoteTestNG.java:115)
at org.testng.remote.RemoteTestNG.initAndRun(RemoteTestNG.java:251)
at org.testng.remote.RemoteTestNG.main(RemoteTestNG.java:77)
]]>
    </error>
  </testcase> <!-- Login -->
  <system-out/>
  <testcase classname="litigationManagement.CFO" name="NoticeDocumentShareWithoutData" time="65.726"/>
  <system-out/>
  <testcase classname="litigationManagement.CFO" name="NoticeTaskActivity" time="109.051"/>
  <system-out/>
  <testcase classname="litigationManagement.CFO" name="NoticeDocumentShareCloseBtn" time="59.301"/>
  <system-out/>
  <testcase classname="litigationManagement.CFO" name="TaskActivtityDeleteResponse" time="42.916">
    <error message="no such element: Unable to locate element: {&quot;method&quot;:&quot;xpath&quot;,&quot;selector&quot;:&quot;//*[@id=&#039;ddlStatus_chosen&#039;]/div/ul/li[1]&quot;}
  (Session info: chrome=130.0.6723.117)
For documentation on this error, please visit: http://seleniumhq.org/exceptions/no_such_element.html
Build info: version: &#039;3.141.0&#039;, revision: &#039;2ecb7d9a&#039;, time: &#039;2018-10-31T20:09:30&#039;
System info: host: &#039;TRPL-PUN-0115&#039;, ip: &#039;172.18.16.1&#039;, os.name: &#039;Windows 10&#039;, os.arch: &#039;amd64&#039;, os.version: &#039;10.0&#039;, java.version: &#039;20&#039;
Driver info: org.openqa.selenium.chrome.ChromeDriver
Capabilities {acceptInsecureCerts: false, browserName: chrome, browserVersion: 130.0.6723.117, chrome: {chromedriverVersion: 130.0.6723.116 (6ac35f94ae3..., userDataDir: C:\Users\snehalp\AppData\Lo...}, fedcm:accounts: true, goog:chromeOptions: {debuggerAddress: localhost:63820}, javascriptEnabled: true, networkConnectionEnabled: false, pageLoadStrategy: normal, platform: WINDOWS, platformName: WINDOWS, proxy: Proxy(), setWindowRect: true, strictFileInteractability: false, timeouts: {implicit: 0, pageLoad: 300000, script: 30000}, unhandledPromptBehavior: dismiss and notify, webauthn:extension:credBlob: true, webauthn:extension:largeBlob: true, webauthn:extension:minPinLength: true, webauthn:extension:prf: true, webauthn:virtualAuthenticators: true}
Session ID: bfab857ca12f8c18042f4c4d4ea57c14
*** Element info: {Using=xpath, value=//*[@id=&#039;ddlStatus_chosen&#039;]/div/ul/li[1]}" type="org.openqa.selenium.NoSuchElementException">
      <![CDATA[org.openqa.selenium.NoSuchElementException: no such element: Unable to locate element: {"method":"xpath","selector":"//*[@id='ddlStatus_chosen']/div/ul/li[1]"}
  (Session info: chrome=130.0.6723.117)
For documentation on this error, please visit: http://seleniumhq.org/exceptions/no_such_element.html
Build info: version: '3.141.0', revision: '2ecb7d9a', time: '2018-10-31T20:09:30'
System info: host: 'TRPL-PUN-0115', ip: '172.18.16.1', os.name: 'Windows 10', os.arch: 'amd64', os.version: '10.0', java.version: '20'
Driver info: org.openqa.selenium.chrome.ChromeDriver
Capabilities {acceptInsecureCerts: false, browserName: chrome, browserVersion: 130.0.6723.117, chrome: {chromedriverVersion: 130.0.6723.116 (6ac35f94ae3..., userDataDir: C:\Users\snehalp\AppData\Lo...}, fedcm:accounts: true, goog:chromeOptions: {debuggerAddress: localhost:63820}, javascriptEnabled: true, networkConnectionEnabled: false, pageLoadStrategy: normal, platform: WINDOWS, platformName: WINDOWS, proxy: Proxy(), setWindowRect: true, strictFileInteractability: false, timeouts: {implicit: 0, pageLoad: 300000, script: 30000}, unhandledPromptBehavior: dismiss and notify, webauthn:extension:credBlob: true, webauthn:extension:largeBlob: true, webauthn:extension:minPinLength: true, webauthn:extension:prf: true, webauthn:virtualAuthenticators: true}
Session ID: bfab857ca12f8c18042f4c4d4ea57c14
*** Element info: {Using=xpath, value=//*[@id='ddlStatus_chosen']/div/ul/li[1]}
at java.base/jdk.internal.reflect.DirectConstructorHandleAccessor.newInstance(DirectConstructorHandleAccessor.java:67)
at java.base/java.lang.reflect.Constructor.newInstanceWithCaller(Constructor.java:500)
at java.base/java.lang.reflect.Constructor.newInstance(Constructor.java:484)
at org.openqa.selenium.remote.http.W3CHttpResponseCodec.createException(W3CHttpResponseCodec.java:187)
at org.openqa.selenium.remote.http.W3CHttpResponseCodec.decode(W3CHttpResponseCodec.java:122)
at org.openqa.selenium.remote.http.W3CHttpResponseCodec.decode(W3CHttpResponseCodec.java:49)
at org.openqa.selenium.remote.HttpCommandExecutor.execute(HttpCommandExecutor.java:158)
at org.openqa.selenium.remote.service.DriverCommandExecutor.execute(DriverCommandExecutor.java:83)
at org.openqa.selenium.remote.RemoteWebDriver.execute(RemoteWebDriver.java:552)
at org.openqa.selenium.remote.RemoteWebDriver.findElement(RemoteWebDriver.java:323)
at org.openqa.selenium.remote.RemoteWebDriver.findElementByXPath(RemoteWebDriver.java:428)
at org.openqa.selenium.By$ByXPath.findElement(By.java:353)
at org.openqa.selenium.remote.RemoteWebDriver.findElement(RemoteWebDriver.java:315)
at litigationAdditionalOwner.performerPOM.clickNoticeTaskstatusResponsecfo1(performerPOM.java:5906)
at litigationManagement.CFOMethod.TaskActivtityDeleteResponse(CFOMethod.java:21772)
at litigationManagement.CFO.TaskActivtityDeleteResponse(CFO.java:378)
at java.base/jdk.internal.reflect.DirectMethodHandleAccessor.invoke(DirectMethodHandleAccessor.java:104)
at java.base/java.lang.reflect.Method.invoke(Method.java:578)
at org.testng.internal.MethodInvocationHelper.invokeMethod(MethodInvocationHelper.java:133)
at org.testng.internal.TestInvoker.invokeMethod(TestInvoker.java:598)
at org.testng.internal.TestInvoker.invokeTestMethod(TestInvoker.java:173)
at org.testng.internal.MethodRunner.runInSequence(MethodRunner.java:46)
at org.testng.internal.TestInvoker$MethodInvocationAgent.invoke(TestInvoker.java:824)
at org.testng.internal.TestInvoker.invokeTestMethods(TestInvoker.java:146)
at org.testng.internal.TestMethodWorker.invokeTestMethods(TestMethodWorker.java:146)
at org.testng.internal.TestMethodWorker.run(TestMethodWorker.java:128)
at java.base/java.util.ArrayList.forEach(ArrayList.java:1511)
at org.testng.TestRunner.privateRun(TestRunner.java:794)
at org.testng.TestRunner.run(TestRunner.java:596)
at org.testng.SuiteRunner.runTest(SuiteRunner.java:377)
at org.testng.SuiteRunner.runSequentially(SuiteRunner.java:371)
at org.testng.SuiteRunner.privateRun(SuiteRunner.java:332)
at org.testng.SuiteRunner.run(SuiteRunner.java:276)
at org.testng.SuiteRunnerWorker.runSuite(SuiteRunnerWorker.java:53)
at org.testng.SuiteRunnerWorker.run(SuiteRunnerWorker.java:96)
at org.testng.TestNG.runSuitesSequentially(TestNG.java:1212)
at org.testng.TestNG.runSuitesLocally(TestNG.java:1134)
at org.testng.TestNG.runSuites(TestNG.java:1063)
at org.testng.TestNG.run(TestNG.java:1031)
at org.testng.remote.AbstractRemoteTestNG.run(AbstractRemoteTestNG.java:115)
at org.testng.remote.RemoteTestNG.initAndRun(RemoteTestNG.java:251)
at org.testng.remote.RemoteTestNG.main(RemoteTestNG.java:77)
]]>
    </error>
  </testcase> <!-- TaskActivtityDeleteResponse -->
  <system-out/>
  <testcase classname="litigationManagement.CFO" name="TaskActivtityExistingData" time="59.851"/>
  <system-out/>
  <testcase classname="litigationManagement.CFO" name="TaskActivtityWithoutData" time="45.177"/>
  <system-out/>
  <testcase classname="litigationManagement.CFO" name="TaskActivtityResponseWithoutStatus" time="54.596"/>
  <system-out/>
  <testcase classname="litigationManagement.CFO" name="TaskActivtityResponseClearBtn" time="47.102"/>
  <system-out/>
  <testcase classname="litigationManagement.CFO" name="NoticeResponse" time="103.817"/>
  <system-out/>
  <testcase classname="litigationManagement.CFO" name="ResponseExistingData" time="57.237"/>
  <system-out/>
  <testcase classname="litigationManagement.CFO" name="NoticeResponseWithoutData" time="42.482"/>
  <system-out/>
  <testcase classname="litigationManagement.CFO" name="ResponseClearBtn" time="51.499"/>
  <system-out/>
  <testcase classname="litigationManagement.CFO" name="NoticePayment" time="66.669">
    <error message="no such element: Unable to locate element: {&quot;method&quot;:&quot;xpath&quot;,&quot;selector&quot;:&quot;//*[@id=&#039;grdNoticePayment_lnkBtnEditPayment_0&#039;]/img&quot;}
  (Session info: chrome=130.0.6723.117)
For documentation on this error, please visit: http://seleniumhq.org/exceptions/no_such_element.html
Build info: version: &#039;3.141.0&#039;, revision: &#039;2ecb7d9a&#039;, time: &#039;2018-10-31T20:09:30&#039;
System info: host: &#039;TRPL-PUN-0115&#039;, ip: &#039;172.18.16.1&#039;, os.name: &#039;Windows 10&#039;, os.arch: &#039;amd64&#039;, os.version: &#039;10.0&#039;, java.version: &#039;20&#039;
Driver info: org.openqa.selenium.chrome.ChromeDriver
Capabilities {acceptInsecureCerts: false, browserName: chrome, browserVersion: 130.0.6723.117, chrome: {chromedriverVersion: 130.0.6723.116 (6ac35f94ae3..., userDataDir: C:\Users\snehalp\AppData\Lo...}, fedcm:accounts: true, goog:chromeOptions: {debuggerAddress: localhost:64370}, javascriptEnabled: true, networkConnectionEnabled: false, pageLoadStrategy: normal, platform: WINDOWS, platformName: WINDOWS, proxy: Proxy(), setWindowRect: true, strictFileInteractability: false, timeouts: {implicit: 0, pageLoad: 300000, script: 30000}, unhandledPromptBehavior: dismiss and notify, webauthn:extension:credBlob: true, webauthn:extension:largeBlob: true, webauthn:extension:minPinLength: true, webauthn:extension:prf: true, webauthn:virtualAuthenticators: true}
Session ID: 52bebe4f5a6a9e14a8f810047973d919
*** Element info: {Using=xpath, value=//*[@id=&#039;grdNoticePayment_lnkBtnEditPayment_0&#039;]/img}" type="org.openqa.selenium.NoSuchElementException">
      <![CDATA[org.openqa.selenium.NoSuchElementException: no such element: Unable to locate element: {"method":"xpath","selector":"//*[@id='grdNoticePayment_lnkBtnEditPayment_0']/img"}
  (Session info: chrome=130.0.6723.117)
For documentation on this error, please visit: http://seleniumhq.org/exceptions/no_such_element.html
Build info: version: '3.141.0', revision: '2ecb7d9a', time: '2018-10-31T20:09:30'
System info: host: 'TRPL-PUN-0115', ip: '172.18.16.1', os.name: 'Windows 10', os.arch: 'amd64', os.version: '10.0', java.version: '20'
Driver info: org.openqa.selenium.chrome.ChromeDriver
Capabilities {acceptInsecureCerts: false, browserName: chrome, browserVersion: 130.0.6723.117, chrome: {chromedriverVersion: 130.0.6723.116 (6ac35f94ae3..., userDataDir: C:\Users\snehalp\AppData\Lo...}, fedcm:accounts: true, goog:chromeOptions: {debuggerAddress: localhost:64370}, javascriptEnabled: true, networkConnectionEnabled: false, pageLoadStrategy: normal, platform: WINDOWS, platformName: WINDOWS, proxy: Proxy(), setWindowRect: true, strictFileInteractability: false, timeouts: {implicit: 0, pageLoad: 300000, script: 30000}, unhandledPromptBehavior: dismiss and notify, webauthn:extension:credBlob: true, webauthn:extension:largeBlob: true, webauthn:extension:minPinLength: true, webauthn:extension:prf: true, webauthn:virtualAuthenticators: true}
Session ID: 52bebe4f5a6a9e14a8f810047973d919
*** Element info: {Using=xpath, value=//*[@id='grdNoticePayment_lnkBtnEditPayment_0']/img}
at java.base/jdk.internal.reflect.DirectConstructorHandleAccessor.newInstance(DirectConstructorHandleAccessor.java:67)
at java.base/java.lang.reflect.Constructor.newInstanceWithCaller(Constructor.java:500)
at java.base/java.lang.reflect.Constructor.newInstance(Constructor.java:484)
at org.openqa.selenium.remote.http.W3CHttpResponseCodec.createException(W3CHttpResponseCodec.java:187)
at org.openqa.selenium.remote.http.W3CHttpResponseCodec.decode(W3CHttpResponseCodec.java:122)
at org.openqa.selenium.remote.http.W3CHttpResponseCodec.decode(W3CHttpResponseCodec.java:49)
at org.openqa.selenium.remote.HttpCommandExecutor.execute(HttpCommandExecutor.java:158)
at org.openqa.selenium.remote.service.DriverCommandExecutor.execute(DriverCommandExecutor.java:83)
at org.openqa.selenium.remote.RemoteWebDriver.execute(RemoteWebDriver.java:552)
at org.openqa.selenium.remote.RemoteWebDriver.findElement(RemoteWebDriver.java:323)
at org.openqa.selenium.remote.RemoteWebDriver.findElementByXPath(RemoteWebDriver.java:428)
at org.openqa.selenium.By$ByXPath.findElement(By.java:353)
at org.openqa.selenium.remote.RemoteWebDriver.findElement(RemoteWebDriver.java:315)
at litigationAdditionalOwner.performerPOM.clickNoticeEditPaymentcfo(performerPOM.java:6003)
at litigationManagement.CFOMethod.PaymentLog(CFOMethod.java:4940)
at litigationManagement.CFO.NoticePayment(CFO.java:479)
at java.base/jdk.internal.reflect.DirectMethodHandleAccessor.invoke(DirectMethodHandleAccessor.java:104)
at java.base/java.lang.reflect.Method.invoke(Method.java:578)
at org.testng.internal.MethodInvocationHelper.invokeMethod(MethodInvocationHelper.java:133)
at org.testng.internal.TestInvoker.invokeMethod(TestInvoker.java:598)
at org.testng.internal.TestInvoker.invokeTestMethod(TestInvoker.java:173)
at org.testng.internal.MethodRunner.runInSequence(MethodRunner.java:46)
at org.testng.internal.TestInvoker$MethodInvocationAgent.invoke(TestInvoker.java:824)
at org.testng.internal.TestInvoker.invokeTestMethods(TestInvoker.java:146)
at org.testng.internal.TestMethodWorker.invokeTestMethods(TestMethodWorker.java:146)
at org.testng.internal.TestMethodWorker.run(TestMethodWorker.java:128)
at java.base/java.util.ArrayList.forEach(ArrayList.java:1511)
at org.testng.TestRunner.privateRun(TestRunner.java:794)
at org.testng.TestRunner.run(TestRunner.java:596)
at org.testng.SuiteRunner.runTest(SuiteRunner.java:377)
at org.testng.SuiteRunner.runSequentially(SuiteRunner.java:371)
at org.testng.SuiteRunner.privateRun(SuiteRunner.java:332)
at org.testng.SuiteRunner.run(SuiteRunner.java:276)
at org.testng.SuiteRunnerWorker.runSuite(SuiteRunnerWorker.java:53)
at org.testng.SuiteRunnerWorker.run(SuiteRunnerWorker.java:96)
at org.testng.TestNG.runSuitesSequentially(TestNG.java:1212)
at org.testng.TestNG.runSuitesLocally(TestNG.java:1134)
at org.testng.TestNG.runSuites(TestNG.java:1063)
at org.testng.TestNG.run(TestNG.java:1031)
at org.testng.remote.AbstractRemoteTestNG.run(AbstractRemoteTestNG.java:115)
at org.testng.remote.RemoteTestNG.initAndRun(RemoteTestNG.java:251)
at org.testng.remote.RemoteTestNG.main(RemoteTestNG.java:77)
]]>
    </error>
  </testcase> <!-- NoticePayment -->
  <system-out/>
  <testcase classname="litigationManagement.CFO" name="PaymentLogwithExistingData" time="50.193"/>
  <system-out/>
  <testcase classname="litigationManagement.CFO" name="PaymentLogwithInvalidData" time="48.236"/>
  <system-out/>
  <testcase classname="litigationManagement.CFO" name="NoticePaymentWithoutData" time="35.629"/>
  <system-out/>
  <testcase classname="litigationManagement.CFO" name="NoticeExternalLawyer" time="60.623"/>
  <system-out/>
  <testcase classname="litigationManagement.CFO" name="ExternalLawyerWithoutRating" time="43.468"/>
  <system-out/>
  <testcase classname="litigationManagement.CFO" name="CriteriaExistingData" time="49.002"/>
  <system-out/>
  <testcase classname="litigationManagement.CFO" name="CriteriaInvalidData" time="50.613"/>
  <system-out/>
  <testcase classname="litigationManagement.CFO" name="CriteriaWithoutData" time="56.912"/>
  <system-out/>
  <testcase classname="litigationManagement.CFO" name="NoticeAuditLog" time="49.718"/>
  <system-out/>
  <testcase classname="litigationManagement.CFO" name="CaseOpen" time="68.111">
    <error message="element click intercepted: Element &lt;iframe id=&quot;showdetails&quot; src=&quot;../../Litigation/aspxPages/CaseDetailPage.aspx?AccessID=0&amp;amp;LitigationProcess=General&quot; width=&quot;100%&quot; height=&quot;550px&quot; frameborder=&quot;0&quot; cd_frame_id_=&quot;84ca53eb279e3f703a6c5827bcd8a899&quot;&gt;&lt;/iframe&gt; is not clickable at point (309, 273). Other element would receive the click: &lt;iframe src=&quot;about:blank&quot; frameborder=&quot;0&quot; scrolling=&quot;no&quot; width=&quot;360px&quot; height=&quot;251px&quot; style=&quot;outline:none !important; visibility:visible !important; resize:none !important; box-shadow:none !important; overflow:visible !important; background:none !important; opacity:1 !important; filter:alpha(opacity=100) !important; -ms-filter:progid:DXImageTransform.Microsoft.Alpha(Opacity 1}) !important; -mz-opacity:1 !important; -khtml-opacity:1 !important; top:auto !important; right:auto !important; bottom:100px; left:20px !important; position:fixed !important; border:0 !important; min-height:251px !important; min-width:360px !important; max-height:251px !important; max-width:360px !important; padding:0 !important; margin:0 !important; -moz-transition-property:none !important; -webkit-transition-property:none !important; -o-transition-property:none !important; transition-property:none !important; transform:none !important; -webkit-transform:none !important; -ms-transform:none !important; width:360px !important; height:251px !important; display:block !important; z-index:auto !important; background-color:transparent !important; cursor:none !important; float:none !important; border-radius:unset !important; pointer-events:auto !important; clip:auto !important; color-scheme:light !important;&quot; id=&quot;e6lfhe05f8n1731422997042&quot; class=&quot;&quot; title=&quot;chat widget&quot;&gt;&lt;/iframe&gt;
  (Session info: chrome=130.0.6723.117)
Build info: version: &#039;3.141.0&#039;, revision: &#039;2ecb7d9a&#039;, time: &#039;2018-10-31T20:09:30&#039;
System info: host: &#039;TRPL-PUN-0115&#039;, ip: &#039;172.18.16.1&#039;, os.name: &#039;Windows 10&#039;, os.arch: &#039;amd64&#039;, os.version: &#039;10.0&#039;, java.version: &#039;20&#039;
Driver info: org.openqa.selenium.chrome.ChromeDriver
Capabilities {acceptInsecureCerts: false, browserName: chrome, browserVersion: 130.0.6723.117, chrome: {chromedriverVersion: 130.0.6723.116 (6ac35f94ae3..., userDataDir: C:\Users\snehalp\AppData\Lo...}, fedcm:accounts: true, goog:chromeOptions: {debuggerAddress: localhost:64935}, javascriptEnabled: true, networkConnectionEnabled: false, pageLoadStrategy: normal, platform: WINDOWS, platformName: WINDOWS, proxy: Proxy(), setWindowRect: true, strictFileInteractability: false, timeouts: {implicit: 0, pageLoad: 300000, script: 30000}, unhandledPromptBehavior: dismiss and notify, webauthn:extension:credBlob: true, webauthn:extension:largeBlob: true, webauthn:extension:minPinLength: true, webauthn:extension:prf: true, webauthn:virtualAuthenticators: true}
Session ID: d6d75f9bf9580bff61c2263d2159c948" type="org.openqa.selenium.ElementClickInterceptedException">
      <![CDATA[org.openqa.selenium.ElementClickInterceptedException: element click intercepted: Element <iframe id="showdetails" src="../../Litigation/aspxPages/CaseDetailPage.aspx?AccessID=0&amp;LitigationProcess=General" width="100%" height="550px" frameborder="0" cd_frame_id_="84ca53eb279e3f703a6c5827bcd8a899"></iframe> is not clickable at point (309, 273). Other element would receive the click: <iframe src="about:blank" frameborder="0" scrolling="no" width="360px" height="251px" style="outline:none !important; visibility:visible !important; resize:none !important; box-shadow:none !important; overflow:visible !important; background:none !important; opacity:1 !important; filter:alpha(opacity=100) !important; -ms-filter:progid:DXImageTransform.Microsoft.Alpha(Opacity 1}) !important; -mz-opacity:1 !important; -khtml-opacity:1 !important; top:auto !important; right:auto !important; bottom:100px; left:20px !important; position:fixed !important; border:0 !important; min-height:251px !important; min-width:360px !important; max-height:251px !important; max-width:360px !important; padding:0 !important; margin:0 !important; -moz-transition-property:none !important; -webkit-transition-property:none !important; -o-transition-property:none !important; transition-property:none !important; transform:none !important; -webkit-transform:none !important; -ms-transform:none !important; width:360px !important; height:251px !important; display:block !important; z-index:auto !important; background-color:transparent !important; cursor:none !important; float:none !important; border-radius:unset !important; pointer-events:auto !important; clip:auto !important; color-scheme:light !important;" id="e6lfhe05f8n1731422997042" class="" title="chat widget"></iframe>
  (Session info: chrome=130.0.6723.117)
Build info: version: '3.141.0', revision: '2ecb7d9a', time: '2018-10-31T20:09:30'
System info: host: 'TRPL-PUN-0115', ip: '172.18.16.1', os.name: 'Windows 10', os.arch: 'amd64', os.version: '10.0', java.version: '20'
Driver info: org.openqa.selenium.chrome.ChromeDriver
Capabilities {acceptInsecureCerts: false, browserName: chrome, browserVersion: 130.0.6723.117, chrome: {chromedriverVersion: 130.0.6723.116 (6ac35f94ae3..., userDataDir: C:\Users\snehalp\AppData\Lo...}, fedcm:accounts: true, goog:chromeOptions: {debuggerAddress: localhost:64935}, javascriptEnabled: true, networkConnectionEnabled: false, pageLoadStrategy: normal, platform: WINDOWS, platformName: WINDOWS, proxy: Proxy(), setWindowRect: true, strictFileInteractability: false, timeouts: {implicit: 0, pageLoad: 300000, script: 30000}, unhandledPromptBehavior: dismiss and notify, webauthn:extension:credBlob: true, webauthn:extension:largeBlob: true, webauthn:extension:minPinLength: true, webauthn:extension:prf: true, webauthn:virtualAuthenticators: true}
Session ID: d6d75f9bf9580bff61c2263d2159c948
at java.base/jdk.internal.reflect.DirectConstructorHandleAccessor.newInstance(DirectConstructorHandleAccessor.java:67)
at java.base/java.lang.reflect.Constructor.newInstanceWithCaller(Constructor.java:500)
at java.base/java.lang.reflect.Constructor.newInstance(Constructor.java:484)
at org.openqa.selenium.remote.http.W3CHttpResponseCodec.createException(W3CHttpResponseCodec.java:187)
at org.openqa.selenium.remote.http.W3CHttpResponseCodec.decode(W3CHttpResponseCodec.java:122)
at org.openqa.selenium.remote.http.W3CHttpResponseCodec.decode(W3CHttpResponseCodec.java:49)
at org.openqa.selenium.remote.HttpCommandExecutor.execute(HttpCommandExecutor.java:158)
at org.openqa.selenium.remote.service.DriverCommandExecutor.execute(DriverCommandExecutor.java:83)
at org.openqa.selenium.remote.RemoteWebDriver.execute(RemoteWebDriver.java:552)
at org.openqa.selenium.remote.RemoteWebElement.execute(RemoteWebElement.java:285)
at org.openqa.selenium.remote.RemoteWebElement.click(RemoteWebElement.java:84)
at litigationManagement.CFOMethod.clickDated1(CFOMethod.java:5679)
at litigationManagement.CFOMethod.perform1(CFOMethod.java:5495)
at litigationManagement.CFOMethod.CaseOpen(CFOMethod.java:5473)
at litigationManagement.CFO.CaseOpen(CFO.java:586)
at java.base/jdk.internal.reflect.DirectMethodHandleAccessor.invoke(DirectMethodHandleAccessor.java:104)
at java.base/java.lang.reflect.Method.invoke(Method.java:578)
at org.testng.internal.MethodInvocationHelper.invokeMethod(MethodInvocationHelper.java:133)
at org.testng.internal.TestInvoker.invokeMethod(TestInvoker.java:598)
at org.testng.internal.TestInvoker.invokeTestMethod(TestInvoker.java:173)
at org.testng.internal.MethodRunner.runInSequence(MethodRunner.java:46)
at org.testng.internal.TestInvoker$MethodInvocationAgent.invoke(TestInvoker.java:824)
at org.testng.internal.TestInvoker.invokeTestMethods(TestInvoker.java:146)
at org.testng.internal.TestMethodWorker.invokeTestMethods(TestMethodWorker.java:146)
at org.testng.internal.TestMethodWorker.run(TestMethodWorker.java:128)
at java.base/java.util.ArrayList.forEach(ArrayList.java:1511)
at org.testng.TestRunner.privateRun(TestRunner.java:794)
at org.testng.TestRunner.run(TestRunner.java:596)
at org.testng.SuiteRunner.runTest(SuiteRunner.java:377)
at org.testng.SuiteRunner.runSequentially(SuiteRunner.java:371)
at org.testng.SuiteRunner.privateRun(SuiteRunner.java:332)
at org.testng.SuiteRunner.run(SuiteRunner.java:276)
at org.testng.SuiteRunnerWorker.runSuite(SuiteRunnerWorker.java:53)
at org.testng.SuiteRunnerWorker.run(SuiteRunnerWorker.java:96)
at org.testng.TestNG.runSuitesSequentially(TestNG.java:1212)
at org.testng.TestNG.runSuitesLocally(TestNG.java:1134)
at org.testng.TestNG.runSuites(TestNG.java:1063)
at org.testng.TestNG.run(TestNG.java:1031)
at org.testng.remote.AbstractRemoteTestNG.run(AbstractRemoteTestNG.java:115)
at org.testng.remote.RemoteTestNG.initAndRun(RemoteTestNG.java:251)
at org.testng.remote.RemoteTestNG.main(RemoteTestNG.java:77)
]]>
    </error>
  </testcase> <!-- CaseOpen -->
  <system-out/>
  <testcase classname="litigationManagement.CFO" name="CaseExistingData" time="153.962"/>
  <system-out/>
  <testcase classname="litigationManagement.CFO" name="CaseWithInvalidData" time="152.964"/>
  <system-out/>
  <testcase classname="litigationManagement.CFO" name="CaseWithTwoFieldsData" time="44.111"/>
  <system-out/>
  <testcase classname="litigationManagement.CFO" name="CaseWithEmptyFields" time="35.402"/>
  <system-out/>
  <testcase classname="litigationManagement.CFO" name="CaseWithClearBtn" time="57.617"/>
  <system-out/>
  <testcase classname="litigationManagement.CFO" name="LinkCase" time="42.533"/>
  <system-out/>
  <testcase classname="litigationManagement.CFO" name="LinkCaseViewIcon" time="47.687"/>
  <system-out/>
  <testcase classname="litigationManagement.CFO" name="LinkCaseDeleteIcon" time="48.529"/>
  <system-out/>
  <testcase classname="litigationManagement.CFO" name="CaseDocument" time="77.959">
    <error message="no such element: Unable to locate element: {&quot;method&quot;:&quot;xpath&quot;,&quot;selector&quot;:&quot;//*[@id=&#039;btnCancel&#039;]&quot;}
  (Session info: chrome=130.0.6723.117)
For documentation on this error, please visit: http://seleniumhq.org/exceptions/no_such_element.html
Build info: version: &#039;3.141.0&#039;, revision: &#039;2ecb7d9a&#039;, time: &#039;2018-10-31T20:09:30&#039;
System info: host: &#039;TRPL-PUN-0115&#039;, ip: &#039;172.18.16.1&#039;, os.name: &#039;Windows 10&#039;, os.arch: &#039;amd64&#039;, os.version: &#039;10.0&#039;, java.version: &#039;20&#039;
Driver info: org.openqa.selenium.chrome.ChromeDriver
Capabilities {acceptInsecureCerts: false, browserName: chrome, browserVersion: 130.0.6723.117, chrome: {chromedriverVersion: 130.0.6723.116 (6ac35f94ae3..., userDataDir: C:\Users\snehalp\AppData\Lo...}, fedcm:accounts: true, goog:chromeOptions: {debuggerAddress: localhost:49165}, javascriptEnabled: true, networkConnectionEnabled: false, pageLoadStrategy: normal, platform: WINDOWS, platformName: WINDOWS, proxy: Proxy(), setWindowRect: true, strictFileInteractability: false, timeouts: {implicit: 0, pageLoad: 300000, script: 30000}, unhandledPromptBehavior: dismiss and notify, webauthn:extension:credBlob: true, webauthn:extension:largeBlob: true, webauthn:extension:minPinLength: true, webauthn:extension:prf: true, webauthn:virtualAuthenticators: true}
Session ID: c316efd20493a00e43360fc8c93d54a4
*** Element info: {Using=xpath, value=//*[@id=&#039;btnCancel&#039;]}" type="org.openqa.selenium.NoSuchElementException">
      <![CDATA[org.openqa.selenium.NoSuchElementException: no such element: Unable to locate element: {"method":"xpath","selector":"//*[@id='btnCancel']"}
  (Session info: chrome=130.0.6723.117)
For documentation on this error, please visit: http://seleniumhq.org/exceptions/no_such_element.html
Build info: version: '3.141.0', revision: '2ecb7d9a', time: '2018-10-31T20:09:30'
System info: host: 'TRPL-PUN-0115', ip: '172.18.16.1', os.name: 'Windows 10', os.arch: 'amd64', os.version: '10.0', java.version: '20'
Driver info: org.openqa.selenium.chrome.ChromeDriver
Capabilities {acceptInsecureCerts: false, browserName: chrome, browserVersion: 130.0.6723.117, chrome: {chromedriverVersion: 130.0.6723.116 (6ac35f94ae3..., userDataDir: C:\Users\snehalp\AppData\Lo...}, fedcm:accounts: true, goog:chromeOptions: {debuggerAddress: localhost:49165}, javascriptEnabled: true, networkConnectionEnabled: false, pageLoadStrategy: normal, platform: WINDOWS, platformName: WINDOWS, proxy: Proxy(), setWindowRect: true, strictFileInteractability: false, timeouts: {implicit: 0, pageLoad: 300000, script: 30000}, unhandledPromptBehavior: dismiss and notify, webauthn:extension:credBlob: true, webauthn:extension:largeBlob: true, webauthn:extension:minPinLength: true, webauthn:extension:prf: true, webauthn:virtualAuthenticators: true}
Session ID: c316efd20493a00e43360fc8c93d54a4
*** Element info: {Using=xpath, value=//*[@id='btnCancel']}
at java.base/jdk.internal.reflect.DirectConstructorHandleAccessor.newInstance(DirectConstructorHandleAccessor.java:67)
at java.base/java.lang.reflect.Constructor.newInstanceWithCaller(Constructor.java:500)
at java.base/java.lang.reflect.Constructor.newInstance(Constructor.java:484)
at org.openqa.selenium.remote.http.W3CHttpResponseCodec.createException(W3CHttpResponseCodec.java:187)
at org.openqa.selenium.remote.http.W3CHttpResponseCodec.decode(W3CHttpResponseCodec.java:122)
at org.openqa.selenium.remote.http.W3CHttpResponseCodec.decode(W3CHttpResponseCodec.java:49)
at org.openqa.selenium.remote.HttpCommandExecutor.execute(HttpCommandExecutor.java:158)
at org.openqa.selenium.remote.service.DriverCommandExecutor.execute(DriverCommandExecutor.java:83)
at org.openqa.selenium.remote.RemoteWebDriver.execute(RemoteWebDriver.java:552)
at org.openqa.selenium.remote.RemoteWebDriver.findElement(RemoteWebDriver.java:323)
at org.openqa.selenium.remote.RemoteWebDriver.findElementByXPath(RemoteWebDriver.java:428)
at org.openqa.selenium.By$ByXPath.findElement(By.java:353)
at org.openqa.selenium.remote.RemoteWebDriver.findElement(RemoteWebDriver.java:315)
at litigationAdditionalOwner.performerPOM.clickNoticeDocumentshareclosepopupcfo(performerPOM.java:5839)
at litigationManagement.CFOMethod.Document(CFOMethod.java:6010)
at litigationManagement.CFO.CaseDocument(CFO.java:712)
at java.base/jdk.internal.reflect.DirectMethodHandleAccessor.invoke(DirectMethodHandleAccessor.java:104)
at java.base/java.lang.reflect.Method.invoke(Method.java:578)
at org.testng.internal.MethodInvocationHelper.invokeMethod(MethodInvocationHelper.java:133)
at org.testng.internal.TestInvoker.invokeMethod(TestInvoker.java:598)
at org.testng.internal.TestInvoker.invokeTestMethod(TestInvoker.java:173)
at org.testng.internal.MethodRunner.runInSequence(MethodRunner.java:46)
at org.testng.internal.TestInvoker$MethodInvocationAgent.invoke(TestInvoker.java:824)
at org.testng.internal.TestInvoker.invokeTestMethods(TestInvoker.java:146)
at org.testng.internal.TestMethodWorker.invokeTestMethods(TestMethodWorker.java:146)
at org.testng.internal.TestMethodWorker.run(TestMethodWorker.java:128)
at java.base/java.util.ArrayList.forEach(ArrayList.java:1511)
at org.testng.TestRunner.privateRun(TestRunner.java:794)
at org.testng.TestRunner.run(TestRunner.java:596)
at org.testng.SuiteRunner.runTest(SuiteRunner.java:377)
at org.testng.SuiteRunner.runSequentially(SuiteRunner.java:371)
at org.testng.SuiteRunner.privateRun(SuiteRunner.java:332)
at org.testng.SuiteRunner.run(SuiteRunner.java:276)
at org.testng.SuiteRunnerWorker.runSuite(SuiteRunnerWorker.java:53)
at org.testng.SuiteRunnerWorker.run(SuiteRunnerWorker.java:96)
at org.testng.TestNG.runSuitesSequentially(TestNG.java:1212)
at org.testng.TestNG.runSuitesLocally(TestNG.java:1134)
at org.testng.TestNG.runSuites(TestNG.java:1063)
at org.testng.TestNG.run(TestNG.java:1031)
at org.testng.remote.AbstractRemoteTestNG.run(AbstractRemoteTestNG.java:115)
at org.testng.remote.RemoteTestNG.initAndRun(RemoteTestNG.java:251)
at org.testng.remote.RemoteTestNG.main(RemoteTestNG.java:77)
]]>
    </error>
  </testcase> <!-- CaseDocument -->
  <system-out/>
  <testcase classname="litigationManagement.CFO" name="CaseWithoutUploadDocument" time="48.790"/>
  <system-out/>
  <testcase classname="litigationManagement.CFO" name="CaseDocumentEmptyFields" time="45.275"/>
  <system-out/>
  <testcase classname="litigationManagement.CFO" name="CaseDocumentSearchFields" time="45.200"/>
  <system-out/>
  <testcase classname="litigationManagement.CFO" name="CaseDocumentShareInvalidData" time="61.411"/>
  <system-out/>
  <testcase classname="litigationManagement.CFO" name="CaseDocumentShareWithoutData" time="56.530"/>
  <system-out/>
  <testcase classname="litigationManagement.CFO" name="CaseDocumentShareCloseBtn" time="51.495"/>
  <system-out/>
  <testcase classname="litigationManagement.CFO" name="CaseSendMailWithDoc" time="69.518"/>
  <system-out/>
  <testcase classname="litigationManagement.CFO" name="CaseSendMailWithDocInvalidFields" time="72.164"/>
  <system-out/>
  <testcase classname="litigationManagement.CFO" name="CaseSendMailWithDocEmptyFields" time="66.122"/>
  <system-out/>
  <testcase classname="litigationManagement.CFO" name="CaseTaskActivity" time="117.452">
    <error message="no such element: Unable to locate element: {&quot;method&quot;:&quot;xpath&quot;,&quot;selector&quot;:&quot;//*[@id=&#039;divShowDialog&#039;]/div/div/div[1]/button&quot;}
  (Session info: chrome=130.0.6723.117)
For documentation on this error, please visit: http://seleniumhq.org/exceptions/no_such_element.html
Build info: version: &#039;3.141.0&#039;, revision: &#039;2ecb7d9a&#039;, time: &#039;2018-10-31T20:09:30&#039;
System info: host: &#039;TRPL-PUN-0115&#039;, ip: &#039;172.18.16.1&#039;, os.name: &#039;Windows 10&#039;, os.arch: &#039;amd64&#039;, os.version: &#039;10.0&#039;, java.version: &#039;20&#039;
Driver info: org.openqa.selenium.chrome.ChromeDriver
Capabilities {acceptInsecureCerts: false, browserName: chrome, browserVersion: 130.0.6723.117, chrome: {chromedriverVersion: 130.0.6723.116 (6ac35f94ae3..., userDataDir: C:\Users\snehalp\AppData\Lo...}, fedcm:accounts: true, goog:chromeOptions: {debuggerAddress: localhost:49983}, javascriptEnabled: true, networkConnectionEnabled: false, pageLoadStrategy: normal, platform: WINDOWS, platformName: WINDOWS, proxy: Proxy(), setWindowRect: true, strictFileInteractability: false, timeouts: {implicit: 0, pageLoad: 300000, script: 30000}, unhandledPromptBehavior: dismiss and notify, webauthn:extension:credBlob: true, webauthn:extension:largeBlob: true, webauthn:extension:minPinLength: true, webauthn:extension:prf: true, webauthn:virtualAuthenticators: true}
Session ID: 94b63b9a4b19553b3e11d84a17cecdbf
*** Element info: {Using=xpath, value=//*[@id=&#039;divShowDialog&#039;]/div/div/div[1]/button}" type="org.openqa.selenium.NoSuchElementException">
      <![CDATA[org.openqa.selenium.NoSuchElementException: no such element: Unable to locate element: {"method":"xpath","selector":"//*[@id='divShowDialog']/div/div/div[1]/button"}
  (Session info: chrome=130.0.6723.117)
For documentation on this error, please visit: http://seleniumhq.org/exceptions/no_such_element.html
Build info: version: '3.141.0', revision: '2ecb7d9a', time: '2018-10-31T20:09:30'
System info: host: 'TRPL-PUN-0115', ip: '172.18.16.1', os.name: 'Windows 10', os.arch: 'amd64', os.version: '10.0', java.version: '20'
Driver info: org.openqa.selenium.chrome.ChromeDriver
Capabilities {acceptInsecureCerts: false, browserName: chrome, browserVersion: 130.0.6723.117, chrome: {chromedriverVersion: 130.0.6723.116 (6ac35f94ae3..., userDataDir: C:\Users\snehalp\AppData\Lo...}, fedcm:accounts: true, goog:chromeOptions: {debuggerAddress: localhost:49983}, javascriptEnabled: true, networkConnectionEnabled: false, pageLoadStrategy: normal, platform: WINDOWS, platformName: WINDOWS, proxy: Proxy(), setWindowRect: true, strictFileInteractability: false, timeouts: {implicit: 0, pageLoad: 300000, script: 30000}, unhandledPromptBehavior: dismiss and notify, webauthn:extension:credBlob: true, webauthn:extension:largeBlob: true, webauthn:extension:minPinLength: true, webauthn:extension:prf: true, webauthn:virtualAuthenticators: true}
Session ID: 94b63b9a4b19553b3e11d84a17cecdbf
*** Element info: {Using=xpath, value=//*[@id='divShowDialog']/div/div/div[1]/button}
at java.base/jdk.internal.reflect.DirectConstructorHandleAccessor.newInstance(DirectConstructorHandleAccessor.java:67)
at java.base/java.lang.reflect.Constructor.newInstanceWithCaller(Constructor.java:500)
at java.base/java.lang.reflect.Constructor.newInstance(Constructor.java:484)
at org.openqa.selenium.remote.http.W3CHttpResponseCodec.createException(W3CHttpResponseCodec.java:187)
at org.openqa.selenium.remote.http.W3CHttpResponseCodec.decode(W3CHttpResponseCodec.java:122)
at org.openqa.selenium.remote.http.W3CHttpResponseCodec.decode(W3CHttpResponseCodec.java:49)
at org.openqa.selenium.remote.HttpCommandExecutor.execute(HttpCommandExecutor.java:158)
at org.openqa.selenium.remote.service.DriverCommandExecutor.execute(DriverCommandExecutor.java:83)
at org.openqa.selenium.remote.RemoteWebDriver.execute(RemoteWebDriver.java:552)
at org.openqa.selenium.remote.RemoteWebDriver.findElement(RemoteWebDriver.java:323)
at org.openqa.selenium.remote.RemoteWebDriver.findElementByXPath(RemoteWebDriver.java:428)
at org.openqa.selenium.By$ByXPath.findElement(By.java:353)
at org.openqa.selenium.remote.RemoteWebDriver.findElement(RemoteWebDriver.java:315)
at litigationAdditionalOwner.performerPOM.clickNoticeTaskCloseResponsecfo(performerPOM.java:5930)
at litigationManagement.CFOMethod.TaskActivity1(CFOMethod.java:6198)
at litigationManagement.CFO.CaseTaskActivity(CFO.java:826)
at java.base/jdk.internal.reflect.DirectMethodHandleAccessor.invoke(DirectMethodHandleAccessor.java:104)
at java.base/java.lang.reflect.Method.invoke(Method.java:578)
at org.testng.internal.MethodInvocationHelper.invokeMethod(MethodInvocationHelper.java:133)
at org.testng.internal.TestInvoker.invokeMethod(TestInvoker.java:598)
at org.testng.internal.TestInvoker.invokeTestMethod(TestInvoker.java:173)
at org.testng.internal.MethodRunner.runInSequence(MethodRunner.java:46)
at org.testng.internal.TestInvoker$MethodInvocationAgent.invoke(TestInvoker.java:824)
at org.testng.internal.TestInvoker.invokeTestMethods(TestInvoker.java:146)
at org.testng.internal.TestMethodWorker.invokeTestMethods(TestMethodWorker.java:146)
at org.testng.internal.TestMethodWorker.run(TestMethodWorker.java:128)
at java.base/java.util.ArrayList.forEach(ArrayList.java:1511)
at org.testng.TestRunner.privateRun(TestRunner.java:794)
at org.testng.TestRunner.run(TestRunner.java:596)
at org.testng.SuiteRunner.runTest(SuiteRunner.java:377)
at org.testng.SuiteRunner.runSequentially(SuiteRunner.java:371)
at org.testng.SuiteRunner.privateRun(SuiteRunner.java:332)
at org.testng.SuiteRunner.run(SuiteRunner.java:276)
at org.testng.SuiteRunnerWorker.runSuite(SuiteRunnerWorker.java:53)
at org.testng.SuiteRunnerWorker.run(SuiteRunnerWorker.java:96)
at org.testng.TestNG.runSuitesSequentially(TestNG.java:1212)
at org.testng.TestNG.runSuitesLocally(TestNG.java:1134)
at org.testng.TestNG.runSuites(TestNG.java:1063)
at org.testng.TestNG.run(TestNG.java:1031)
at org.testng.remote.AbstractRemoteTestNG.run(AbstractRemoteTestNG.java:115)
at org.testng.remote.RemoteTestNG.initAndRun(RemoteTestNG.java:251)
at org.testng.remote.RemoteTestNG.main(RemoteTestNG.java:77)
]]>
    </error>
  </testcase> <!-- CaseTaskActivity -->
  <system-out/>
  <testcase classname="litigationManagement.CFO" name="CaseTaskActivityWithoutData" time="38.859"/>
  <system-out/>
  <testcase classname="litigationManagement.CFO" name="CaseTaskActivitywithExistingData" time="71.048"/>
  <system-out/>
  <testcase classname="litigationManagement.CFO" name="CaseTaskActivtityResponseWithoutStatus" time="51.737"/>
  <system-out/>
  <testcase classname="litigationManagement.CFO" name="CaseTaskActivtityResponseClearBtn" time="54.270">
    <error message="no such element: Unable to locate element: {&quot;method&quot;:&quot;xpath&quot;,&quot;selector&quot;:&quot;//*[@id=&#039;divShowDialog&#039;]/div/div/div[1]/button&quot;}
  (Session info: chrome=130.0.6723.117)
For documentation on this error, please visit: http://seleniumhq.org/exceptions/no_such_element.html
Build info: version: &#039;3.141.0&#039;, revision: &#039;2ecb7d9a&#039;, time: &#039;2018-10-31T20:09:30&#039;
System info: host: &#039;TRPL-PUN-0115&#039;, ip: &#039;172.18.16.1&#039;, os.name: &#039;Windows 10&#039;, os.arch: &#039;amd64&#039;, os.version: &#039;10.0&#039;, java.version: &#039;20&#039;
Driver info: org.openqa.selenium.chrome.ChromeDriver
Capabilities {acceptInsecureCerts: false, browserName: chrome, browserVersion: 130.0.6723.117, chrome: {chromedriverVersion: 130.0.6723.116 (6ac35f94ae3..., userDataDir: C:\Users\snehalp\AppData\Lo...}, fedcm:accounts: true, goog:chromeOptions: {debuggerAddress: localhost:51015}, javascriptEnabled: true, networkConnectionEnabled: false, pageLoadStrategy: normal, platform: WINDOWS, platformName: WINDOWS, proxy: Proxy(), setWindowRect: true, strictFileInteractability: false, timeouts: {implicit: 0, pageLoad: 300000, script: 30000}, unhandledPromptBehavior: dismiss and notify, webauthn:extension:credBlob: true, webauthn:extension:largeBlob: true, webauthn:extension:minPinLength: true, webauthn:extension:prf: true, webauthn:virtualAuthenticators: true}
Session ID: 0a94fc5509ba6aa34d97ab31f889e1c6
*** Element info: {Using=xpath, value=//*[@id=&#039;divShowDialog&#039;]/div/div/div[1]/button}" type="org.openqa.selenium.NoSuchElementException">
      <![CDATA[org.openqa.selenium.NoSuchElementException: no such element: Unable to locate element: {"method":"xpath","selector":"//*[@id='divShowDialog']/div/div/div[1]/button"}
  (Session info: chrome=130.0.6723.117)
For documentation on this error, please visit: http://seleniumhq.org/exceptions/no_such_element.html
Build info: version: '3.141.0', revision: '2ecb7d9a', time: '2018-10-31T20:09:30'
System info: host: 'TRPL-PUN-0115', ip: '172.18.16.1', os.name: 'Windows 10', os.arch: 'amd64', os.version: '10.0', java.version: '20'
Driver info: org.openqa.selenium.chrome.ChromeDriver
Capabilities {acceptInsecureCerts: false, browserName: chrome, browserVersion: 130.0.6723.117, chrome: {chromedriverVersion: 130.0.6723.116 (6ac35f94ae3..., userDataDir: C:\Users\snehalp\AppData\Lo...}, fedcm:accounts: true, goog:chromeOptions: {debuggerAddress: localhost:51015}, javascriptEnabled: true, networkConnectionEnabled: false, pageLoadStrategy: normal, platform: WINDOWS, platformName: WINDOWS, proxy: Proxy(), setWindowRect: true, strictFileInteractability: false, timeouts: {implicit: 0, pageLoad: 300000, script: 30000}, unhandledPromptBehavior: dismiss and notify, webauthn:extension:credBlob: true, webauthn:extension:largeBlob: true, webauthn:extension:minPinLength: true, webauthn:extension:prf: true, webauthn:virtualAuthenticators: true}
Session ID: 0a94fc5509ba6aa34d97ab31f889e1c6
*** Element info: {Using=xpath, value=//*[@id='divShowDialog']/div/div/div[1]/button}
at java.base/jdk.internal.reflect.DirectConstructorHandleAccessor.newInstance(DirectConstructorHandleAccessor.java:67)
at java.base/java.lang.reflect.Constructor.newInstanceWithCaller(Constructor.java:500)
at java.base/java.lang.reflect.Constructor.newInstance(Constructor.java:484)
at org.openqa.selenium.remote.http.W3CHttpResponseCodec.createException(W3CHttpResponseCodec.java:187)
at org.openqa.selenium.remote.http.W3CHttpResponseCodec.decode(W3CHttpResponseCodec.java:122)
at org.openqa.selenium.remote.http.W3CHttpResponseCodec.decode(W3CHttpResponseCodec.java:49)
at org.openqa.selenium.remote.HttpCommandExecutor.execute(HttpCommandExecutor.java:158)
at org.openqa.selenium.remote.service.DriverCommandExecutor.execute(DriverCommandExecutor.java:83)
at org.openqa.selenium.remote.RemoteWebDriver.execute(RemoteWebDriver.java:552)
at org.openqa.selenium.remote.RemoteWebDriver.findElement(RemoteWebDriver.java:323)
at org.openqa.selenium.remote.RemoteWebDriver.findElementByXPath(RemoteWebDriver.java:428)
at org.openqa.selenium.By$ByXPath.findElement(By.java:353)
at org.openqa.selenium.remote.RemoteWebDriver.findElement(RemoteWebDriver.java:315)
at litigationAdditionalOwner.performerPOM.clickNoticeTaskCloseResponsecfo(performerPOM.java:5930)
at litigationManagement.CFOMethod.CaseTaskActivtityResponseClearBtn(CFOMethod.java:23592)
at litigationManagement.CFO.CaseTaskActivtityResponseClearBtn(CFO.java:873)
at java.base/jdk.internal.reflect.DirectMethodHandleAccessor.invoke(DirectMethodHandleAccessor.java:104)
at java.base/java.lang.reflect.Method.invoke(Method.java:578)
at org.testng.internal.MethodInvocationHelper.invokeMethod(MethodInvocationHelper.java:133)
at org.testng.internal.TestInvoker.invokeMethod(TestInvoker.java:598)
at org.testng.internal.TestInvoker.invokeTestMethod(TestInvoker.java:173)
at org.testng.internal.MethodRunner.runInSequence(MethodRunner.java:46)
at org.testng.internal.TestInvoker$MethodInvocationAgent.invoke(TestInvoker.java:824)
at org.testng.internal.TestInvoker.invokeTestMethods(TestInvoker.java:146)
at org.testng.internal.TestMethodWorker.invokeTestMethods(TestMethodWorker.java:146)
at org.testng.internal.TestMethodWorker.run(TestMethodWorker.java:128)
at java.base/java.util.ArrayList.forEach(ArrayList.java:1511)
at org.testng.TestRunner.privateRun(TestRunner.java:794)
at org.testng.TestRunner.run(TestRunner.java:596)
at org.testng.SuiteRunner.runTest(SuiteRunner.java:377)
at org.testng.SuiteRunner.runSequentially(SuiteRunner.java:371)
at org.testng.SuiteRunner.privateRun(SuiteRunner.java:332)
at org.testng.SuiteRunner.run(SuiteRunner.java:276)
at org.testng.SuiteRunnerWorker.runSuite(SuiteRunnerWorker.java:53)
at org.testng.SuiteRunnerWorker.run(SuiteRunnerWorker.java:96)
at org.testng.TestNG.runSuitesSequentially(TestNG.java:1212)
at org.testng.TestNG.runSuitesLocally(TestNG.java:1134)
at org.testng.TestNG.runSuites(TestNG.java:1063)
at org.testng.TestNG.run(TestNG.java:1031)
at org.testng.remote.AbstractRemoteTestNG.run(AbstractRemoteTestNG.java:115)
at org.testng.remote.RemoteTestNG.initAndRun(RemoteTestNG.java:251)
at org.testng.remote.RemoteTestNG.main(RemoteTestNG.java:77)
]]>
    </error>
  </testcase> <!-- CaseTaskActivtityResponseClearBtn -->
  <system-out/>
  <testcase classname="litigationManagement.CFO" name="CaseHearingcfo" time="78.986"/>
  <system-out/>
  <testcase classname="litigationManagement.CFO" name="CaseExistingHearingDate" time="45.069">
    <error message="no such element: Unable to locate element: {&quot;method&quot;:&quot;xpath&quot;,&quot;selector&quot;:&quot;//*[@id=&#039;ValidationSummary1&#039;]/ul/li&quot;}
  (Session info: chrome=130.0.6723.117)
For documentation on this error, please visit: http://seleniumhq.org/exceptions/no_such_element.html
Build info: version: &#039;3.141.0&#039;, revision: &#039;2ecb7d9a&#039;, time: &#039;2018-10-31T20:09:30&#039;
System info: host: &#039;TRPL-PUN-0115&#039;, ip: &#039;172.18.16.1&#039;, os.name: &#039;Windows 10&#039;, os.arch: &#039;amd64&#039;, os.version: &#039;10.0&#039;, java.version: &#039;20&#039;
Driver info: org.openqa.selenium.chrome.ChromeDriver
Capabilities {acceptInsecureCerts: false, browserName: chrome, browserVersion: 130.0.6723.117, chrome: {chromedriverVersion: 130.0.6723.116 (6ac35f94ae3..., userDataDir: C:\Users\snehalp\AppData\Lo...}, fedcm:accounts: true, goog:chromeOptions: {debuggerAddress: localhost:51140}, javascriptEnabled: true, networkConnectionEnabled: false, pageLoadStrategy: normal, platform: WINDOWS, platformName: WINDOWS, proxy: Proxy(), setWindowRect: true, strictFileInteractability: false, timeouts: {implicit: 0, pageLoad: 300000, script: 30000}, unhandledPromptBehavior: dismiss and notify, webauthn:extension:credBlob: true, webauthn:extension:largeBlob: true, webauthn:extension:minPinLength: true, webauthn:extension:prf: true, webauthn:virtualAuthenticators: true}
Session ID: ef5825a664d1b3b5f0ee22d2e8290f94
*** Element info: {Using=xpath, value=//*[@id=&#039;ValidationSummary1&#039;]/ul/li}" type="org.openqa.selenium.NoSuchElementException">
      <![CDATA[org.openqa.selenium.NoSuchElementException: no such element: Unable to locate element: {"method":"xpath","selector":"//*[@id='ValidationSummary1']/ul/li"}
  (Session info: chrome=130.0.6723.117)
For documentation on this error, please visit: http://seleniumhq.org/exceptions/no_such_element.html
Build info: version: '3.141.0', revision: '2ecb7d9a', time: '2018-10-31T20:09:30'
System info: host: 'TRPL-PUN-0115', ip: '172.18.16.1', os.name: 'Windows 10', os.arch: 'amd64', os.version: '10.0', java.version: '20'
Driver info: org.openqa.selenium.chrome.ChromeDriver
Capabilities {acceptInsecureCerts: false, browserName: chrome, browserVersion: 130.0.6723.117, chrome: {chromedriverVersion: 130.0.6723.116 (6ac35f94ae3..., userDataDir: C:\Users\snehalp\AppData\Lo...}, fedcm:accounts: true, goog:chromeOptions: {debuggerAddress: localhost:51140}, javascriptEnabled: true, networkConnectionEnabled: false, pageLoadStrategy: normal, platform: WINDOWS, platformName: WINDOWS, proxy: Proxy(), setWindowRect: true, strictFileInteractability: false, timeouts: {implicit: 0, pageLoad: 300000, script: 30000}, unhandledPromptBehavior: dismiss and notify, webauthn:extension:credBlob: true, webauthn:extension:largeBlob: true, webauthn:extension:minPinLength: true, webauthn:extension:prf: true, webauthn:virtualAuthenticators: true}
Session ID: ef5825a664d1b3b5f0ee22d2e8290f94
*** Element info: {Using=xpath, value=//*[@id='ValidationSummary1']/ul/li}
at java.base/jdk.internal.reflect.DirectConstructorHandleAccessor.newInstance(DirectConstructorHandleAccessor.java:67)
at java.base/java.lang.reflect.Constructor.newInstanceWithCaller(Constructor.java:500)
at java.base/java.lang.reflect.Constructor.newInstance(Constructor.java:484)
at org.openqa.selenium.remote.http.W3CHttpResponseCodec.createException(W3CHttpResponseCodec.java:187)
at org.openqa.selenium.remote.http.W3CHttpResponseCodec.decode(W3CHttpResponseCodec.java:122)
at org.openqa.selenium.remote.http.W3CHttpResponseCodec.decode(W3CHttpResponseCodec.java:49)
at org.openqa.selenium.remote.HttpCommandExecutor.execute(HttpCommandExecutor.java:158)
at org.openqa.selenium.remote.service.DriverCommandExecutor.execute(DriverCommandExecutor.java:83)
at org.openqa.selenium.remote.RemoteWebDriver.execute(RemoteWebDriver.java:552)
at org.openqa.selenium.remote.RemoteWebDriver.findElement(RemoteWebDriver.java:323)
at org.openqa.selenium.remote.RemoteWebDriver.findElementByXPath(RemoteWebDriver.java:428)
at org.openqa.selenium.By$ByXPath.findElement(By.java:353)
at org.openqa.selenium.remote.RemoteWebDriver.findElement(RemoteWebDriver.java:315)
at litigationAdditionalOwner.performerPOM.clickReadHearingMsg1(performerPOM.java:6742)
at litigationManagement.CFOMethod.CaseExistingHearingData(CFOMethod.java:23652)
at litigationManagement.CFO.CaseExistingHearingDate(CFO.java:895)
at java.base/jdk.internal.reflect.DirectMethodHandleAccessor.invoke(DirectMethodHandleAccessor.java:104)
at java.base/java.lang.reflect.Method.invoke(Method.java:578)
at org.testng.internal.MethodInvocationHelper.invokeMethod(MethodInvocationHelper.java:133)
at org.testng.internal.TestInvoker.invokeMethod(TestInvoker.java:598)
at org.testng.internal.TestInvoker.invokeTestMethod(TestInvoker.java:173)
at org.testng.internal.MethodRunner.runInSequence(MethodRunner.java:46)
at org.testng.internal.TestInvoker$MethodInvocationAgent.invoke(TestInvoker.java:824)
at org.testng.internal.TestInvoker.invokeTestMethods(TestInvoker.java:146)
at org.testng.internal.TestMethodWorker.invokeTestMethods(TestMethodWorker.java:146)
at org.testng.internal.TestMethodWorker.run(TestMethodWorker.java:128)
at java.base/java.util.ArrayList.forEach(ArrayList.java:1511)
at org.testng.TestRunner.privateRun(TestRunner.java:794)
at org.testng.TestRunner.run(TestRunner.java:596)
at org.testng.SuiteRunner.runTest(SuiteRunner.java:377)
at org.testng.SuiteRunner.runSequentially(SuiteRunner.java:371)
at org.testng.SuiteRunner.privateRun(SuiteRunner.java:332)
at org.testng.SuiteRunner.run(SuiteRunner.java:276)
at org.testng.SuiteRunnerWorker.runSuite(SuiteRunnerWorker.java:53)
at org.testng.SuiteRunnerWorker.run(SuiteRunnerWorker.java:96)
at org.testng.TestNG.runSuitesSequentially(TestNG.java:1212)
at org.testng.TestNG.runSuitesLocally(TestNG.java:1134)
at org.testng.TestNG.runSuites(TestNG.java:1063)
at org.testng.TestNG.run(TestNG.java:1031)
at org.testng.remote.AbstractRemoteTestNG.run(AbstractRemoteTestNG.java:115)
at org.testng.remote.RemoteTestNG.initAndRun(RemoteTestNG.java:251)
at org.testng.remote.RemoteTestNG.main(RemoteTestNG.java:77)
]]>
    </error>
  </testcase> <!-- CaseExistingHearingDate -->
  <system-out/>
  <testcase classname="litigationManagement.CFO" name="CaseWithoutHearingData" time="41.766"/>
  <system-out/>
  <testcase classname="litigationManagement.CFO" name="CaseHearingInvalidDate" time="48.020"/>
  <system-out/>
  <testcase classname="litigationManagement.CFO" name="CaseHearingClearBtn" time="41.464"/>
  <system-out/>
  <testcase classname="litigationManagement.CFO" name="CaseOrder" time="95.272"/>
  <system-out/>
  <testcase classname="litigationManagement.CFO" name="CaseOrderExistingData" time="71.077"/>
  <system-out/>
  <testcase classname="litigationManagement.CFO" name="CaseOrderWithoutData" time="49.461"/>
  <system-out/>
  <testcase classname="litigationManagement.CFO" name="CaseOrderwithClearBtn" time="53.441"/>
  <system-out/>
  <testcase classname="litigationManagement.CFO" name="CaseStatusPayment" time="108.991"/>
  <system-out/>
  <testcase classname="litigationManagement.CFO" name="StatusPaymentExistingdata" time="80.902"/>
  <system-out/>
  <testcase classname="litigationManagement.CFO" name="StatusPaymentwithInvaliddata" time="69.595"/>
  <system-out/>
  <testcase classname="litigationManagement.CFO" name="StatusPaymentWithoutdata" time="37.702"/>
  <system-out/>
  <testcase classname="litigationManagement.CFO" name="CaseStatuswithEmptyFields" time="39.289"/>
  <system-out/>
  <testcase classname="litigationManagement.CFO" name="CaseExternalLawyerRating" time="60.242"/>
  <system-out/>
  <testcase classname="litigationManagement.CFO" name="CaseExternalLawyerWitoutRating" time="46.458"/>
  <system-out/>
  <testcase classname="litigationManagement.CFO" name="CaseExternalLawyerCriteria" time="48.958"/>
  <system-out/>
  <testcase classname="litigationManagement.CFO" name="CaseExistingCriteria" time="50.877"/>
  <system-out/>
  <testcase classname="litigationManagement.CFO" name="CaseCriteriaInvalidData" time="51.444"/>
  <system-out/>
  <testcase classname="litigationManagement.CFO" name="CaseCriteriaWithoutData" time="48.167"/>
  <system-out/>
  <testcase classname="litigationManagement.CFO" name="CaseAuditLog" time="40.533"/>
  <system-out/>
  <testcase classname="litigationManagement.CFO" name="NoticeClosedDoc" time="70.358">
    <error message="element click intercepted: Element &lt;iframe id=&quot;showdetails&quot; src=&quot;../../Litigation/aspxPages/NoticeDetailPage.aspx?AccessID=3759&amp;amp;CaseNumber=11122024&amp;amp;Title=23072024&quot; width=&quot;100%&quot; height=&quot;550px&quot; frameborder=&quot;0&quot; cd_frame_id_=&quot;1768b6207d50933d911d071c94c0cf0a&quot;&gt;&lt;/iframe&gt; is not clickable at point (311, 259). Other element would receive the click: &lt;iframe src=&quot;about:blank&quot; frameborder=&quot;0&quot; scrolling=&quot;no&quot; width=&quot;360px&quot; height=&quot;251px&quot; style=&quot;outline:none !important; visibility:visible !important; resize:none !important; box-shadow:none !important; overflow:visible !important; background:none !important; opacity:1 !important; filter:alpha(opacity=100) !important; -ms-filter:progid:DXImageTransform.Microsoft.Alpha(Opacity 1}) !important; -mz-opacity:1 !important; -khtml-opacity:1 !important; top:auto !important; right:auto !important; bottom:100px; left:20px !important; position:fixed !important; border:0 !important; min-height:251px !important; min-width:360px !important; max-height:251px !important; max-width:360px !important; padding:0 !important; margin:0 !important; -moz-transition-property:none !important; -webkit-transition-property:none !important; -o-transition-property:none !important; transition-property:none !important; transform:none !important; -webkit-transform:none !important; -ms-transform:none !important; width:360px !important; height:251px !important; display:block !important; z-index:auto !important; background-color:transparent !important; cursor:none !important; float:none !important; border-radius:unset !important; pointer-events:auto !important; clip:auto !important; color-scheme:light !important;&quot; id=&quot;f4j8k11jkjtg1731425764739&quot; class=&quot;&quot; title=&quot;chat widget&quot;&gt;&lt;/iframe&gt;
  (Session info: chrome=130.0.6723.117)
Build info: version: &#039;3.141.0&#039;, revision: &#039;2ecb7d9a&#039;, time: &#039;2018-10-31T20:09:30&#039;
System info: host: &#039;TRPL-PUN-0115&#039;, ip: &#039;172.18.16.1&#039;, os.name: &#039;Windows 10&#039;, os.arch: &#039;amd64&#039;, os.version: &#039;10.0&#039;, java.version: &#039;20&#039;
Driver info: org.openqa.selenium.chrome.ChromeDriver
Capabilities {acceptInsecureCerts: false, browserName: chrome, browserVersion: 130.0.6723.117, chrome: {chromedriverVersion: 130.0.6723.116 (6ac35f94ae3..., userDataDir: C:\Users\snehalp\AppData\Lo...}, fedcm:accounts: true, goog:chromeOptions: {debuggerAddress: localhost:52341}, javascriptEnabled: true, networkConnectionEnabled: false, pageLoadStrategy: normal, platform: WINDOWS, platformName: WINDOWS, proxy: Proxy(), setWindowRect: true, strictFileInteractability: false, timeouts: {implicit: 0, pageLoad: 300000, script: 30000}, unhandledPromptBehavior: dismiss and notify, webauthn:extension:credBlob: true, webauthn:extension:largeBlob: true, webauthn:extension:minPinLength: true, webauthn:extension:prf: true, webauthn:virtualAuthenticators: true}
Session ID: 0359549608b4cdb597dc13d67b666618" type="org.openqa.selenium.ElementClickInterceptedException">
      <![CDATA[org.openqa.selenium.ElementClickInterceptedException: element click intercepted: Element <iframe id="showdetails" src="../../Litigation/aspxPages/NoticeDetailPage.aspx?AccessID=3759&amp;CaseNumber=11122024&amp;Title=23072024" width="100%" height="550px" frameborder="0" cd_frame_id_="1768b6207d50933d911d071c94c0cf0a"></iframe> is not clickable at point (311, 259). Other element would receive the click: <iframe src="about:blank" frameborder="0" scrolling="no" width="360px" height="251px" style="outline:none !important; visibility:visible !important; resize:none !important; box-shadow:none !important; overflow:visible !important; background:none !important; opacity:1 !important; filter:alpha(opacity=100) !important; -ms-filter:progid:DXImageTransform.Microsoft.Alpha(Opacity 1}) !important; -mz-opacity:1 !important; -khtml-opacity:1 !important; top:auto !important; right:auto !important; bottom:100px; left:20px !important; position:fixed !important; border:0 !important; min-height:251px !important; min-width:360px !important; max-height:251px !important; max-width:360px !important; padding:0 !important; margin:0 !important; -moz-transition-property:none !important; -webkit-transition-property:none !important; -o-transition-property:none !important; transition-property:none !important; transform:none !important; -webkit-transform:none !important; -ms-transform:none !important; width:360px !important; height:251px !important; display:block !important; z-index:auto !important; background-color:transparent !important; cursor:none !important; float:none !important; border-radius:unset !important; pointer-events:auto !important; clip:auto !important; color-scheme:light !important;" id="f4j8k11jkjtg1731425764739" class="" title="chat widget"></iframe>
  (Session info: chrome=130.0.6723.117)
Build info: version: '3.141.0', revision: '2ecb7d9a', time: '2018-10-31T20:09:30'
System info: host: 'TRPL-PUN-0115', ip: '172.18.16.1', os.name: 'Windows 10', os.arch: 'amd64', os.version: '10.0', java.version: '20'
Driver info: org.openqa.selenium.chrome.ChromeDriver
Capabilities {acceptInsecureCerts: false, browserName: chrome, browserVersion: 130.0.6723.117, chrome: {chromedriverVersion: 130.0.6723.116 (6ac35f94ae3..., userDataDir: C:\Users\snehalp\AppData\Lo...}, fedcm:accounts: true, goog:chromeOptions: {debuggerAddress: localhost:52341}, javascriptEnabled: true, networkConnectionEnabled: false, pageLoadStrategy: normal, platform: WINDOWS, platformName: WINDOWS, proxy: Proxy(), setWindowRect: true, strictFileInteractability: false, timeouts: {implicit: 0, pageLoad: 300000, script: 30000}, unhandledPromptBehavior: dismiss and notify, webauthn:extension:credBlob: true, webauthn:extension:largeBlob: true, webauthn:extension:minPinLength: true, webauthn:extension:prf: true, webauthn:virtualAuthenticators: true}
Session ID: 0359549608b4cdb597dc13d67b666618
at java.base/jdk.internal.reflect.DirectConstructorHandleAccessor.newInstance(DirectConstructorHandleAccessor.java:67)
at java.base/java.lang.reflect.Constructor.newInstanceWithCaller(Constructor.java:500)
at java.base/java.lang.reflect.Constructor.newInstance(Constructor.java:484)
at org.openqa.selenium.remote.http.W3CHttpResponseCodec.createException(W3CHttpResponseCodec.java:187)
at org.openqa.selenium.remote.http.W3CHttpResponseCodec.decode(W3CHttpResponseCodec.java:122)
at org.openqa.selenium.remote.http.W3CHttpResponseCodec.decode(W3CHttpResponseCodec.java:49)
at org.openqa.selenium.remote.HttpCommandExecutor.execute(HttpCommandExecutor.java:158)
at org.openqa.selenium.remote.service.DriverCommandExecutor.execute(DriverCommandExecutor.java:83)
at org.openqa.selenium.remote.RemoteWebDriver.execute(RemoteWebDriver.java:552)
at org.openqa.selenium.remote.RemoteWebElement.execute(RemoteWebElement.java:285)
at org.openqa.selenium.remote.RemoteWebElement.click(RemoteWebElement.java:84)
at litigationManagement.CFOMethod.NoticeClosedDoc(CFOMethod.java:27379)
at litigationManagement.CFO.NoticeClosedDoc(CFO.java:1144)
at java.base/jdk.internal.reflect.DirectMethodHandleAccessor.invoke(DirectMethodHandleAccessor.java:104)
at java.base/java.lang.reflect.Method.invoke(Method.java:578)
at org.testng.internal.MethodInvocationHelper.invokeMethod(MethodInvocationHelper.java:133)
at org.testng.internal.TestInvoker.invokeMethod(TestInvoker.java:598)
at org.testng.internal.TestInvoker.invokeTestMethod(TestInvoker.java:173)
at org.testng.internal.MethodRunner.runInSequence(MethodRunner.java:46)
at org.testng.internal.TestInvoker$MethodInvocationAgent.invoke(TestInvoker.java:824)
at org.testng.internal.TestInvoker.invokeTestMethods(TestInvoker.java:146)
at org.testng.internal.TestMethodWorker.invokeTestMethods(TestMethodWorker.java:146)
at org.testng.internal.TestMethodWorker.run(TestMethodWorker.java:128)
at java.base/java.util.ArrayList.forEach(ArrayList.java:1511)
at org.testng.TestRunner.privateRun(TestRunner.java:794)
at org.testng.TestRunner.run(TestRunner.java:596)
at org.testng.SuiteRunner.runTest(SuiteRunner.java:377)
at org.testng.SuiteRunner.runSequentially(SuiteRunner.java:371)
at org.testng.SuiteRunner.privateRun(SuiteRunner.java:332)
at org.testng.SuiteRunner.run(SuiteRunner.java:276)
at org.testng.SuiteRunnerWorker.runSuite(SuiteRunnerWorker.java:53)
at org.testng.SuiteRunnerWorker.run(SuiteRunnerWorker.java:96)
at org.testng.TestNG.runSuitesSequentially(TestNG.java:1212)
at org.testng.TestNG.runSuitesLocally(TestNG.java:1134)
at org.testng.TestNG.runSuites(TestNG.java:1063)
at org.testng.TestNG.run(TestNG.java:1031)
at org.testng.remote.AbstractRemoteTestNG.run(AbstractRemoteTestNG.java:115)
at org.testng.remote.RemoteTestNG.initAndRun(RemoteTestNG.java:251)
at org.testng.remote.RemoteTestNG.main(RemoteTestNG.java:77)
]]>
    </error>
  </testcase> <!-- NoticeClosedDoc -->
  <system-out/>
  <testcase classname="litigationManagement.CFO" name="NoticeClosedWithoutDoc" time="69.092">
    <error message="element click intercepted: Element &lt;iframe id=&quot;showdetails&quot; src=&quot;../../Litigation/aspxPages/NoticeDetailPage.aspx?AccessID=3759&amp;amp;CaseNumber=11122024&amp;amp;Title=23072024&quot; width=&quot;100%&quot; height=&quot;550px&quot; frameborder=&quot;0&quot; cd_frame_id_=&quot;0791b02db8316cb20677b79a069abe62&quot;&gt;&lt;/iframe&gt; is not clickable at point (311, 259). Other element would receive the click: &lt;iframe src=&quot;about:blank&quot; frameborder=&quot;0&quot; scrolling=&quot;no&quot; width=&quot;360px&quot; height=&quot;251px&quot; style=&quot;outline:none !important; visibility:visible !important; resize:none !important; box-shadow:none !important; overflow:visible !important; background:none !important; opacity:1 !important; filter:alpha(opacity=100) !important; -ms-filter:progid:DXImageTransform.Microsoft.Alpha(Opacity 1}) !important; -mz-opacity:1 !important; -khtml-opacity:1 !important; top:auto !important; right:auto !important; bottom:100px; left:20px !important; position:fixed !important; border:0 !important; min-height:251px !important; min-width:360px !important; max-height:251px !important; max-width:360px !important; padding:0 !important; margin:0 !important; -moz-transition-property:none !important; -webkit-transition-property:none !important; -o-transition-property:none !important; transition-property:none !important; transform:none !important; -webkit-transform:none !important; -ms-transform:none !important; width:360px !important; height:251px !important; display:block !important; z-index:auto !important; background-color:transparent !important; cursor:none !important; float:none !important; border-radius:unset !important; pointer-events:auto !important; clip:auto !important; color-scheme:light !important;&quot; id=&quot;dvjsirobi17o1731425835182&quot; class=&quot;&quot; title=&quot;chat widget&quot;&gt;&lt;/iframe&gt;
  (Session info: chrome=130.0.6723.117)
Build info: version: &#039;3.141.0&#039;, revision: &#039;2ecb7d9a&#039;, time: &#039;2018-10-31T20:09:30&#039;
System info: host: &#039;TRPL-PUN-0115&#039;, ip: &#039;172.18.16.1&#039;, os.name: &#039;Windows 10&#039;, os.arch: &#039;amd64&#039;, os.version: &#039;10.0&#039;, java.version: &#039;20&#039;
Driver info: org.openqa.selenium.chrome.ChromeDriver
Capabilities {acceptInsecureCerts: false, browserName: chrome, browserVersion: 130.0.6723.117, chrome: {chromedriverVersion: 130.0.6723.116 (6ac35f94ae3..., userDataDir: C:\Users\snehalp\AppData\Lo...}, fedcm:accounts: true, goog:chromeOptions: {debuggerAddress: localhost:52415}, javascriptEnabled: true, networkConnectionEnabled: false, pageLoadStrategy: normal, platform: WINDOWS, platformName: WINDOWS, proxy: Proxy(), setWindowRect: true, strictFileInteractability: false, timeouts: {implicit: 0, pageLoad: 300000, script: 30000}, unhandledPromptBehavior: dismiss and notify, webauthn:extension:credBlob: true, webauthn:extension:largeBlob: true, webauthn:extension:minPinLength: true, webauthn:extension:prf: true, webauthn:virtualAuthenticators: true}
Session ID: 75370c6800c091b60267ede859f74372" type="org.openqa.selenium.ElementClickInterceptedException">
      <![CDATA[org.openqa.selenium.ElementClickInterceptedException: element click intercepted: Element <iframe id="showdetails" src="../../Litigation/aspxPages/NoticeDetailPage.aspx?AccessID=3759&amp;CaseNumber=11122024&amp;Title=23072024" width="100%" height="550px" frameborder="0" cd_frame_id_="0791b02db8316cb20677b79a069abe62"></iframe> is not clickable at point (311, 259). Other element would receive the click: <iframe src="about:blank" frameborder="0" scrolling="no" width="360px" height="251px" style="outline:none !important; visibility:visible !important; resize:none !important; box-shadow:none !important; overflow:visible !important; background:none !important; opacity:1 !important; filter:alpha(opacity=100) !important; -ms-filter:progid:DXImageTransform.Microsoft.Alpha(Opacity 1}) !important; -mz-opacity:1 !important; -khtml-opacity:1 !important; top:auto !important; right:auto !important; bottom:100px; left:20px !important; position:fixed !important; border:0 !important; min-height:251px !important; min-width:360px !important; max-height:251px !important; max-width:360px !important; padding:0 !important; margin:0 !important; -moz-transition-property:none !important; -webkit-transition-property:none !important; -o-transition-property:none !important; transition-property:none !important; transform:none !important; -webkit-transform:none !important; -ms-transform:none !important; width:360px !important; height:251px !important; display:block !important; z-index:auto !important; background-color:transparent !important; cursor:none !important; float:none !important; border-radius:unset !important; pointer-events:auto !important; clip:auto !important; color-scheme:light !important;" id="dvjsirobi17o1731425835182" class="" title="chat widget"></iframe>
  (Session info: chrome=130.0.6723.117)
Build info: version: '3.141.0', revision: '2ecb7d9a', time: '2018-10-31T20:09:30'
System info: host: 'TRPL-PUN-0115', ip: '172.18.16.1', os.name: 'Windows 10', os.arch: 'amd64', os.version: '10.0', java.version: '20'
Driver info: org.openqa.selenium.chrome.ChromeDriver
Capabilities {acceptInsecureCerts: false, browserName: chrome, browserVersion: 130.0.6723.117, chrome: {chromedriverVersion: 130.0.6723.116 (6ac35f94ae3..., userDataDir: C:\Users\snehalp\AppData\Lo...}, fedcm:accounts: true, goog:chromeOptions: {debuggerAddress: localhost:52415}, javascriptEnabled: true, networkConnectionEnabled: false, pageLoadStrategy: normal, platform: WINDOWS, platformName: WINDOWS, proxy: Proxy(), setWindowRect: true, strictFileInteractability: false, timeouts: {implicit: 0, pageLoad: 300000, script: 30000}, unhandledPromptBehavior: dismiss and notify, webauthn:extension:credBlob: true, webauthn:extension:largeBlob: true, webauthn:extension:minPinLength: true, webauthn:extension:prf: true, webauthn:virtualAuthenticators: true}
Session ID: 75370c6800c091b60267ede859f74372
at java.base/jdk.internal.reflect.DirectConstructorHandleAccessor.newInstance(DirectConstructorHandleAccessor.java:67)
at java.base/java.lang.reflect.Constructor.newInstanceWithCaller(Constructor.java:500)
at java.base/java.lang.reflect.Constructor.newInstance(Constructor.java:484)
at org.openqa.selenium.remote.http.W3CHttpResponseCodec.createException(W3CHttpResponseCodec.java:187)
at org.openqa.selenium.remote.http.W3CHttpResponseCodec.decode(W3CHttpResponseCodec.java:122)
at org.openqa.selenium.remote.http.W3CHttpResponseCodec.decode(W3CHttpResponseCodec.java:49)
at org.openqa.selenium.remote.HttpCommandExecutor.execute(HttpCommandExecutor.java:158)
at org.openqa.selenium.remote.service.DriverCommandExecutor.execute(DriverCommandExecutor.java:83)
at org.openqa.selenium.remote.RemoteWebDriver.execute(RemoteWebDriver.java:552)
at org.openqa.selenium.remote.RemoteWebElement.execute(RemoteWebElement.java:285)
at org.openqa.selenium.remote.RemoteWebElement.click(RemoteWebElement.java:84)
at litigationManagement.CFOMethod.NoticeClosedWithoutDoc(CFOMethod.java:28074)
at litigationManagement.CFO.NoticeClosedWithoutDoc(CFO.java:1154)
at java.base/jdk.internal.reflect.DirectMethodHandleAccessor.invoke(DirectMethodHandleAccessor.java:104)
at java.base/java.lang.reflect.Method.invoke(Method.java:578)
at org.testng.internal.MethodInvocationHelper.invokeMethod(MethodInvocationHelper.java:133)
at org.testng.internal.TestInvoker.invokeMethod(TestInvoker.java:598)
at org.testng.internal.TestInvoker.invokeTestMethod(TestInvoker.java:173)
at org.testng.internal.MethodRunner.runInSequence(MethodRunner.java:46)
at org.testng.internal.TestInvoker$MethodInvocationAgent.invoke(TestInvoker.java:824)
at org.testng.internal.TestInvoker.invokeTestMethods(TestInvoker.java:146)
at org.testng.internal.TestMethodWorker.invokeTestMethods(TestMethodWorker.java:146)
at org.testng.internal.TestMethodWorker.run(TestMethodWorker.java:128)
at java.base/java.util.ArrayList.forEach(ArrayList.java:1511)
at org.testng.TestRunner.privateRun(TestRunner.java:794)
at org.testng.TestRunner.run(TestRunner.java:596)
at org.testng.SuiteRunner.runTest(SuiteRunner.java:377)
at org.testng.SuiteRunner.runSequentially(SuiteRunner.java:371)
at org.testng.SuiteRunner.privateRun(SuiteRunner.java:332)
at org.testng.SuiteRunner.run(SuiteRunner.java:276)
at org.testng.SuiteRunnerWorker.runSuite(SuiteRunnerWorker.java:53)
at org.testng.SuiteRunnerWorker.run(SuiteRunnerWorker.java:96)
at org.testng.TestNG.runSuitesSequentially(TestNG.java:1212)
at org.testng.TestNG.runSuitesLocally(TestNG.java:1134)
at org.testng.TestNG.runSuites(TestNG.java:1063)
at org.testng.TestNG.run(TestNG.java:1031)
at org.testng.remote.AbstractRemoteTestNG.run(AbstractRemoteTestNG.java:115)
at org.testng.remote.RemoteTestNG.initAndRun(RemoteTestNG.java:251)
at org.testng.remote.RemoteTestNG.main(RemoteTestNG.java:77)
]]>
    </error>
  </testcase> <!-- NoticeClosedWithoutDoc -->
  <system-out/>
  <testcase classname="litigationManagement.CFO" name="CaseClosedDoc" time="122.638"/>
  <system-out/>
  <testcase classname="litigationManagement.CFO" name="CaseClosedWithoutDoc" time="101.248"/>
  <system-out/>
  <testcase classname="litigationManagement.CFO" name="TaskOpen" time="67.984"/>
  <system-out/>
  <testcase classname="litigationManagement.CFO" name="TaskwithExistingData" time="37.910"/>
  <system-out/>
  <testcase classname="litigationManagement.CFO" name="TaskwithTwoManadatoryFields" time="25.574"/>
  <system-out/>
  <testcase classname="litigationManagement.CFO" name="TaskwithoutData" time="25.282"/>
  <system-out/>
  <testcase classname="litigationManagement.CFO" name="TaskwithClearBtn" time="18.989">
    <error message="element not interactable
  (Session info: chrome=130.0.6723.117)
Build info: version: &#039;3.141.0&#039;, revision: &#039;2ecb7d9a&#039;, time: &#039;2018-10-31T20:09:30&#039;
System info: host: &#039;TRPL-PUN-0115&#039;, ip: &#039;172.18.16.1&#039;, os.name: &#039;Windows 10&#039;, os.arch: &#039;amd64&#039;, os.version: &#039;10.0&#039;, java.version: &#039;20&#039;
Driver info: org.openqa.selenium.chrome.ChromeDriver
Capabilities {acceptInsecureCerts: false, browserName: chrome, browserVersion: 130.0.6723.117, chrome: {chromedriverVersion: 130.0.6723.116 (6ac35f94ae3..., userDataDir: C:\Users\snehalp\AppData\Lo...}, fedcm:accounts: true, goog:chromeOptions: {debuggerAddress: localhost:52866}, javascriptEnabled: true, networkConnectionEnabled: false, pageLoadStrategy: normal, platform: WINDOWS, platformName: WINDOWS, proxy: Proxy(), setWindowRect: true, strictFileInteractability: false, timeouts: {implicit: 0, pageLoad: 300000, script: 30000}, unhandledPromptBehavior: dismiss and notify, webauthn:extension:credBlob: true, webauthn:extension:largeBlob: true, webauthn:extension:minPinLength: true, webauthn:extension:prf: true, webauthn:virtualAuthenticators: true}
Session ID: b6161a71178605ebf7796053bc697036" type="org.openqa.selenium.ElementNotInteractableException">
      <![CDATA[org.openqa.selenium.ElementNotInteractableException: element not interactable
  (Session info: chrome=130.0.6723.117)
Build info: version: '3.141.0', revision: '2ecb7d9a', time: '2018-10-31T20:09:30'
System info: host: 'TRPL-PUN-0115', ip: '172.18.16.1', os.name: 'Windows 10', os.arch: 'amd64', os.version: '10.0', java.version: '20'
Driver info: org.openqa.selenium.chrome.ChromeDriver
Capabilities {acceptInsecureCerts: false, browserName: chrome, browserVersion: 130.0.6723.117, chrome: {chromedriverVersion: 130.0.6723.116 (6ac35f94ae3..., userDataDir: C:\Users\snehalp\AppData\Lo...}, fedcm:accounts: true, goog:chromeOptions: {debuggerAddress: localhost:52866}, javascriptEnabled: true, networkConnectionEnabled: false, pageLoadStrategy: normal, platform: WINDOWS, platformName: WINDOWS, proxy: Proxy(), setWindowRect: true, strictFileInteractability: false, timeouts: {implicit: 0, pageLoad: 300000, script: 30000}, unhandledPromptBehavior: dismiss and notify, webauthn:extension:credBlob: true, webauthn:extension:largeBlob: true, webauthn:extension:minPinLength: true, webauthn:extension:prf: true, webauthn:virtualAuthenticators: true}
Session ID: b6161a71178605ebf7796053bc697036
at java.base/jdk.internal.reflect.DirectConstructorHandleAccessor.newInstance(DirectConstructorHandleAccessor.java:67)
at java.base/java.lang.reflect.Constructor.newInstanceWithCaller(Constructor.java:500)
at java.base/java.lang.reflect.Constructor.newInstance(Constructor.java:484)
at org.openqa.selenium.remote.http.W3CHttpResponseCodec.createException(W3CHttpResponseCodec.java:187)
at org.openqa.selenium.remote.http.W3CHttpResponseCodec.decode(W3CHttpResponseCodec.java:122)
at org.openqa.selenium.remote.http.W3CHttpResponseCodec.decode(W3CHttpResponseCodec.java:49)
at org.openqa.selenium.remote.HttpCommandExecutor.execute(HttpCommandExecutor.java:158)
at org.openqa.selenium.remote.service.DriverCommandExecutor.execute(DriverCommandExecutor.java:83)
at org.openqa.selenium.remote.RemoteWebDriver.execute(RemoteWebDriver.java:552)
at org.openqa.selenium.remote.RemoteWebElement.execute(RemoteWebElement.java:285)
at org.openqa.selenium.remote.RemoteWebElement.sendKeys(RemoteWebElement.java:106)
at litigationManagement.CFOMethod.TaskwithClearBtn(CFOMethod.java:24541)
at litigationManagement.CFO.TaskwithClearBtn(CFO.java:1236)
at java.base/jdk.internal.reflect.DirectMethodHandleAccessor.invoke(DirectMethodHandleAccessor.java:104)
at java.base/java.lang.reflect.Method.invoke(Method.java:578)
at org.testng.internal.MethodInvocationHelper.invokeMethod(MethodInvocationHelper.java:133)
at org.testng.internal.TestInvoker.invokeMethod(TestInvoker.java:598)
at org.testng.internal.TestInvoker.invokeTestMethod(TestInvoker.java:173)
at org.testng.internal.MethodRunner.runInSequence(MethodRunner.java:46)
at org.testng.internal.TestInvoker$MethodInvocationAgent.invoke(TestInvoker.java:824)
at org.testng.internal.TestInvoker.invokeTestMethods(TestInvoker.java:146)
at org.testng.internal.TestMethodWorker.invokeTestMethods(TestMethodWorker.java:146)
at org.testng.internal.TestMethodWorker.run(TestMethodWorker.java:128)
at java.base/java.util.ArrayList.forEach(ArrayList.java:1511)
at org.testng.TestRunner.privateRun(TestRunner.java:794)
at org.testng.TestRunner.run(TestRunner.java:596)
at org.testng.SuiteRunner.runTest(SuiteRunner.java:377)
at org.testng.SuiteRunner.runSequentially(SuiteRunner.java:371)
at org.testng.SuiteRunner.privateRun(SuiteRunner.java:332)
at org.testng.SuiteRunner.run(SuiteRunner.java:276)
at org.testng.SuiteRunnerWorker.runSuite(SuiteRunnerWorker.java:53)
at org.testng.SuiteRunnerWorker.run(SuiteRunnerWorker.java:96)
at org.testng.TestNG.runSuitesSequentially(TestNG.java:1212)
at org.testng.TestNG.runSuitesLocally(TestNG.java:1134)
at org.testng.TestNG.runSuites(TestNG.java:1063)
at org.testng.TestNG.run(TestNG.java:1031)
at org.testng.remote.AbstractRemoteTestNG.run(AbstractRemoteTestNG.java:115)
at org.testng.remote.RemoteTestNG.initAndRun(RemoteTestNG.java:251)
at org.testng.remote.RemoteTestNG.main(RemoteTestNG.java:77)
]]>
    </error>
  </testcase> <!-- TaskwithClearBtn -->
  <system-out/>
  <testcase classname="litigationManagement.CFO" name="TaskDelete" time="26.891"/>
  <system-out/>
  <testcase classname="litigationManagement.CFO" name="NoticeClosed" time="47.637"/>
  <system-out/>
  <testcase classname="litigationManagement.CFO" name="CaseClose" time="46.969"/>
  <system-out/>
  <testcase classname="litigationManagement.CFO" name="CloseNotice" time="53.473"/>
  <system-out/>
  <testcase classname="litigationManagement.CFO" name="CloseCase" time="54.709"/>
  <system-out/>
  <testcase classname="litigationManagement.CFO" name="TaskClosed" time="47.136"/>
  <system-out/>
  <testcase classname="litigationManagement.CFO" name="WorkspaceFilter" time="54.598"/>
  <system-out/>
  <testcase classname="litigationManagement.CFO" name="WorkspaceCaseFilter" time="60.723"/>
  <system-out/>
  <testcase classname="litigationManagement.CFO" name="WorkspaceTaskFilter" time="50.872"/>
  <system-out/>
  <testcase classname="litigationManagement.CFO" name="AdvancedSearch" time="133.546"/>
  <system-out/>
  <testcase classname="litigationManagement.CFO" name="CaseHearing" time="47.628"/>
  <system-out/>
  <testcase classname="litigationManagement.CFO" name="WorkspaceCaseHearingFilter" time="40.234"/>
  <system-out/>
  <testcase classname="litigationManagement.CFO" name="HearingCalender" time="79.301">
    <error message="Expected condition failed: waiting for element to be clickable: By.xpath: //*[@id=&#039;collapseUpcomingHearing&#039;]/div/div[3]/div[1]/div/div[3]/div[10]/span (tried for 30 second(s) with 500 milliseconds interval)" type="org.openqa.selenium.TimeoutException">
      <![CDATA[org.openqa.selenium.TimeoutException: Expected condition failed: waiting for element to be clickable: By.xpath: //*[@id='collapseUpcomingHearing']/div/div[3]/div[1]/div/div[3]/div[10]/span (tried for 30 second(s) with 500 milliseconds interval)
at org.openqa.selenium.support.ui.WebDriverWait.timeoutException(WebDriverWait.java:95)
at org.openqa.selenium.support.ui.FluentWait.until(FluentWait.java:272)
at litigationAdditionalOwner.performerPOM.HearingCalenderNumcfo(performerPOM.java:4485)
at litigationManagement.CFOMethod.HearingCalender(CFOMethod.java:15806)
at litigationManagement.CFO.HearingCalender(CFO.java:1387)
at java.base/jdk.internal.reflect.DirectMethodHandleAccessor.invoke(DirectMethodHandleAccessor.java:104)
at java.base/java.lang.reflect.Method.invoke(Method.java:578)
at org.testng.internal.MethodInvocationHelper.invokeMethod(MethodInvocationHelper.java:133)
at org.testng.internal.TestInvoker.invokeMethod(TestInvoker.java:598)
at org.testng.internal.TestInvoker.invokeTestMethod(TestInvoker.java:173)
at org.testng.internal.MethodRunner.runInSequence(MethodRunner.java:46)
at org.testng.internal.TestInvoker$MethodInvocationAgent.invoke(TestInvoker.java:824)
at org.testng.internal.TestInvoker.invokeTestMethods(TestInvoker.java:146)
at org.testng.internal.TestMethodWorker.invokeTestMethods(TestMethodWorker.java:146)
at org.testng.internal.TestMethodWorker.run(TestMethodWorker.java:128)
at java.base/java.util.ArrayList.forEach(ArrayList.java:1511)
at org.testng.TestRunner.privateRun(TestRunner.java:794)
at org.testng.TestRunner.run(TestRunner.java:596)
at org.testng.SuiteRunner.runTest(SuiteRunner.java:377)
at org.testng.SuiteRunner.runSequentially(SuiteRunner.java:371)
at org.testng.SuiteRunner.privateRun(SuiteRunner.java:332)
at org.testng.SuiteRunner.run(SuiteRunner.java:276)
at org.testng.SuiteRunnerWorker.runSuite(SuiteRunnerWorker.java:53)
at org.testng.SuiteRunnerWorker.run(SuiteRunnerWorker.java:96)
at org.testng.TestNG.runSuitesSequentially(TestNG.java:1212)
at org.testng.TestNG.runSuitesLocally(TestNG.java:1134)
at org.testng.TestNG.runSuites(TestNG.java:1063)
at org.testng.TestNG.run(TestNG.java:1031)
at org.testng.remote.AbstractRemoteTestNG.run(AbstractRemoteTestNG.java:115)
at org.testng.remote.RemoteTestNG.initAndRun(RemoteTestNG.java:251)
at org.testng.remote.RemoteTestNG.main(RemoteTestNG.java:77)
Caused by: org.openqa.selenium.NoSuchElementException: no such element: Unable to locate element: {"method":"xpath","selector":"//*[@id='collapseUpcomingHearing']/div/div[3]/div[1]/div/div[3]/div[10]/span"}
  (Session info: chrome=130.0.6723.117)
For documentation on this error, please visit: http://seleniumhq.org/exceptions/no_such_element.html
Build info: version: '3.141.0', revision: '2ecb7d9a', time: '2018-10-31T20:09:30'
System info: host: 'TRPL-PUN-0115', ip: '172.18.16.1', os.name: 'Windows 10', os.arch: 'amd64', os.version: '10.0', java.version: '20'
Driver info: org.openqa.selenium.chrome.ChromeDriver
Capabilities {acceptInsecureCerts: false, browserName: chrome, browserVersion: 130.0.6723.117, chrome: {chromedriverVersion: 130.0.6723.116 (6ac35f94ae3..., userDataDir: C:\Users\snehalp\AppData\Lo...}, fedcm:accounts: true, goog:chromeOptions: {debuggerAddress: localhost:53609}, javascriptEnabled: true, networkConnectionEnabled: false, pageLoadStrategy: normal, platform: WINDOWS, platformName: WINDOWS, proxy: Proxy(), setWindowRect: true, strictFileInteractability: false, timeouts: {implicit: 0, pageLoad: 300000, script: 30000}, unhandledPromptBehavior: dismiss and notify, webauthn:extension:credBlob: true, webauthn:extension:largeBlob: true, webauthn:extension:minPinLength: true, webauthn:extension:prf: true, webauthn:virtualAuthenticators: true}
Session ID: a91757e6279a56c6c8a3ba004e3791cf
*** Element info: {Using=xpath, value=//*[@id='collapseUpcomingHearing']/div/div[3]/div[1]/div/div[3]/div[10]/span}
at java.base/jdk.internal.reflect.DirectConstructorHandleAccessor.newInstance(DirectConstructorHandleAccessor.java:67)
at java.base/java.lang.reflect.Constructor.newInstanceWithCaller(Constructor.java:500)
at java.base/java.lang.reflect.Constructor.newInstance(Constructor.java:484)
at org.openqa.selenium.remote.http.W3CHttpResponseCodec.createException(W3CHttpResponseCodec.java:187)
at org.openqa.selenium.remote.http.W3CHttpResponseCodec.decode(W3CHttpResponseCodec.java:122)
at org.openqa.selenium.remote.http.W3CHttpResponseCodec.decode(W3CHttpResponseCodec.java:49)
at org.openqa.selenium.remote.HttpCommandExecutor.execute(HttpCommandExecutor.java:158)
at org.openqa.selenium.remote.service.DriverCommandExecutor.execute(DriverCommandExecutor.java:83)
at org.openqa.selenium.remote.RemoteWebDriver.execute(RemoteWebDriver.java:552)
at org.openqa.selenium.remote.RemoteWebDriver.findElement(RemoteWebDriver.java:323)
at org.openqa.selenium.remote.RemoteWebDriver.findElementByXPath(RemoteWebDriver.java:428)
at org.openqa.selenium.By$ByXPath.findElement(By.java:353)
at org.openqa.selenium.remote.RemoteWebDriver.findElement(RemoteWebDriver.java:315)
at org.openqa.selenium.support.ui.ExpectedConditions$7.apply(ExpectedConditions.java:205)
at org.openqa.selenium.support.ui.ExpectedConditions$7.apply(ExpectedConditions.java:201)
at org.openqa.selenium.support.ui.ExpectedConditions$22.apply(ExpectedConditions.java:641)
at org.openqa.selenium.support.ui.ExpectedConditions$22.apply(ExpectedConditions.java:638)
at org.openqa.selenium.support.ui.FluentWait.until(FluentWait.java:249)
... 29 more
]]>
    </error>
  </testcase> <!-- HearingCalender -->
  <system-out/>
  <testcase classname="litigationManagement.CFO" name="CaseNoticeTypeGraph" time="419.733"/>
  <system-out/>
  <testcase classname="litigationManagement.CFO" name="CaseNoticeTypeFilter" time="64.193"/>
  <system-out/>
  <testcase classname="litigationManagement.CFO" name="CaseNoticeStageGraph" time="84.334"/>
  <system-out/>
  <testcase classname="litigationManagement.CFO" name="CaseNoticeStageFilter" time="65.928"/>
  <system-out/>
  <testcase classname="litigationManagement.CFO" name="RiskSummaryGraph" time="305.767"/>
  <system-out/>
  <testcase classname="litigationManagement.CFO" name="RiskSummaryGraphFilter" time="57.411"/>
  <system-out/>
  <testcase classname="litigationManagement.CFO" name="DepartmentSummaryGraph" time="102.898"/>
  <system-out/>
  <testcase classname="litigationManagement.CFO" name="DepartmentSummaryGraphFilter" time="64.264"/>
  <system-out/>
  <testcase classname="litigationManagement.CFO" name="LocationSummaryGraph" time="42.966">
    <error message="For input string: &quot;&quot;" type="java.lang.NumberFormatException">
      <![CDATA[java.lang.NumberFormatException: For input string: ""
at java.base/java.lang.NumberFormatException.forInputString(NumberFormatException.java:67)
at java.base/java.lang.Integer.parseInt(Integer.java:675)
at java.base/java.lang.Integer.parseInt(Integer.java:781)
at litigationManagement.CFOMethod.LocationSummaryGraph(CFOMethod.java:1631)
at litigationManagement.CFO.LocationSummaryGraph(CFO.java:1648)
at java.base/jdk.internal.reflect.DirectMethodHandleAccessor.invoke(DirectMethodHandleAccessor.java:104)
at java.base/java.lang.reflect.Method.invoke(Method.java:578)
at org.testng.internal.MethodInvocationHelper.invokeMethod(MethodInvocationHelper.java:133)
at org.testng.internal.TestInvoker.invokeMethod(TestInvoker.java:598)
at org.testng.internal.TestInvoker.invokeTestMethod(TestInvoker.java:173)
at org.testng.internal.MethodRunner.runInSequence(MethodRunner.java:46)
at org.testng.internal.TestInvoker$MethodInvocationAgent.invoke(TestInvoker.java:824)
at org.testng.internal.TestInvoker.invokeTestMethods(TestInvoker.java:146)
at org.testng.internal.TestMethodWorker.invokeTestMethods(TestMethodWorker.java:146)
at org.testng.internal.TestMethodWorker.run(TestMethodWorker.java:128)
at java.base/java.util.ArrayList.forEach(ArrayList.java:1511)
at org.testng.TestRunner.privateRun(TestRunner.java:794)
at org.testng.TestRunner.run(TestRunner.java:596)
at org.testng.SuiteRunner.runTest(SuiteRunner.java:377)
at org.testng.SuiteRunner.runSequentially(SuiteRunner.java:371)
at org.testng.SuiteRunner.privateRun(SuiteRunner.java:332)
at org.testng.SuiteRunner.run(SuiteRunner.java:276)
at org.testng.SuiteRunnerWorker.runSuite(SuiteRunnerWorker.java:53)
at org.testng.SuiteRunnerWorker.run(SuiteRunnerWorker.java:96)
at org.testng.TestNG.runSuitesSequentially(TestNG.java:1212)
at org.testng.TestNG.runSuitesLocally(TestNG.java:1134)
at org.testng.TestNG.runSuites(TestNG.java:1063)
at org.testng.TestNG.run(TestNG.java:1031)
at org.testng.remote.AbstractRemoteTestNG.run(AbstractRemoteTestNG.java:115)
at org.testng.remote.RemoteTestNG.initAndRun(RemoteTestNG.java:251)
at org.testng.remote.RemoteTestNG.main(RemoteTestNG.java:77)
]]>
    </error>
  </testcase> <!-- LocationSummaryGraph -->
  <system-out/>
  <testcase classname="litigationManagement.CFO" name="LocationSummaryGraphFilter" time="23.155">
    <error message="element not interactable
  (Session info: chrome=130.0.6723.117)
Build info: version: &#039;3.141.0&#039;, revision: &#039;2ecb7d9a&#039;, time: &#039;2018-10-31T20:09:30&#039;
System info: host: &#039;TRPL-PUN-0115&#039;, ip: &#039;172.18.16.1&#039;, os.name: &#039;Windows 10&#039;, os.arch: &#039;amd64&#039;, os.version: &#039;10.0&#039;, java.version: &#039;20&#039;
Driver info: org.openqa.selenium.chrome.ChromeDriver
Capabilities {acceptInsecureCerts: false, browserName: chrome, browserVersion: 130.0.6723.117, chrome: {chromedriverVersion: 130.0.6723.116 (6ac35f94ae3..., userDataDir: C:\Users\snehalp\AppData\Lo...}, fedcm:accounts: true, goog:chromeOptions: {debuggerAddress: localhost:54572}, javascriptEnabled: true, networkConnectionEnabled: false, pageLoadStrategy: normal, platform: WINDOWS, platformName: WINDOWS, proxy: Proxy(), setWindowRect: true, strictFileInteractability: false, timeouts: {implicit: 0, pageLoad: 300000, script: 30000}, unhandledPromptBehavior: dismiss and notify, webauthn:extension:credBlob: true, webauthn:extension:largeBlob: true, webauthn:extension:minPinLength: true, webauthn:extension:prf: true, webauthn:virtualAuthenticators: true}
Session ID: 0fc95f6a34a447ab495234d968d54042" type="org.openqa.selenium.ElementNotInteractableException">
      <![CDATA[org.openqa.selenium.ElementNotInteractableException: element not interactable
  (Session info: chrome=130.0.6723.117)
Build info: version: '3.141.0', revision: '2ecb7d9a', time: '2018-10-31T20:09:30'
System info: host: 'TRPL-PUN-0115', ip: '172.18.16.1', os.name: 'Windows 10', os.arch: 'amd64', os.version: '10.0', java.version: '20'
Driver info: org.openqa.selenium.chrome.ChromeDriver
Capabilities {acceptInsecureCerts: false, browserName: chrome, browserVersion: 130.0.6723.117, chrome: {chromedriverVersion: 130.0.6723.116 (6ac35f94ae3..., userDataDir: C:\Users\snehalp\AppData\Lo...}, fedcm:accounts: true, goog:chromeOptions: {debuggerAddress: localhost:54572}, javascriptEnabled: true, networkConnectionEnabled: false, pageLoadStrategy: normal, platform: WINDOWS, platformName: WINDOWS, proxy: Proxy(), setWindowRect: true, strictFileInteractability: false, timeouts: {implicit: 0, pageLoad: 300000, script: 30000}, unhandledPromptBehavior: dismiss and notify, webauthn:extension:credBlob: true, webauthn:extension:largeBlob: true, webauthn:extension:minPinLength: true, webauthn:extension:prf: true, webauthn:virtualAuthenticators: true}
Session ID: 0fc95f6a34a447ab495234d968d54042
at java.base/jdk.internal.reflect.DirectConstructorHandleAccessor.newInstance(DirectConstructorHandleAccessor.java:67)
at java.base/java.lang.reflect.Constructor.newInstanceWithCaller(Constructor.java:500)
at java.base/java.lang.reflect.Constructor.newInstance(Constructor.java:484)
at org.openqa.selenium.remote.http.W3CHttpResponseCodec.createException(W3CHttpResponseCodec.java:187)
at org.openqa.selenium.remote.http.W3CHttpResponseCodec.decode(W3CHttpResponseCodec.java:122)
at org.openqa.selenium.remote.http.W3CHttpResponseCodec.decode(W3CHttpResponseCodec.java:49)
at org.openqa.selenium.remote.HttpCommandExecutor.execute(HttpCommandExecutor.java:158)
at org.openqa.selenium.remote.service.DriverCommandExecutor.execute(DriverCommandExecutor.java:83)
at org.openqa.selenium.remote.RemoteWebDriver.execute(RemoteWebDriver.java:552)
at org.openqa.selenium.remote.RemoteWebElement.execute(RemoteWebElement.java:285)
at org.openqa.selenium.remote.RemoteWebElement.click(RemoteWebElement.java:84)
at litigationManagement.CFOMethod.LocationSummaryGraphFilter(CFOMethod.java:25708)
at litigationManagement.CFO.LocationSummaryGraphFilter(CFO.java:1664)
at java.base/jdk.internal.reflect.DirectMethodHandleAccessor.invoke(DirectMethodHandleAccessor.java:104)
at java.base/java.lang.reflect.Method.invoke(Method.java:578)
at org.testng.internal.MethodInvocationHelper.invokeMethod(MethodInvocationHelper.java:133)
at org.testng.internal.TestInvoker.invokeMethod(TestInvoker.java:598)
at org.testng.internal.TestInvoker.invokeTestMethod(TestInvoker.java:173)
at org.testng.internal.MethodRunner.runInSequence(MethodRunner.java:46)
at org.testng.internal.TestInvoker$MethodInvocationAgent.invoke(TestInvoker.java:824)
at org.testng.internal.TestInvoker.invokeTestMethods(TestInvoker.java:146)
at org.testng.internal.TestMethodWorker.invokeTestMethods(TestMethodWorker.java:146)
at org.testng.internal.TestMethodWorker.run(TestMethodWorker.java:128)
at java.base/java.util.ArrayList.forEach(ArrayList.java:1511)
at org.testng.TestRunner.privateRun(TestRunner.java:794)
at org.testng.TestRunner.run(TestRunner.java:596)
at org.testng.SuiteRunner.runTest(SuiteRunner.java:377)
at org.testng.SuiteRunner.runSequentially(SuiteRunner.java:371)
at org.testng.SuiteRunner.privateRun(SuiteRunner.java:332)
at org.testng.SuiteRunner.run(SuiteRunner.java:276)
at org.testng.SuiteRunnerWorker.runSuite(SuiteRunnerWorker.java:53)
at org.testng.SuiteRunnerWorker.run(SuiteRunnerWorker.java:96)
at org.testng.TestNG.runSuitesSequentially(TestNG.java:1212)
at org.testng.TestNG.runSuitesLocally(TestNG.java:1134)
at org.testng.TestNG.runSuites(TestNG.java:1063)
at org.testng.TestNG.run(TestNG.java:1031)
at org.testng.remote.AbstractRemoteTestNG.run(AbstractRemoteTestNG.java:115)
at org.testng.remote.RemoteTestNG.initAndRun(RemoteTestNG.java:251)
at org.testng.remote.RemoteTestNG.main(RemoteTestNG.java:77)
]]>
    </error>
  </testcase> <!-- LocationSummaryGraphFilter -->
  <system-out/>
  <testcase classname="litigationManagement.CFO" name="CategorySummaryGraph" time="111.560"/>
  <system-out/>
  <testcase classname="litigationManagement.CFO" name="CategorySummaryGraphFilter" time="63.263"/>
  <system-out/>
  <testcase classname="litigationManagement.CFO" name="InwardDefendantAgeingGraph" time="294.085"/>
  <system-out/>
  <testcase classname="litigationManagement.CFO" name="LessThanYearGraphFilter" time="22.960">
    <error message="element not interactable
  (Session info: chrome=130.0.6723.117)
Build info: version: &#039;3.141.0&#039;, revision: &#039;2ecb7d9a&#039;, time: &#039;2018-10-31T20:09:30&#039;
System info: host: &#039;TRPL-PUN-0115&#039;, ip: &#039;172.18.16.1&#039;, os.name: &#039;Windows 10&#039;, os.arch: &#039;amd64&#039;, os.version: &#039;10.0&#039;, java.version: &#039;20&#039;
Driver info: org.openqa.selenium.chrome.ChromeDriver
Capabilities {acceptInsecureCerts: false, browserName: chrome, browserVersion: 130.0.6723.117, chrome: {chromedriverVersion: 130.0.6723.116 (6ac35f94ae3..., userDataDir: C:\Users\snehalp\AppData\Lo...}, fedcm:accounts: true, goog:chromeOptions: {debuggerAddress: localhost:54939}, javascriptEnabled: true, networkConnectionEnabled: false, pageLoadStrategy: normal, platform: WINDOWS, platformName: WINDOWS, proxy: Proxy(), setWindowRect: true, strictFileInteractability: false, timeouts: {implicit: 0, pageLoad: 300000, script: 30000}, unhandledPromptBehavior: dismiss and notify, webauthn:extension:credBlob: true, webauthn:extension:largeBlob: true, webauthn:extension:minPinLength: true, webauthn:extension:prf: true, webauthn:virtualAuthenticators: true}
Session ID: f5c12870867d9c75fb53317fecd580ec" type="org.openqa.selenium.ElementNotInteractableException">
      <![CDATA[org.openqa.selenium.ElementNotInteractableException: element not interactable
  (Session info: chrome=130.0.6723.117)
Build info: version: '3.141.0', revision: '2ecb7d9a', time: '2018-10-31T20:09:30'
System info: host: 'TRPL-PUN-0115', ip: '172.18.16.1', os.name: 'Windows 10', os.arch: 'amd64', os.version: '10.0', java.version: '20'
Driver info: org.openqa.selenium.chrome.ChromeDriver
Capabilities {acceptInsecureCerts: false, browserName: chrome, browserVersion: 130.0.6723.117, chrome: {chromedriverVersion: 130.0.6723.116 (6ac35f94ae3..., userDataDir: C:\Users\snehalp\AppData\Lo...}, fedcm:accounts: true, goog:chromeOptions: {debuggerAddress: localhost:54939}, javascriptEnabled: true, networkConnectionEnabled: false, pageLoadStrategy: normal, platform: WINDOWS, platformName: WINDOWS, proxy: Proxy(), setWindowRect: true, strictFileInteractability: false, timeouts: {implicit: 0, pageLoad: 300000, script: 30000}, unhandledPromptBehavior: dismiss and notify, webauthn:extension:credBlob: true, webauthn:extension:largeBlob: true, webauthn:extension:minPinLength: true, webauthn:extension:prf: true, webauthn:virtualAuthenticators: true}
Session ID: f5c12870867d9c75fb53317fecd580ec
at java.base/jdk.internal.reflect.DirectConstructorHandleAccessor.newInstance(DirectConstructorHandleAccessor.java:67)
at java.base/java.lang.reflect.Constructor.newInstanceWithCaller(Constructor.java:500)
at java.base/java.lang.reflect.Constructor.newInstance(Constructor.java:484)
at org.openqa.selenium.remote.http.W3CHttpResponseCodec.createException(W3CHttpResponseCodec.java:187)
at org.openqa.selenium.remote.http.W3CHttpResponseCodec.decode(W3CHttpResponseCodec.java:122)
at org.openqa.selenium.remote.http.W3CHttpResponseCodec.decode(W3CHttpResponseCodec.java:49)
at org.openqa.selenium.remote.HttpCommandExecutor.execute(HttpCommandExecutor.java:158)
at org.openqa.selenium.remote.service.DriverCommandExecutor.execute(DriverCommandExecutor.java:83)
at org.openqa.selenium.remote.RemoteWebDriver.execute(RemoteWebDriver.java:552)
at org.openqa.selenium.remote.RemoteWebElement.execute(RemoteWebElement.java:285)
at org.openqa.selenium.remote.RemoteWebElement.click(RemoteWebElement.java:84)
at litigationManagement.CFOMethod.LessThanYearGraphFilter(CFOMethod.java:26182)
at litigationManagement.CFO.LessThanYearGraphFilter(CFO.java:1785)
at java.base/jdk.internal.reflect.DirectMethodHandleAccessor.invoke(DirectMethodHandleAccessor.java:104)
at java.base/java.lang.reflect.Method.invoke(Method.java:578)
at org.testng.internal.MethodInvocationHelper.invokeMethod(MethodInvocationHelper.java:133)
at org.testng.internal.TestInvoker.invokeMethod(TestInvoker.java:598)
at org.testng.internal.TestInvoker.invokeTestMethod(TestInvoker.java:173)
at org.testng.internal.MethodRunner.runInSequence(MethodRunner.java:46)
at org.testng.internal.TestInvoker$MethodInvocationAgent.invoke(TestInvoker.java:824)
at org.testng.internal.TestInvoker.invokeTestMethods(TestInvoker.java:146)
at org.testng.internal.TestMethodWorker.invokeTestMethods(TestMethodWorker.java:146)
at org.testng.internal.TestMethodWorker.run(TestMethodWorker.java:128)
at java.base/java.util.ArrayList.forEach(ArrayList.java:1511)
at org.testng.TestRunner.privateRun(TestRunner.java:794)
at org.testng.TestRunner.run(TestRunner.java:596)
at org.testng.SuiteRunner.runTest(SuiteRunner.java:377)
at org.testng.SuiteRunner.runSequentially(SuiteRunner.java:371)
at org.testng.SuiteRunner.privateRun(SuiteRunner.java:332)
at org.testng.SuiteRunner.run(SuiteRunner.java:276)
at org.testng.SuiteRunnerWorker.runSuite(SuiteRunnerWorker.java:53)
at org.testng.SuiteRunnerWorker.run(SuiteRunnerWorker.java:96)
at org.testng.TestNG.runSuitesSequentially(TestNG.java:1212)
at org.testng.TestNG.runSuitesLocally(TestNG.java:1134)
at org.testng.TestNG.runSuites(TestNG.java:1063)
at org.testng.TestNG.run(TestNG.java:1031)
at org.testng.remote.AbstractRemoteTestNG.run(AbstractRemoteTestNG.java:115)
at org.testng.remote.RemoteTestNG.initAndRun(RemoteTestNG.java:251)
at org.testng.remote.RemoteTestNG.main(RemoteTestNG.java:77)
]]>
    </error>
  </testcase> <!-- LessThanYearGraphFilter -->
  <system-out/>
  <testcase classname="litigationManagement.CFO" name="AgeingGraph1to2years" time="335.969"/>
  <system-out/>
  <testcase classname="litigationManagement.CFO" name="AgeingGraph2to3yearsGraphFilter" time="58.061"/>
  <system-out/>
  <testcase classname="litigationManagement.CFO" name="AgeingGraph2to3years" time="344.958"/>
  <system-out/>
  <testcase classname="litigationManagement.CFO" name="AgeingGraph1to2yearsGraphFilter" time="58.681"/>
  <system-out/>
  <testcase classname="litigationManagement.CFO" name="AgeingMoreThanYearGraphFilter" time="22.970">
    <error message="element not interactable
  (Session info: chrome=130.0.6723.117)
Build info: version: &#039;3.141.0&#039;, revision: &#039;2ecb7d9a&#039;, time: &#039;2018-10-31T20:09:30&#039;
System info: host: &#039;TRPL-PUN-0115&#039;, ip: &#039;172.18.16.1&#039;, os.name: &#039;Windows 10&#039;, os.arch: &#039;amd64&#039;, os.version: &#039;10.0&#039;, java.version: &#039;20&#039;
Driver info: org.openqa.selenium.chrome.ChromeDriver
Capabilities {acceptInsecureCerts: false, browserName: chrome, browserVersion: 130.0.6723.117, chrome: {chromedriverVersion: 130.0.6723.116 (6ac35f94ae3..., userDataDir: C:\Users\snehalp\AppData\Lo...}, fedcm:accounts: true, goog:chromeOptions: {debuggerAddress: localhost:55504}, javascriptEnabled: true, networkConnectionEnabled: false, pageLoadStrategy: normal, platform: WINDOWS, platformName: WINDOWS, proxy: Proxy(), setWindowRect: true, strictFileInteractability: false, timeouts: {implicit: 0, pageLoad: 300000, script: 30000}, unhandledPromptBehavior: dismiss and notify, webauthn:extension:credBlob: true, webauthn:extension:largeBlob: true, webauthn:extension:minPinLength: true, webauthn:extension:prf: true, webauthn:virtualAuthenticators: true}
Session ID: edc406912c7d4f7907eccff3108b9d8e" type="org.openqa.selenium.ElementNotInteractableException">
      <![CDATA[org.openqa.selenium.ElementNotInteractableException: element not interactable
  (Session info: chrome=130.0.6723.117)
Build info: version: '3.141.0', revision: '2ecb7d9a', time: '2018-10-31T20:09:30'
System info: host: 'TRPL-PUN-0115', ip: '172.18.16.1', os.name: 'Windows 10', os.arch: 'amd64', os.version: '10.0', java.version: '20'
Driver info: org.openqa.selenium.chrome.ChromeDriver
Capabilities {acceptInsecureCerts: false, browserName: chrome, browserVersion: 130.0.6723.117, chrome: {chromedriverVersion: 130.0.6723.116 (6ac35f94ae3..., userDataDir: C:\Users\snehalp\AppData\Lo...}, fedcm:accounts: true, goog:chromeOptions: {debuggerAddress: localhost:55504}, javascriptEnabled: true, networkConnectionEnabled: false, pageLoadStrategy: normal, platform: WINDOWS, platformName: WINDOWS, proxy: Proxy(), setWindowRect: true, strictFileInteractability: false, timeouts: {implicit: 0, pageLoad: 300000, script: 30000}, unhandledPromptBehavior: dismiss and notify, webauthn:extension:credBlob: true, webauthn:extension:largeBlob: true, webauthn:extension:minPinLength: true, webauthn:extension:prf: true, webauthn:virtualAuthenticators: true}
Session ID: edc406912c7d4f7907eccff3108b9d8e
at java.base/jdk.internal.reflect.DirectConstructorHandleAccessor.newInstance(DirectConstructorHandleAccessor.java:67)
at java.base/java.lang.reflect.Constructor.newInstanceWithCaller(Constructor.java:500)
at java.base/java.lang.reflect.Constructor.newInstance(Constructor.java:484)
at org.openqa.selenium.remote.http.W3CHttpResponseCodec.createException(W3CHttpResponseCodec.java:187)
at org.openqa.selenium.remote.http.W3CHttpResponseCodec.decode(W3CHttpResponseCodec.java:122)
at org.openqa.selenium.remote.http.W3CHttpResponseCodec.decode(W3CHttpResponseCodec.java:49)
at org.openqa.selenium.remote.HttpCommandExecutor.execute(HttpCommandExecutor.java:158)
at org.openqa.selenium.remote.service.DriverCommandExecutor.execute(DriverCommandExecutor.java:83)
at org.openqa.selenium.remote.RemoteWebDriver.execute(RemoteWebDriver.java:552)
at org.openqa.selenium.remote.RemoteWebElement.execute(RemoteWebElement.java:285)
at org.openqa.selenium.remote.RemoteWebElement.click(RemoteWebElement.java:84)
at litigationManagement.CFOMethod.AgeingMoreThanYearGraphFilter(CFOMethod.java:26889)
at litigationManagement.CFO.AgeingMoreThanYearGraphFilter(CFO.java:1976)
at java.base/jdk.internal.reflect.DirectMethodHandleAccessor.invoke(DirectMethodHandleAccessor.java:104)
at java.base/java.lang.reflect.Method.invoke(Method.java:578)
at org.testng.internal.MethodInvocationHelper.invokeMethod(MethodInvocationHelper.java:133)
at org.testng.internal.TestInvoker.invokeMethod(TestInvoker.java:598)
at org.testng.internal.TestInvoker.invokeTestMethod(TestInvoker.java:173)
at org.testng.internal.MethodRunner.runInSequence(MethodRunner.java:46)
at org.testng.internal.TestInvoker$MethodInvocationAgent.invoke(TestInvoker.java:824)
at org.testng.internal.TestInvoker.invokeTestMethods(TestInvoker.java:146)
at org.testng.internal.TestMethodWorker.invokeTestMethods(TestMethodWorker.java:146)
at org.testng.internal.TestMethodWorker.run(TestMethodWorker.java:128)
at java.base/java.util.ArrayList.forEach(ArrayList.java:1511)
at org.testng.TestRunner.privateRun(TestRunner.java:794)
at org.testng.TestRunner.run(TestRunner.java:596)
at org.testng.SuiteRunner.runTest(SuiteRunner.java:377)
at org.testng.SuiteRunner.runSequentially(SuiteRunner.java:371)
at org.testng.SuiteRunner.privateRun(SuiteRunner.java:332)
at org.testng.SuiteRunner.run(SuiteRunner.java:276)
at org.testng.SuiteRunnerWorker.runSuite(SuiteRunnerWorker.java:53)
at org.testng.SuiteRunnerWorker.run(SuiteRunnerWorker.java:96)
at org.testng.TestNG.runSuitesSequentially(TestNG.java:1212)
at org.testng.TestNG.runSuitesLocally(TestNG.java:1134)
at org.testng.TestNG.runSuites(TestNG.java:1063)
at org.testng.TestNG.run(TestNG.java:1031)
at org.testng.remote.AbstractRemoteTestNG.run(AbstractRemoteTestNG.java:115)
at org.testng.remote.RemoteTestNG.initAndRun(RemoteTestNG.java:251)
at org.testng.remote.RemoteTestNG.main(RemoteTestNG.java:77)
]]>
    </error>
  </testcase> <!-- AgeingMoreThanYearGraphFilter -->
  <system-out/>
  <testcase classname="litigationManagement.CFO" name="CaseNoticeTypeGraph1" time="729.173"/>
  <system-out/>
  <testcase classname="litigationManagement.CFO" name="CaseNoticeStageGraph1" time="89.566"/>
  <system-out/>
  <testcase classname="litigationManagement.CFO" name="RiskSummaryGraph1" time="293.336"/>
  <system-out/>
  <testcase classname="litigationManagement.CFO" name="DepartmentSummaryGraph1" time="104.353"/>
  <system-out/>
  <testcase classname="litigationManagement.CFO" name="LocationSummaryGraph1" time="105.244"/>
  <system-out/>
  <testcase classname="litigationManagement.CFO" name="CategorySummaryGraph1" time="110.361"/>
  <system-out/>
  <testcase classname="litigationManagement.CFO" name="ExpensesCaseGraph" time="65.820"/>
  <system-out/>
  <testcase classname="litigationManagement.CFO" name="ExpensesCategoryWiseCaseGraph" time="111.137"/>
  <system-out/>
  <testcase classname="litigationManagement.CFO" name="ExpensesCounselWiseCaseGraph" time="52.547"/>
  <system-out/>
  <testcase classname="litigationManagement.CFO" name="UtilizedBudgetGraph" time="59.220"/>
  <system-out/>
  <testcase classname="litigationManagement.CFO" name="AgeingGraph" time="560.855"/>
  <system-out/>
  <testcase classname="litigationManagement.CFO" name="AgeingGraph1to2yearsCase" time="486.679"/>
  <system-out/>
  <testcase classname="litigationManagement.CFO" name="AgeingGraphMorethan3years" time="339.646"/>
  <system-out/>
  <testcase classname="litigationManagement.CFO" name="MyDocument" time="85.731">
    <error message="Expected condition failed: waiting for visibility of element located by By.xpath: //*[@id=&#039;grid&#039;]/div[2]/table/tbody/tr[1]/td[14]/a[1] (tried for 30 second(s) with 500 milliseconds interval)" type="org.openqa.selenium.TimeoutException">
      <![CDATA[org.openqa.selenium.TimeoutException: Expected condition failed: waiting for visibility of element located by By.xpath: //*[@id='grid']/div[2]/table/tbody/tr[1]/td[14]/a[1] (tried for 30 second(s) with 500 milliseconds interval)
at org.openqa.selenium.support.ui.WebDriverWait.timeoutException(WebDriverWait.java:95)
at org.openqa.selenium.support.ui.FluentWait.until(FluentWait.java:272)
at litigationAdditionalOwner.performerPOM.clickDownloadDocument(performerPOM.java:2387)
at litigationManagement.CFOMethod.MyDocument(CFOMethod.java:8275)
at litigationManagement.CFO.MyDocument(CFO.java:2434)
at java.base/jdk.internal.reflect.DirectMethodHandleAccessor.invoke(DirectMethodHandleAccessor.java:104)
at java.base/java.lang.reflect.Method.invoke(Method.java:578)
at org.testng.internal.MethodInvocationHelper.invokeMethod(MethodInvocationHelper.java:133)
at org.testng.internal.TestInvoker.invokeMethod(TestInvoker.java:598)
at org.testng.internal.TestInvoker.invokeTestMethod(TestInvoker.java:173)
at org.testng.internal.MethodRunner.runInSequence(MethodRunner.java:46)
at org.testng.internal.TestInvoker$MethodInvocationAgent.invoke(TestInvoker.java:824)
at org.testng.internal.TestInvoker.invokeTestMethods(TestInvoker.java:146)
at org.testng.internal.TestMethodWorker.invokeTestMethods(TestMethodWorker.java:146)
at org.testng.internal.TestMethodWorker.run(TestMethodWorker.java:128)
at java.base/java.util.ArrayList.forEach(ArrayList.java:1511)
at org.testng.TestRunner.privateRun(TestRunner.java:794)
at org.testng.TestRunner.run(TestRunner.java:596)
at org.testng.SuiteRunner.runTest(SuiteRunner.java:377)
at org.testng.SuiteRunner.runSequentially(SuiteRunner.java:371)
at org.testng.SuiteRunner.privateRun(SuiteRunner.java:332)
at org.testng.SuiteRunner.run(SuiteRunner.java:276)
at org.testng.SuiteRunnerWorker.runSuite(SuiteRunnerWorker.java:53)
at org.testng.SuiteRunnerWorker.run(SuiteRunnerWorker.java:96)
at org.testng.TestNG.runSuitesSequentially(TestNG.java:1212)
at org.testng.TestNG.runSuitesLocally(TestNG.java:1134)
at org.testng.TestNG.runSuites(TestNG.java:1063)
at org.testng.TestNG.run(TestNG.java:1031)
at org.testng.remote.AbstractRemoteTestNG.run(AbstractRemoteTestNG.java:115)
at org.testng.remote.RemoteTestNG.initAndRun(RemoteTestNG.java:251)
at org.testng.remote.RemoteTestNG.main(RemoteTestNG.java:77)
Caused by: org.openqa.selenium.NoSuchElementException: no such element: Unable to locate element: {"method":"xpath","selector":"//*[@id='grid']/div[2]/table/tbody/tr[1]/td[14]/a[1]"}
  (Session info: chrome=130.0.6723.117)
For documentation on this error, please visit: http://seleniumhq.org/exceptions/no_such_element.html
Build info: version: '3.141.0', revision: '2ecb7d9a', time: '2018-10-31T20:09:30'
System info: host: 'TRPL-PUN-0115', ip: '172.18.16.1', os.name: 'Windows 10', os.arch: 'amd64', os.version: '10.0', java.version: '20'
Driver info: org.openqa.selenium.chrome.ChromeDriver
Capabilities {acceptInsecureCerts: false, browserName: chrome, browserVersion: 130.0.6723.117, chrome: {chromedriverVersion: 130.0.6723.116 (6ac35f94ae3..., userDataDir: C:\Users\snehalp\AppData\Lo...}, fedcm:accounts: true, goog:chromeOptions: {debuggerAddress: localhost:57876}, javascriptEnabled: true, networkConnectionEnabled: false, pageLoadStrategy: normal, platform: WINDOWS, platformName: WINDOWS, proxy: Proxy(), setWindowRect: true, strictFileInteractability: false, timeouts: {implicit: 0, pageLoad: 300000, script: 30000}, unhandledPromptBehavior: dismiss and notify, webauthn:extension:credBlob: true, webauthn:extension:largeBlob: true, webauthn:extension:minPinLength: true, webauthn:extension:prf: true, webauthn:virtualAuthenticators: true}
Session ID: 20c09a35b27ebbfe7865113ef345bd3d
*** Element info: {Using=xpath, value=//*[@id='grid']/div[2]/table/tbody/tr[1]/td[14]/a[1]}
at java.base/jdk.internal.reflect.DirectConstructorHandleAccessor.newInstance(DirectConstructorHandleAccessor.java:67)
at java.base/java.lang.reflect.Constructor.newInstanceWithCaller(Constructor.java:500)
at java.base/java.lang.reflect.Constructor.newInstance(Constructor.java:484)
at org.openqa.selenium.remote.http.W3CHttpResponseCodec.createException(W3CHttpResponseCodec.java:187)
at org.openqa.selenium.remote.http.W3CHttpResponseCodec.decode(W3CHttpResponseCodec.java:122)
at org.openqa.selenium.remote.http.W3CHttpResponseCodec.decode(W3CHttpResponseCodec.java:49)
at org.openqa.selenium.remote.HttpCommandExecutor.execute(HttpCommandExecutor.java:158)
at org.openqa.selenium.remote.service.DriverCommandExecutor.execute(DriverCommandExecutor.java:83)
at org.openqa.selenium.remote.RemoteWebDriver.execute(RemoteWebDriver.java:552)
at org.openqa.selenium.remote.RemoteWebDriver.findElement(RemoteWebDriver.java:323)
at org.openqa.selenium.remote.RemoteWebDriver.findElementByXPath(RemoteWebDriver.java:428)
at org.openqa.selenium.By$ByXPath.findElement(By.java:353)
at org.openqa.selenium.remote.RemoteWebDriver.findElement(RemoteWebDriver.java:315)
at org.openqa.selenium.support.ui.ExpectedConditions$7.apply(ExpectedConditions.java:205)
at org.openqa.selenium.support.ui.ExpectedConditions$7.apply(ExpectedConditions.java:201)
at org.openqa.selenium.support.ui.FluentWait.until(FluentWait.java:249)
... 29 more
]]>
    </error>
  </testcase> <!-- MyDocument -->
  <system-out/>
  <testcase classname="litigationManagement.CFO" name="AgeingGraph2to3yearsCase" time="249.338"/>
  <system-out/>
  <testcase classname="litigationManagement.CFO" name="AgeingGraphMoreThan3yearsCase" time="265.462"/>
  <system-out/>
  <testcase classname="litigationManagement.CFO" name="ShareCaseDocument" time="7.323">
    <error message="no such element: Unable to locate element: {&quot;method&quot;:&quot;xpath&quot;,&quot;selector&quot;:&quot;//*[@id=&#039;grid&#039;]/div[2]/table/tbody/tr[1]/td[16]/a[3]&quot;}
  (Session info: chrome=130.0.6723.117)
For documentation on this error, please visit: http://seleniumhq.org/exceptions/no_such_element.html
Build info: version: &#039;3.141.0&#039;, revision: &#039;2ecb7d9a&#039;, time: &#039;2018-10-31T20:09:30&#039;
System info: host: &#039;TRPL-PUN-0115&#039;, ip: &#039;172.18.16.1&#039;, os.name: &#039;Windows 10&#039;, os.arch: &#039;amd64&#039;, os.version: &#039;10.0&#039;, java.version: &#039;20&#039;
Driver info: org.openqa.selenium.chrome.ChromeDriver
Capabilities {acceptInsecureCerts: false, browserName: chrome, browserVersion: 130.0.6723.117, chrome: {chromedriverVersion: 130.0.6723.116 (6ac35f94ae3..., userDataDir: C:\Users\snehalp\AppData\Lo...}, fedcm:accounts: true, goog:chromeOptions: {debuggerAddress: localhost:58161}, javascriptEnabled: true, networkConnectionEnabled: false, pageLoadStrategy: normal, platform: WINDOWS, platformName: WINDOWS, proxy: Proxy(), setWindowRect: true, strictFileInteractability: false, timeouts: {implicit: 0, pageLoad: 300000, script: 30000}, unhandledPromptBehavior: dismiss and notify, webauthn:extension:credBlob: true, webauthn:extension:largeBlob: true, webauthn:extension:minPinLength: true, webauthn:extension:prf: true, webauthn:virtualAuthenticators: true}
Session ID: 8808a238d092eb8ec4ed313caa6b30ef
*** Element info: {Using=xpath, value=//*[@id=&#039;grid&#039;]/div[2]/table/tbody/tr[1]/td[16]/a[3]}" type="org.openqa.selenium.NoSuchElementException">
      <![CDATA[org.openqa.selenium.NoSuchElementException: no such element: Unable to locate element: {"method":"xpath","selector":"//*[@id='grid']/div[2]/table/tbody/tr[1]/td[16]/a[3]"}
  (Session info: chrome=130.0.6723.117)
For documentation on this error, please visit: http://seleniumhq.org/exceptions/no_such_element.html
Build info: version: '3.141.0', revision: '2ecb7d9a', time: '2018-10-31T20:09:30'
System info: host: 'TRPL-PUN-0115', ip: '172.18.16.1', os.name: 'Windows 10', os.arch: 'amd64', os.version: '10.0', java.version: '20'
Driver info: org.openqa.selenium.chrome.ChromeDriver
Capabilities {acceptInsecureCerts: false, browserName: chrome, browserVersion: 130.0.6723.117, chrome: {chromedriverVersion: 130.0.6723.116 (6ac35f94ae3..., userDataDir: C:\Users\snehalp\AppData\Lo...}, fedcm:accounts: true, goog:chromeOptions: {debuggerAddress: localhost:58161}, javascriptEnabled: true, networkConnectionEnabled: false, pageLoadStrategy: normal, platform: WINDOWS, platformName: WINDOWS, proxy: Proxy(), setWindowRect: true, strictFileInteractability: false, timeouts: {implicit: 0, pageLoad: 300000, script: 30000}, unhandledPromptBehavior: dismiss and notify, webauthn:extension:credBlob: true, webauthn:extension:largeBlob: true, webauthn:extension:minPinLength: true, webauthn:extension:prf: true, webauthn:virtualAuthenticators: true}
Session ID: 8808a238d092eb8ec4ed313caa6b30ef
*** Element info: {Using=xpath, value=//*[@id='grid']/div[2]/table/tbody/tr[1]/td[16]/a[3]}
at java.base/jdk.internal.reflect.DirectConstructorHandleAccessor.newInstance(DirectConstructorHandleAccessor.java:67)
at java.base/java.lang.reflect.Constructor.newInstanceWithCaller(Constructor.java:500)
at java.base/java.lang.reflect.Constructor.newInstance(Constructor.java:484)
at org.openqa.selenium.remote.http.W3CHttpResponseCodec.createException(W3CHttpResponseCodec.java:187)
at org.openqa.selenium.remote.http.W3CHttpResponseCodec.decode(W3CHttpResponseCodec.java:122)
at org.openqa.selenium.remote.http.W3CHttpResponseCodec.decode(W3CHttpResponseCodec.java:49)
at org.openqa.selenium.remote.HttpCommandExecutor.execute(HttpCommandExecutor.java:158)
at org.openqa.selenium.remote.service.DriverCommandExecutor.execute(DriverCommandExecutor.java:83)
at org.openqa.selenium.remote.RemoteWebDriver.execute(RemoteWebDriver.java:552)
at org.openqa.selenium.remote.RemoteWebDriver.findElement(RemoteWebDriver.java:323)
at org.openqa.selenium.remote.RemoteWebDriver.findElementByXPath(RemoteWebDriver.java:428)
at org.openqa.selenium.By$ByXPath.findElement(By.java:353)
at org.openqa.selenium.remote.RemoteWebDriver.findElement(RemoteWebDriver.java:315)
at litigationAdditionalOwner.performerPOM.shareDocumentIcon(performerPOM.java:7468)
at litigationManagement.CFOMethod.ShareCaseDocument(CFOMethod.java:8394)
at litigationManagement.CFO.ShareCaseDocument(CFO.java:2466)
at java.base/jdk.internal.reflect.DirectMethodHandleAccessor.invoke(DirectMethodHandleAccessor.java:104)
at java.base/java.lang.reflect.Method.invoke(Method.java:578)
at org.testng.internal.MethodInvocationHelper.invokeMethod(MethodInvocationHelper.java:133)
at org.testng.internal.TestInvoker.invokeMethod(TestInvoker.java:598)
at org.testng.internal.TestInvoker.invokeTestMethod(TestInvoker.java:173)
at org.testng.internal.MethodRunner.runInSequence(MethodRunner.java:46)
at org.testng.internal.TestInvoker$MethodInvocationAgent.invoke(TestInvoker.java:824)
at org.testng.internal.TestInvoker.invokeTestMethods(TestInvoker.java:146)
at org.testng.internal.TestMethodWorker.invokeTestMethods(TestMethodWorker.java:146)
at org.testng.internal.TestMethodWorker.run(TestMethodWorker.java:128)
at java.base/java.util.ArrayList.forEach(ArrayList.java:1511)
at org.testng.TestRunner.privateRun(TestRunner.java:794)
at org.testng.TestRunner.run(TestRunner.java:596)
at org.testng.SuiteRunner.runTest(SuiteRunner.java:377)
at org.testng.SuiteRunner.runSequentially(SuiteRunner.java:371)
at org.testng.SuiteRunner.privateRun(SuiteRunner.java:332)
at org.testng.SuiteRunner.run(SuiteRunner.java:276)
at org.testng.SuiteRunnerWorker.runSuite(SuiteRunnerWorker.java:53)
at org.testng.SuiteRunnerWorker.run(SuiteRunnerWorker.java:96)
at org.testng.TestNG.runSuitesSequentially(TestNG.java:1212)
at org.testng.TestNG.runSuitesLocally(TestNG.java:1134)
at org.testng.TestNG.runSuites(TestNG.java:1063)
at org.testng.TestNG.run(TestNG.java:1031)
at org.testng.remote.AbstractRemoteTestNG.run(AbstractRemoteTestNG.java:115)
at org.testng.remote.RemoteTestNG.initAndRun(RemoteTestNG.java:251)
at org.testng.remote.RemoteTestNG.main(RemoteTestNG.java:77)
]]>
    </error>
  </testcase> <!-- ShareCaseDocument -->
  <system-out/>
  <testcase classname="litigationManagement.CFO" name="ShareNoticeDocument" time="0.000">
    <skipped/>
  </testcase> <!-- ShareNoticeDocument -->
  <system-out/>
  <testcase classname="litigationManagement.CFO" name="ShareTaskDocument" time="0.000">
    <skipped/>
  </testcase> <!-- ShareTaskDocument -->
  <system-out/>
  <testcase classname="litigationManagement.CFO" name="AdvancedSearchDoc" time="0.000">
    <skipped/>
  </testcase> <!-- AdvancedSearchDoc -->
  <system-out/>
  <testcase classname="litigationManagement.CFO" name="AdvancedSearchShareCaseDocument" time="0.000">
    <skipped/>
  </testcase> <!-- AdvancedSearchShareCaseDocument -->
  <system-out/>
  <testcase classname="litigationManagement.CFO" name="AdvancedSearchShareNoticeDocument" time="0.000">
    <skipped/>
  </testcase> <!-- AdvancedSearchShareNoticeDocument -->
  <system-out/>
  <testcase classname="litigationManagement.CFO" name="AdvancedSearchShareTaskDocument" time="0.000">
    <skipped/>
  </testcase> <!-- AdvancedSearchShareTaskDocument -->
  <system-out/>
  <testcase classname="litigationManagement.CFO" name="CriticalDocuments" time="0.000">
    <skipped/>
  </testcase> <!-- CriticalDocuments -->
  <system-out/>
  <testcase classname="litigationManagement.CFO" name="CriticalDocuments1" time="0.000">
    <skipped/>
  </testcase> <!-- CriticalDocuments1 -->
  <system-out/>
  <testcase classname="litigationManagement.CFO" name="DocumentFilter" time="0.000">
    <skipped/>
  </testcase> <!-- DocumentFilter -->
  <system-out/>
  <testcase classname="litigationManagement.CFO" name="DocumentCaseFilter" time="0.000">
    <skipped/>
  </testcase> <!-- DocumentCaseFilter -->
  <system-out/>
  <testcase classname="litigationManagement.CFO" name="DocumentTaskFilter" time="0.000">
    <skipped/>
  </testcase> <!-- DocumentTaskFilter -->
  <system-out/>
  <testcase classname="litigationManagement.CFO" name="MyReports" time="0.000">
    <skipped/>
  </testcase> <!-- MyReports -->
  <system-out/>
  <testcase classname="litigationManagement.CFO" name="MoreReports" time="0.000">
    <skipped/>
  </testcase> <!-- MoreReports -->
  <system-out/>
  <testcase classname="litigationManagement.CFO" name="AdvancedSearchreport" time="0.000">
    <skipped/>
  </testcase> <!-- AdvancedSearchreport -->
  <system-out/>
  <testcase classname="litigationManagement.CFO" name="MyReminder" time="0.000">
    <skipped/>
  </testcase> <!-- MyReminder -->
  <system-out/>
  <testcase classname="litigationManagement.CFO" name="ReminderWithoutData" time="0.000">
    <skipped/>
  </testcase> <!-- ReminderWithoutData -->
  <system-out/>
  <testcase classname="litigationManagement.CFO" name="ImportUtility" time="0.000">
    <skipped/>
  </testcase> <!-- ImportUtility -->
  <system-out/>
  <testcase classname="litigationManagement.CFO" name="ImportUtilityWithoutData" time="0.000">
    <skipped/>
  </testcase> <!-- ImportUtilityWithoutData -->
  <system-out/>
  <testcase classname="litigationManagement.CFO" name="ImportUtilityInvalidData" time="0.000">
    <skipped/>
  </testcase> <!-- ImportUtilityInvalidData -->
  <system-out/>
  <testcase classname="litigationManagement.CFO" name="ImportUtilityTwoManadtoryFileds" time="0.000">
    <skipped/>
  </testcase> <!-- ImportUtilityTwoManadtoryFileds -->
  <system-out/>
  <testcase classname="litigationManagement.CFO" name="CaseUpdationImportUtility" time="0.000">
    <skipped/>
  </testcase> <!-- CaseUpdationImportUtility -->
  <system-out/>
  <testcase classname="litigationManagement.CFO" name="CaseUpdationUploadEmtyFile" time="0.000">
    <skipped/>
  </testcase> <!-- CaseUpdationUploadEmtyFile -->
  <system-out/>
  <testcase classname="litigationManagement.CFO" name="CaseUpdationUploadInvalidData" time="0.000">
    <skipped/>
  </testcase> <!-- CaseUpdationUploadInvalidData -->
  <system-out/>
  <testcase classname="litigationManagement.CFO" name="CaseUpdationUploadInvalidFile" time="0.000">
    <skipped/>
  </testcase> <!-- CaseUpdationUploadInvalidFile -->
  <system-out/>
  <testcase classname="litigationManagement.CFO" name="NoticeUpdation" time="0.000">
    <skipped/>
  </testcase> <!-- NoticeUpdation -->
  <system-out/>
  <testcase classname="litigationManagement.CFO" name="NoticeUpdationUploadEmtyFile" time="0.000">
    <skipped/>
  </testcase> <!-- NoticeUpdationUploadEmtyFile -->
  <system-out/>
  <testcase classname="litigationManagement.CFO" name="NoticeUpdationUploadInvalidData" time="0.000">
    <skipped/>
  </testcase> <!-- NoticeUpdationUploadInvalidData -->
  <system-out/>
  <testcase classname="litigationManagement.CFO" name="NoticeUpdationUploadInvalidFile" time="0.000">
    <skipped/>
  </testcase> <!-- NoticeUpdationUploadInvalidFile -->
  <system-out/>
  <testcase classname="litigationManagement.CFO" name="Masters" time="0.000">
    <skipped/>
  </testcase> <!-- Masters -->
  <system-out/>
  <testcase classname="litigationManagement.CFO" name="MastersLegalEntity" time="0.000">
    <skipped/>
  </testcase> <!-- MastersLegalEntity -->
  <system-out/>
  <testcase classname="litigationManagement.CFO" name="MastersLegalEntity1" time="0.000">
    <skipped/>
  </testcase> <!-- MastersLegalEntity1 -->
  <system-out/>
  <testcase classname="litigationManagement.CFO" name="MastersLegalEntity2" time="0.000">
    <skipped/>
  </testcase> <!-- MastersLegalEntity2 -->
  <system-out/>
  <testcase classname="litigationManagement.CFO" name="MastersLegalEntity3" time="0.000">
    <skipped/>
  </testcase> <!-- MastersLegalEntity3 -->
  <system-out/>
  <testcase classname="litigationManagement.CFO" name="UnitEntity" time="0.000">
    <skipped/>
  </testcase> <!-- UnitEntity -->
  <system-out/>
  <testcase classname="litigationManagement.CFO" name="Masters1" time="0.000">
    <skipped/>
  </testcase> <!-- Masters1 -->
  <system-out/>
  <testcase classname="litigationManagement.CFO" name="MastersLawFirm" time="0.000">
    <skipped/>
  </testcase> <!-- MastersLawFirm -->
  <system-out/>
  <testcase classname="litigationManagement.CFO" name="MastersLawFirm1" time="0.000">
    <skipped/>
  </testcase> <!-- MastersLawFirm1 -->
  <system-out/>
  <testcase classname="litigationManagement.CFO" name="MastersLawFirm2" time="0.000">
    <skipped/>
  </testcase> <!-- MastersLawFirm2 -->
  <system-out/>
  <testcase classname="litigationManagement.CFO" name="MastersLawFirm3" time="0.000">
    <skipped/>
  </testcase> <!-- MastersLawFirm3 -->
  <system-out/>
  <testcase classname="litigationManagement.CFO" name="LawyerWithoutData" time="0.000">
    <skipped/>
  </testcase> <!-- LawyerWithoutData -->
  <system-out/>
  <testcase classname="litigationManagement.CFO" name="LawyerInvalidData" time="0.000">
    <skipped/>
  </testcase> <!-- LawyerInvalidData -->
  <system-out/>
  <testcase classname="litigationManagement.CFO" name="LawyerTwoManadatoryFileds" time="0.000">
    <skipped/>
  </testcase> <!-- LawyerTwoManadatoryFileds -->
  <system-out/>
  <testcase classname="litigationManagement.CFO" name="LawyerCloseButton" time="0.000">
    <skipped/>
  </testcase> <!-- LawyerCloseButton -->
  <system-out/>
  <testcase classname="litigationManagement.CFO" name="Masters2" time="0.000">
    <skipped/>
  </testcase> <!-- Masters2 -->
  <system-out/>
  <testcase classname="litigationManagement.CFO" name="UserWithoutData" time="0.000">
    <skipped/>
  </testcase> <!-- UserWithoutData -->
  <system-out/>
  <testcase classname="litigationManagement.CFO" name="UserInvalidData" time="0.000">
    <skipped/>
  </testcase> <!-- UserInvalidData -->
  <system-out/>
  <testcase classname="litigationManagement.CFO" name="UserTwoManadatoryFields" time="0.000">
    <skipped/>
  </testcase> <!-- UserTwoManadatoryFields -->
  <system-out/>
  <testcase classname="litigationManagement.CFO" name="UserCloseButton" time="0.000">
    <skipped/>
  </testcase> <!-- UserCloseButton -->
  <system-out/>
  <testcase classname="litigationManagement.CFO" name="Masters3" time="0.000">
    <skipped/>
  </testcase> <!-- Masters3 -->
  <system-out/>
  <testcase classname="litigationManagement.CFO" name="OpponentWithoutData" time="0.000">
    <skipped/>
  </testcase> <!-- OpponentWithoutData -->
  <system-out/>
  <testcase classname="litigationManagement.CFO" name="OpponentInvalidData" time="0.000">
    <skipped/>
  </testcase> <!-- OpponentInvalidData -->
  <system-out/>
  <testcase classname="litigationManagement.CFO" name="OpponentCloseButton" time="0.000">
    <skipped/>
  </testcase> <!-- OpponentCloseButton -->
  <system-out/>
  <testcase classname="litigationManagement.CFO" name="Masters4" time="0.000">
    <skipped/>
  </testcase> <!-- Masters4 -->
  <system-out/>
  <testcase classname="litigationManagement.CFO" name="CourtWithoutData" time="0.000">
    <skipped/>
  </testcase> <!-- CourtWithoutData -->
  <system-out/>
  <testcase classname="litigationManagement.CFO" name="CourtInvalidData" time="0.000">
    <skipped/>
  </testcase> <!-- CourtInvalidData -->
  <system-out/>
  <testcase classname="litigationManagement.CFO" name="CourtTwomanadatoryFields" time="0.000">
    <skipped/>
  </testcase> <!-- CourtTwomanadatoryFields -->
  <system-out/>
  <testcase classname="litigationManagement.CFO" name="CourtCloseButton" time="0.000">
    <skipped/>
  </testcase> <!-- CourtCloseButton -->
  <system-out/>
  <testcase classname="litigationManagement.CFO" name="Masters5" time="0.000">
    <skipped/>
  </testcase> <!-- Masters5 -->
  <system-out/>
  <testcase classname="litigationManagement.CFO" name="CaseNoticeTypeWithoutData" time="0.000">
    <skipped/>
  </testcase> <!-- CaseNoticeTypeWithoutData -->
  <system-out/>
  <testcase classname="litigationManagement.CFO" name="CaseNoticeTypeInvaliData" time="0.000">
    <skipped/>
  </testcase> <!-- CaseNoticeTypeInvaliData -->
  <system-out/>
  <testcase classname="litigationManagement.CFO" name="CaseNoticeTypeCloseBuuton" time="0.000">
    <skipped/>
  </testcase> <!-- CaseNoticeTypeCloseBuuton -->
  <system-out/>
  <testcase classname="litigationManagement.CFO" name="Masters6" time="0.000">
    <skipped/>
  </testcase> <!-- Masters6 -->
  <system-out/>
  <testcase classname="litigationManagement.CFO" name="PaymentTypeWithouData" time="0.000">
    <skipped/>
  </testcase> <!-- PaymentTypeWithouData -->
  <system-out/>
  <testcase classname="litigationManagement.CFO" name="PaymentTypeInvalidData" time="0.000">
    <skipped/>
  </testcase> <!-- PaymentTypeInvalidData -->
  <system-out/>
  <testcase classname="litigationManagement.CFO" name="PaymentTypeCloseButton" time="0.000">
    <skipped/>
  </testcase> <!-- PaymentTypeCloseButton -->
  <system-out/>
  <testcase classname="litigationManagement.CFO" name="Masters7" time="0.000">
    <skipped/>
  </testcase> <!-- Masters7 -->
  <system-out/>
  <testcase classname="litigationManagement.CFO" name="customParameterWithoutData" time="0.000">
    <skipped/>
  </testcase> <!-- customParameterWithoutData -->
  <system-out/>
  <testcase classname="litigationManagement.CFO" name="customParameterCloseButton" time="0.000">
    <skipped/>
  </testcase> <!-- customParameterCloseButton -->
  <system-out/>
  <testcase classname="litigationManagement.CFO" name="Masters8" time="0.000">
    <skipped/>
  </testcase> <!-- Masters8 -->
  <system-out/>
  <testcase classname="litigationManagement.CFO" name="CaseStageWithoutData" time="0.000">
    <skipped/>
  </testcase> <!-- CaseStageWithoutData -->
  <system-out/>
  <testcase classname="litigationManagement.CFO" name="CaseStageInvalidData" time="0.000">
    <skipped/>
  </testcase> <!-- CaseStageInvalidData -->
  <system-out/>
  <testcase classname="litigationManagement.CFO" name="CaseStageCloseButton" time="0.000">
    <skipped/>
  </testcase> <!-- CaseStageCloseButton -->
  <system-out/>
  <testcase classname="litigationManagement.CFO" name="Masters9" time="0.000">
    <skipped/>
  </testcase> <!-- Masters9 -->
  <system-out/>
  <testcase classname="litigationManagement.CFO" name="DocumentTypeWithoutData" time="0.000">
    <skipped/>
  </testcase> <!-- DocumentTypeWithoutData -->
  <system-out/>
  <testcase classname="litigationManagement.CFO" name="DocumentTypeInvalidData" time="0.000">
    <skipped/>
  </testcase> <!-- DocumentTypeInvalidData -->
  <system-out/>
  <testcase classname="litigationManagement.CFO" name="DocumentTypeCloseButton" time="0.000">
    <skipped/>
  </testcase> <!-- DocumentTypeCloseButton -->
  <system-out/>
  <testcase classname="litigationManagement.CFO" name="Masters10" time="0.000">
    <skipped/>
  </testcase> <!-- Masters10 -->
  <system-out/>
  <testcase classname="litigationManagement.CFO" name="RatingCriteriaWithoutData" time="0.000">
    <skipped/>
  </testcase> <!-- RatingCriteriaWithoutData -->
  <system-out/>
  <testcase classname="litigationManagement.CFO" name="RatingCriteriaInvalidData" time="0.000">
    <skipped/>
  </testcase> <!-- RatingCriteriaInvalidData -->
  <system-out/>
  <testcase classname="litigationManagement.CFO" name="RatingCriteriaCloseButton" time="0.000">
    <skipped/>
  </testcase> <!-- RatingCriteriaCloseButton -->
  <system-out/>
  <testcase classname="litigationManagement.CFO" name="Masters12" time="0.000">
    <skipped/>
  </testcase> <!-- Masters12 -->
  <system-out/>
  <testcase classname="litigationManagement.CFO" name="Masters11" time="0.000">
    <skipped/>
  </testcase> <!-- Masters11 -->
  <system-out/>
  <testcase classname="litigationManagement.CFO" name="Masters13" time="0.000">
    <skipped/>
  </testcase> <!-- Masters13 -->
  <system-out/>
</testsuite> <!-- litigationManagement.CFO -->
