<?xml version="1.0" encoding="UTF-8"?>
<!-- Generated by org.testng.reporters.JUnitReportReporter -->
<testsuite skipped="3" hostname="Avantis-pc1" name="licenseReviewer.LicenseReviewer" tests="3" failures="0" timestamp="2022-07-06T11:08:40 IST" time="0.000" errors="0">
  <testcase name="Login" time="0.000" classname="licenseReviewer.LicenseReviewer">
    <skipped/>
  </testcase> <!-- Login -->
  <testcase name="PendingReviewStatutory" time="0.000" classname="licenseReviewer.LicenseReviewer">
    <skipped/>
  </testcase> <!-- PendingReviewStatutory -->
  <testcase name="PendingReviewInternal" time="0.000" classname="licenseReviewer.LicenseReviewer">
    <skipped/>
  </testcase> <!-- PendingReviewInternal -->
</testsuite> <!-- licenseReviewer.LicenseReviewer -->
