<?xml version="1.0" encoding="UTF-8"?>
<!-- Generated by org.testng.reporters.JUnitReportReporter -->
<testsuite hostname="DESKTOP-6RDAJ8O" failures="0" tests="7" name="login.LoginMethod" time="40.797" errors="0" timestamp="2023-02-20T16:13:23 IST" skipped="0">
  <testcase classname="login.LoginMethod" name="Login" time="2.547"/>
  <system-out/>
  <testcase classname="login.LoginMethod" name="CorrectPassword" time="5.362"/>
  <system-out/>
  <testcase classname="login.LoginMethod" name="CorrectUsername" time="4.638"/>
  <system-out/>
  <testcase classname="login.LoginMethod" name="forgotPassword" time="7.284"/>
  <system-out/>
  <testcase classname="login.LoginMethod" name="AccountLocked" time="9.328"/>
  <system-out/>
  <testcase classname="login.LoginMethod" name="GmailAccount" time="4.933"/>
  <system-out/>
  <testcase classname="login.LoginMethod" name="LoginHelp" time="6.705"/>
  <system-out/>
</testsuite> <!-- login.LoginMethod -->
