<?xml version="1.0" encoding="UTF-8"?>
<!-- Generated by org.testng.reporters.JUnitReportReporter -->
<testsuite hostname="TRPL-PUN-0115" failures="0" tests="1" name="implementation.ImplementCount" time="77.207" errors="0" timestamp="2024-01-18T11:20:11 IST" skipped="0">
  <testcase classname="implementation.ImplementCount" name="ExportButton" time="77.207"/>
  <system-out/>
</testsuite> <!-- implementation.ImplementCount -->
