<?xml version="1.0" encoding="UTF-8"?>
<!-- Generated by org.testng.reporters.JUnitReportReporter -->
<testsuite hostname="DESKTOP-6RDAJ8O" failures="0" tests="5" name="litigationMgmt.Mgmt" time="316.365" errors="0" timestamp="2023-04-27T00:26:33 IST" skipped="0">
  <testcase classname="litigationMgmt.Mgmt" name="Login" time="19.713"/>
  <system-out/>
  <testcase classname="litigationMgmt.Mgmt" name="CaseAdvocateBillTab" time="131.630"/>
  <system-out/>
  <testcase classname="litigationMgmt.Mgmt" name="CaseAdvocateBill1" time="30.963"/>
  <system-out/>
  <testcase classname="litigationMgmt.Mgmt" name="Masters12" time="46.284"/>
  <system-out/>
  <testcase classname="litigationMgmt.Mgmt" name="MyReports" time="87.775"/>
  <system-out/>
</testsuite> <!-- litigationMgmt.Mgmt -->
