<?xml version="1.0" encoding="UTF-8"?>
<!-- Generated by org.testng.reporters.JUnitReportReporter -->
<testsuite hostname="TRPL-PUN-0115" failures="0" tests="57" name="litigationManagement.CFO" time="6907.228" errors="6" timestamp="2024-05-29T14:47:21 IST" skipped="30">
  <testcase classname="litigationManagement.CFO" name="Login" time="48.778">
    <error message="no such element: Unable to locate element: {&quot;method&quot;:&quot;xpath&quot;,&quot;selector&quot;:&quot;//input[@placeholder=&#039;Username&#039;]&quot;}
  (Session info: chrome=125.0.6422.113)
For documentation on this error, please visit: http://seleniumhq.org/exceptions/no_such_element.html
Build info: version: &#039;3.141.0&#039;, revision: &#039;2ecb7d9a&#039;, time: &#039;2018-10-31T20:09:30&#039;
System info: host: &#039;TRPL-PUN-0115&#039;, ip: &#039;192.168.192.1&#039;, os.name: &#039;Windows 10&#039;, os.arch: &#039;amd64&#039;, os.version: &#039;10.0&#039;, java.version: &#039;20&#039;
Driver info: org.openqa.selenium.chrome.ChromeDriver
Capabilities {acceptInsecureCerts: false, browserName: chrome, browserVersion: 125.0.6422.113, chrome: {chromedriverVersion: 125.0.6422.78 (14db42ec38ad..., userDataDir: C:\Users\snehalp\AppData\Lo...}, fedcm:accounts: true, goog:chromeOptions: {debuggerAddress: localhost:59021}, javascriptEnabled: true, networkConnectionEnabled: false, pageLoadStrategy: normal, platform: WINDOWS, platformName: WINDOWS, proxy: Proxy(), setWindowRect: true, strictFileInteractability: false, timeouts: {implicit: 0, pageLoad: 300000, script: 30000}, unhandledPromptBehavior: dismiss and notify, webauthn:extension:credBlob: true, webauthn:extension:largeBlob: true, webauthn:extension:minPinLength: true, webauthn:extension:prf: true, webauthn:virtualAuthenticators: true}
Session ID: b590c449b071cec9687f4edfab5f9b2f
*** Element info: {Using=xpath, value=//input[@placeholder=&#039;Username&#039;]}" type="org.openqa.selenium.NoSuchElementException">
      <![CDATA[org.openqa.selenium.NoSuchElementException: no such element: Unable to locate element: {"method":"xpath","selector":"//input[@placeholder='Username']"}
  (Session info: chrome=125.0.6422.113)
For documentation on this error, please visit: http://seleniumhq.org/exceptions/no_such_element.html
Build info: version: '3.141.0', revision: '2ecb7d9a', time: '2018-10-31T20:09:30'
System info: host: 'TRPL-PUN-0115', ip: '192.168.192.1', os.name: 'Windows 10', os.arch: 'amd64', os.version: '10.0', java.version: '20'
Driver info: org.openqa.selenium.chrome.ChromeDriver
Capabilities {acceptInsecureCerts: false, browserName: chrome, browserVersion: 125.0.6422.113, chrome: {chromedriverVersion: 125.0.6422.78 (14db42ec38ad..., userDataDir: C:\Users\snehalp\AppData\Lo...}, fedcm:accounts: true, goog:chromeOptions: {debuggerAddress: localhost:59021}, javascriptEnabled: true, networkConnectionEnabled: false, pageLoadStrategy: normal, platform: WINDOWS, platformName: WINDOWS, proxy: Proxy(), setWindowRect: true, strictFileInteractability: false, timeouts: {implicit: 0, pageLoad: 300000, script: 30000}, unhandledPromptBehavior: dismiss and notify, webauthn:extension:credBlob: true, webauthn:extension:largeBlob: true, webauthn:extension:minPinLength: true, webauthn:extension:prf: true, webauthn:virtualAuthenticators: true}
Session ID: b590c449b071cec9687f4edfab5f9b2f
*** Element info: {Using=xpath, value=//input[@placeholder='Username']}
at java.base/jdk.internal.reflect.DirectConstructorHandleAccessor.newInstance(DirectConstructorHandleAccessor.java:67)
at java.base/java.lang.reflect.Constructor.newInstanceWithCaller(Constructor.java:500)
at java.base/java.lang.reflect.Constructor.newInstance(Constructor.java:484)
at org.openqa.selenium.remote.http.W3CHttpResponseCodec.createException(W3CHttpResponseCodec.java:187)
at org.openqa.selenium.remote.http.W3CHttpResponseCodec.decode(W3CHttpResponseCodec.java:122)
at org.openqa.selenium.remote.http.W3CHttpResponseCodec.decode(W3CHttpResponseCodec.java:49)
at org.openqa.selenium.remote.HttpCommandExecutor.execute(HttpCommandExecutor.java:158)
at org.openqa.selenium.remote.service.DriverCommandExecutor.execute(DriverCommandExecutor.java:83)
at org.openqa.selenium.remote.RemoteWebDriver.execute(RemoteWebDriver.java:552)
at org.openqa.selenium.remote.RemoteWebDriver.findElement(RemoteWebDriver.java:323)
at org.openqa.selenium.remote.RemoteWebDriver.findElementByXPath(RemoteWebDriver.java:428)
at org.openqa.selenium.By$ByXPath.findElement(By.java:353)
at org.openqa.selenium.remote.RemoteWebDriver.findElement(RemoteWebDriver.java:315)
at login.LoginPOM.setUname(LoginPOM.java:22)
at login.Login.UserLogin(Login.java:108)
at login.BasePage.initialization(BasePage.java:176)
at litigationManagement.CFO.Login(CFO.java:91)
at java.base/jdk.internal.reflect.DirectMethodHandleAccessor.invoke(DirectMethodHandleAccessor.java:104)
at java.base/java.lang.reflect.Method.invoke(Method.java:578)
at org.testng.internal.MethodInvocationHelper.invokeMethod(MethodInvocationHelper.java:133)
at org.testng.internal.MethodInvocationHelper.invokeMethodConsideringTimeout(MethodInvocationHelper.java:62)
at org.testng.internal.ConfigInvoker.invokeConfigurationMethod(ConfigInvoker.java:385)
at org.testng.internal.ConfigInvoker.invokeConfigurations(ConfigInvoker.java:321)
at org.testng.internal.TestInvoker.runConfigMethods(TestInvoker.java:700)
at org.testng.internal.TestInvoker.invokeMethod(TestInvoker.java:527)
at org.testng.internal.TestInvoker.invokeTestMethod(TestInvoker.java:173)
at org.testng.internal.MethodRunner.runInSequence(MethodRunner.java:46)
at org.testng.internal.TestInvoker$MethodInvocationAgent.invoke(TestInvoker.java:824)
at org.testng.internal.TestInvoker.invokeTestMethods(TestInvoker.java:146)
at org.testng.internal.TestMethodWorker.invokeTestMethods(TestMethodWorker.java:146)
at org.testng.internal.TestMethodWorker.run(TestMethodWorker.java:128)
at java.base/java.util.ArrayList.forEach(ArrayList.java:1511)
at org.testng.TestRunner.privateRun(TestRunner.java:794)
at org.testng.TestRunner.run(TestRunner.java:596)
at org.testng.SuiteRunner.runTest(SuiteRunner.java:377)
at org.testng.SuiteRunner.runSequentially(SuiteRunner.java:371)
at org.testng.SuiteRunner.privateRun(SuiteRunner.java:332)
at org.testng.SuiteRunner.run(SuiteRunner.java:276)
at org.testng.SuiteRunnerWorker.runSuite(SuiteRunnerWorker.java:53)
at org.testng.SuiteRunnerWorker.run(SuiteRunnerWorker.java:96)
at org.testng.TestNG.runSuitesSequentially(TestNG.java:1212)
at org.testng.TestNG.runSuitesLocally(TestNG.java:1134)
at org.testng.TestNG.runSuites(TestNG.java:1063)
at org.testng.TestNG.run(TestNG.java:1031)
at org.testng.remote.AbstractRemoteTestNG.run(AbstractRemoteTestNG.java:115)
at org.testng.remote.RemoteTestNG.initAndRun(RemoteTestNG.java:251)
at org.testng.remote.RemoteTestNG.main(RemoteTestNG.java:77)
]]>
    </error>
  </testcase> <!-- Login -->
  <system-out/>
  <testcase classname="litigationManagement.CFO" name="CaseNoticeTypeGraph" time="811.385"/>
  <system-out/>
  <testcase classname="litigationManagement.CFO" name="CaseNoticeStageGraph" time="151.113"/>
  <system-out/>
  <testcase classname="litigationManagement.CFO" name="RiskSummaryGraph" time="460.207"/>
  <system-out/>
  <testcase classname="litigationManagement.CFO" name="DepartmentSummaryGraph" time="166.498"/>
  <system-out/>
  <testcase classname="litigationManagement.CFO" name="LocationSummaryGraph" time="166.430"/>
  <system-out/>
  <testcase classname="litigationManagement.CFO" name="CategorySummaryGraph" time="178.589"/>
  <system-out/>
  <testcase classname="litigationManagement.CFO" name="CaseNoticeTypeGraph1" time="903.542">
    <error message="element not interactable
  (Session info: chrome=125.0.6422.113)
Build info: version: &#039;3.141.0&#039;, revision: &#039;2ecb7d9a&#039;, time: &#039;2018-10-31T20:09:30&#039;
System info: host: &#039;TRPL-PUN-0115&#039;, ip: &#039;192.168.192.1&#039;, os.name: &#039;Windows 10&#039;, os.arch: &#039;amd64&#039;, os.version: &#039;10.0&#039;, java.version: &#039;20&#039;
Driver info: org.openqa.selenium.chrome.ChromeDriver
Capabilities {acceptInsecureCerts: false, browserName: chrome, browserVersion: 125.0.6422.113, chrome: {chromedriverVersion: 125.0.6422.78 (14db42ec38ad..., userDataDir: C:\Users\snehalp\AppData\Lo...}, fedcm:accounts: true, goog:chromeOptions: {debuggerAddress: localhost:57793}, javascriptEnabled: true, networkConnectionEnabled: false, pageLoadStrategy: normal, platform: WINDOWS, platformName: WINDOWS, proxy: Proxy(), setWindowRect: true, strictFileInteractability: false, timeouts: {implicit: 0, pageLoad: 300000, script: 30000}, unhandledPromptBehavior: dismiss and notify, webauthn:extension:credBlob: true, webauthn:extension:largeBlob: true, webauthn:extension:minPinLength: true, webauthn:extension:prf: true, webauthn:virtualAuthenticators: true}
Session ID: ba0a5b6ee31e37bf3d3eea3f7511d16d" type="org.openqa.selenium.ElementNotInteractableException">
      <![CDATA[org.openqa.selenium.ElementNotInteractableException: element not interactable
  (Session info: chrome=125.0.6422.113)
Build info: version: '3.141.0', revision: '2ecb7d9a', time: '2018-10-31T20:09:30'
System info: host: 'TRPL-PUN-0115', ip: '192.168.192.1', os.name: 'Windows 10', os.arch: 'amd64', os.version: '10.0', java.version: '20'
Driver info: org.openqa.selenium.chrome.ChromeDriver
Capabilities {acceptInsecureCerts: false, browserName: chrome, browserVersion: 125.0.6422.113, chrome: {chromedriverVersion: 125.0.6422.78 (14db42ec38ad..., userDataDir: C:\Users\snehalp\AppData\Lo...}, fedcm:accounts: true, goog:chromeOptions: {debuggerAddress: localhost:57793}, javascriptEnabled: true, networkConnectionEnabled: false, pageLoadStrategy: normal, platform: WINDOWS, platformName: WINDOWS, proxy: Proxy(), setWindowRect: true, strictFileInteractability: false, timeouts: {implicit: 0, pageLoad: 300000, script: 30000}, unhandledPromptBehavior: dismiss and notify, webauthn:extension:credBlob: true, webauthn:extension:largeBlob: true, webauthn:extension:minPinLength: true, webauthn:extension:prf: true, webauthn:virtualAuthenticators: true}
Session ID: ba0a5b6ee31e37bf3d3eea3f7511d16d
at java.base/jdk.internal.reflect.DirectConstructorHandleAccessor.newInstance(DirectConstructorHandleAccessor.java:67)
at java.base/java.lang.reflect.Constructor.newInstanceWithCaller(Constructor.java:500)
at java.base/java.lang.reflect.Constructor.newInstance(Constructor.java:484)
at org.openqa.selenium.remote.http.W3CHttpResponseCodec.createException(W3CHttpResponseCodec.java:187)
at org.openqa.selenium.remote.http.W3CHttpResponseCodec.decode(W3CHttpResponseCodec.java:122)
at org.openqa.selenium.remote.http.W3CHttpResponseCodec.decode(W3CHttpResponseCodec.java:49)
at org.openqa.selenium.remote.HttpCommandExecutor.execute(HttpCommandExecutor.java:158)
at org.openqa.selenium.remote.service.DriverCommandExecutor.execute(DriverCommandExecutor.java:83)
at org.openqa.selenium.remote.RemoteWebDriver.execute(RemoteWebDriver.java:552)
at org.openqa.selenium.remote.RemoteWebElement.execute(RemoteWebElement.java:285)
at org.openqa.selenium.remote.RemoteWebElement.click(RemoteWebElement.java:84)
at litigationManagement.CFOMethod.CaseNoticeTypeGraph1(CFOMethod.java:777)
at litigationManagement.CFO.CaseNoticeTypeGraph1(CFO.java:1944)
at java.base/jdk.internal.reflect.DirectMethodHandleAccessor.invoke(DirectMethodHandleAccessor.java:104)
at java.base/java.lang.reflect.Method.invoke(Method.java:578)
at org.testng.internal.MethodInvocationHelper.invokeMethod(MethodInvocationHelper.java:133)
at org.testng.internal.TestInvoker.invokeMethod(TestInvoker.java:598)
at org.testng.internal.TestInvoker.invokeTestMethod(TestInvoker.java:173)
at org.testng.internal.MethodRunner.runInSequence(MethodRunner.java:46)
at org.testng.internal.TestInvoker$MethodInvocationAgent.invoke(TestInvoker.java:824)
at org.testng.internal.TestInvoker.invokeTestMethods(TestInvoker.java:146)
at org.testng.internal.TestMethodWorker.invokeTestMethods(TestMethodWorker.java:146)
at org.testng.internal.TestMethodWorker.run(TestMethodWorker.java:128)
at java.base/java.util.ArrayList.forEach(ArrayList.java:1511)
at org.testng.TestRunner.privateRun(TestRunner.java:794)
at org.testng.TestRunner.run(TestRunner.java:596)
at org.testng.SuiteRunner.runTest(SuiteRunner.java:377)
at org.testng.SuiteRunner.runSequentially(SuiteRunner.java:371)
at org.testng.SuiteRunner.privateRun(SuiteRunner.java:332)
at org.testng.SuiteRunner.run(SuiteRunner.java:276)
at org.testng.SuiteRunnerWorker.runSuite(SuiteRunnerWorker.java:53)
at org.testng.SuiteRunnerWorker.run(SuiteRunnerWorker.java:96)
at org.testng.TestNG.runSuitesSequentially(TestNG.java:1212)
at org.testng.TestNG.runSuitesLocally(TestNG.java:1134)
at org.testng.TestNG.runSuites(TestNG.java:1063)
at org.testng.TestNG.run(TestNG.java:1031)
at org.testng.remote.AbstractRemoteTestNG.run(AbstractRemoteTestNG.java:115)
at org.testng.remote.RemoteTestNG.initAndRun(RemoteTestNG.java:251)
at org.testng.remote.RemoteTestNG.main(RemoteTestNG.java:77)
]]>
    </error>
  </testcase> <!-- CaseNoticeTypeGraph1 -->
  <system-out/>
  <testcase classname="litigationManagement.CFO" name="CaseNoticeStageGraph1" time="166.232"/>
  <system-out/>
  <testcase classname="litigationManagement.CFO" name="RiskSummaryGraph1" time="396.124"/>
  <system-out/>
  <testcase classname="litigationManagement.CFO" name="DepartmentSummaryGraph1" time="180.488"/>
  <system-out/>
  <testcase classname="litigationManagement.CFO" name="LocationSummaryGraph1" time="188.004"/>
  <system-out/>
  <testcase classname="litigationManagement.CFO" name="CategorySummaryGraph1" time="187.185"/>
  <system-out/>
  <testcase classname="litigationManagement.CFO" name="ExpensesCaseGraph" time="208.301"/>
  <system-out/>
  <testcase classname="litigationManagement.CFO" name="ExpensesCategoryWiseCaseGraph" time="201.190"/>
  <system-out/>
  <testcase classname="litigationManagement.CFO" name="ExpensesCounselWiseCaseGraph" time="84.739"/>
  <system-out/>
  <testcase classname="litigationManagement.CFO" name="UtilizedBudgetGraph" time="96.015"/>
  <system-out/>
  <testcase classname="litigationManagement.CFO" name="AgeingGraph" time="454.475">
    <error message="element not interactable
  (Session info: chrome=125.0.6422.113)
Build info: version: &#039;3.141.0&#039;, revision: &#039;2ecb7d9a&#039;, time: &#039;2018-10-31T20:09:30&#039;
System info: host: &#039;TRPL-PUN-0115&#039;, ip: &#039;192.168.192.1&#039;, os.name: &#039;Windows 10&#039;, os.arch: &#039;amd64&#039;, os.version: &#039;10.0&#039;, java.version: &#039;20&#039;
Driver info: org.openqa.selenium.chrome.ChromeDriver
Capabilities {acceptInsecureCerts: false, browserName: chrome, browserVersion: 125.0.6422.113, chrome: {chromedriverVersion: 125.0.6422.78 (14db42ec38ad..., userDataDir: C:\Users\snehalp\AppData\Lo...}, fedcm:accounts: true, goog:chromeOptions: {debuggerAddress: localhost:58412}, javascriptEnabled: true, networkConnectionEnabled: false, pageLoadStrategy: normal, platform: WINDOWS, platformName: WINDOWS, proxy: Proxy(), setWindowRect: true, strictFileInteractability: false, timeouts: {implicit: 0, pageLoad: 300000, script: 30000}, unhandledPromptBehavior: dismiss and notify, webauthn:extension:credBlob: true, webauthn:extension:largeBlob: true, webauthn:extension:minPinLength: true, webauthn:extension:prf: true, webauthn:virtualAuthenticators: true}
Session ID: 706e540695e7af5f87c86b8af5a8c4c0" type="org.openqa.selenium.ElementNotInteractableException">
      <![CDATA[org.openqa.selenium.ElementNotInteractableException: element not interactable
  (Session info: chrome=125.0.6422.113)
Build info: version: '3.141.0', revision: '2ecb7d9a', time: '2018-10-31T20:09:30'
System info: host: 'TRPL-PUN-0115', ip: '192.168.192.1', os.name: 'Windows 10', os.arch: 'amd64', os.version: '10.0', java.version: '20'
Driver info: org.openqa.selenium.chrome.ChromeDriver
Capabilities {acceptInsecureCerts: false, browserName: chrome, browserVersion: 125.0.6422.113, chrome: {chromedriverVersion: 125.0.6422.78 (14db42ec38ad..., userDataDir: C:\Users\snehalp\AppData\Lo...}, fedcm:accounts: true, goog:chromeOptions: {debuggerAddress: localhost:58412}, javascriptEnabled: true, networkConnectionEnabled: false, pageLoadStrategy: normal, platform: WINDOWS, platformName: WINDOWS, proxy: Proxy(), setWindowRect: true, strictFileInteractability: false, timeouts: {implicit: 0, pageLoad: 300000, script: 30000}, unhandledPromptBehavior: dismiss and notify, webauthn:extension:credBlob: true, webauthn:extension:largeBlob: true, webauthn:extension:minPinLength: true, webauthn:extension:prf: true, webauthn:virtualAuthenticators: true}
Session ID: 706e540695e7af5f87c86b8af5a8c4c0
at java.base/jdk.internal.reflect.DirectConstructorHandleAccessor.newInstance(DirectConstructorHandleAccessor.java:67)
at java.base/java.lang.reflect.Constructor.newInstanceWithCaller(Constructor.java:500)
at java.base/java.lang.reflect.Constructor.newInstance(Constructor.java:484)
at org.openqa.selenium.remote.http.W3CHttpResponseCodec.createException(W3CHttpResponseCodec.java:187)
at org.openqa.selenium.remote.http.W3CHttpResponseCodec.decode(W3CHttpResponseCodec.java:122)
at org.openqa.selenium.remote.http.W3CHttpResponseCodec.decode(W3CHttpResponseCodec.java:49)
at org.openqa.selenium.remote.HttpCommandExecutor.execute(HttpCommandExecutor.java:158)
at org.openqa.selenium.remote.service.DriverCommandExecutor.execute(DriverCommandExecutor.java:83)
at org.openqa.selenium.remote.RemoteWebDriver.execute(RemoteWebDriver.java:552)
at org.openqa.selenium.remote.RemoteWebElement.execute(RemoteWebElement.java:285)
at org.openqa.selenium.remote.RemoteWebElement.click(RemoteWebElement.java:84)
at litigationManagement.CFOMethod.AgeingGraphLessThanYear(CFOMethod.java:17954)
at litigationManagement.CFO.AgeingGraph(CFO.java:2196)
at java.base/jdk.internal.reflect.DirectMethodHandleAccessor.invoke(DirectMethodHandleAccessor.java:104)
at java.base/java.lang.reflect.Method.invoke(Method.java:578)
at org.testng.internal.MethodInvocationHelper.invokeMethod(MethodInvocationHelper.java:133)
at org.testng.internal.TestInvoker.invokeMethod(TestInvoker.java:598)
at org.testng.internal.TestInvoker.invokeTestMethod(TestInvoker.java:173)
at org.testng.internal.MethodRunner.runInSequence(MethodRunner.java:46)
at org.testng.internal.TestInvoker$MethodInvocationAgent.invoke(TestInvoker.java:824)
at org.testng.internal.TestInvoker.invokeTestMethods(TestInvoker.java:146)
at org.testng.internal.TestMethodWorker.invokeTestMethods(TestMethodWorker.java:146)
at org.testng.internal.TestMethodWorker.run(TestMethodWorker.java:128)
at java.base/java.util.ArrayList.forEach(ArrayList.java:1511)
at org.testng.TestRunner.privateRun(TestRunner.java:794)
at org.testng.TestRunner.run(TestRunner.java:596)
at org.testng.SuiteRunner.runTest(SuiteRunner.java:377)
at org.testng.SuiteRunner.runSequentially(SuiteRunner.java:371)
at org.testng.SuiteRunner.privateRun(SuiteRunner.java:332)
at org.testng.SuiteRunner.run(SuiteRunner.java:276)
at org.testng.SuiteRunnerWorker.runSuite(SuiteRunnerWorker.java:53)
at org.testng.SuiteRunnerWorker.run(SuiteRunnerWorker.java:96)
at org.testng.TestNG.runSuitesSequentially(TestNG.java:1212)
at org.testng.TestNG.runSuitesLocally(TestNG.java:1134)
at org.testng.TestNG.runSuites(TestNG.java:1063)
at org.testng.TestNG.run(TestNG.java:1031)
at org.testng.remote.AbstractRemoteTestNG.run(AbstractRemoteTestNG.java:115)
at org.testng.remote.RemoteTestNG.initAndRun(RemoteTestNG.java:251)
at org.testng.remote.RemoteTestNG.main(RemoteTestNG.java:77)
]]>
    </error>
  </testcase> <!-- AgeingGraph -->
  <system-out/>
  <testcase classname="litigationManagement.CFO" name="AgeingGraph1to2years" time="811.669"/>
  <system-out/>
  <testcase classname="litigationManagement.CFO" name="AgeingGraph2to3years" time="389.565">
    <error message="no such element: Unable to locate element: {&quot;method&quot;:&quot;xpath&quot;,&quot;selector&quot;:&quot;//*[@class=&#039;k-pager-info k-label&#039;]&quot;}
  (Session info: chrome=125.0.6422.113)
For documentation on this error, please visit: http://seleniumhq.org/exceptions/no_such_element.html
Build info: version: &#039;3.141.0&#039;, revision: &#039;2ecb7d9a&#039;, time: &#039;2018-10-31T20:09:30&#039;
System info: host: &#039;TRPL-PUN-0115&#039;, ip: &#039;192.168.192.1&#039;, os.name: &#039;Windows 10&#039;, os.arch: &#039;amd64&#039;, os.version: &#039;10.0&#039;, java.version: &#039;20&#039;
Driver info: org.openqa.selenium.chrome.ChromeDriver
Capabilities {acceptInsecureCerts: false, browserName: chrome, browserVersion: 125.0.6422.113, chrome: {chromedriverVersion: 125.0.6422.78 (14db42ec38ad..., userDataDir: C:\Users\snehalp\AppData\Lo...}, fedcm:accounts: true, goog:chromeOptions: {debuggerAddress: localhost:58635}, javascriptEnabled: true, networkConnectionEnabled: false, pageLoadStrategy: normal, platform: WINDOWS, platformName: WINDOWS, proxy: Proxy(), setWindowRect: true, strictFileInteractability: false, timeouts: {implicit: 0, pageLoad: 300000, script: 30000}, unhandledPromptBehavior: dismiss and notify, webauthn:extension:credBlob: true, webauthn:extension:largeBlob: true, webauthn:extension:minPinLength: true, webauthn:extension:prf: true, webauthn:virtualAuthenticators: true}
Session ID: 3b44e24b15562d3202097f89d1377870
*** Element info: {Using=xpath, value=//*[@class=&#039;k-pager-info k-label&#039;]}" type="org.openqa.selenium.NoSuchElementException">
      <![CDATA[org.openqa.selenium.NoSuchElementException: no such element: Unable to locate element: {"method":"xpath","selector":"//*[@class='k-pager-info k-label']"}
  (Session info: chrome=125.0.6422.113)
For documentation on this error, please visit: http://seleniumhq.org/exceptions/no_such_element.html
Build info: version: '3.141.0', revision: '2ecb7d9a', time: '2018-10-31T20:09:30'
System info: host: 'TRPL-PUN-0115', ip: '192.168.192.1', os.name: 'Windows 10', os.arch: 'amd64', os.version: '10.0', java.version: '20'
Driver info: org.openqa.selenium.chrome.ChromeDriver
Capabilities {acceptInsecureCerts: false, browserName: chrome, browserVersion: 125.0.6422.113, chrome: {chromedriverVersion: 125.0.6422.78 (14db42ec38ad..., userDataDir: C:\Users\snehalp\AppData\Lo...}, fedcm:accounts: true, goog:chromeOptions: {debuggerAddress: localhost:58635}, javascriptEnabled: true, networkConnectionEnabled: false, pageLoadStrategy: normal, platform: WINDOWS, platformName: WINDOWS, proxy: Proxy(), setWindowRect: true, strictFileInteractability: false, timeouts: {implicit: 0, pageLoad: 300000, script: 30000}, unhandledPromptBehavior: dismiss and notify, webauthn:extension:credBlob: true, webauthn:extension:largeBlob: true, webauthn:extension:minPinLength: true, webauthn:extension:prf: true, webauthn:virtualAuthenticators: true}
Session ID: 3b44e24b15562d3202097f89d1377870
*** Element info: {Using=xpath, value=//*[@class='k-pager-info k-label']}
at java.base/jdk.internal.reflect.DirectConstructorHandleAccessor.newInstance(DirectConstructorHandleAccessor.java:67)
at java.base/java.lang.reflect.Constructor.newInstanceWithCaller(Constructor.java:500)
at java.base/java.lang.reflect.Constructor.newInstance(Constructor.java:484)
at org.openqa.selenium.remote.http.W3CHttpResponseCodec.createException(W3CHttpResponseCodec.java:187)
at org.openqa.selenium.remote.http.W3CHttpResponseCodec.decode(W3CHttpResponseCodec.java:122)
at org.openqa.selenium.remote.http.W3CHttpResponseCodec.decode(W3CHttpResponseCodec.java:49)
at org.openqa.selenium.remote.HttpCommandExecutor.execute(HttpCommandExecutor.java:158)
at org.openqa.selenium.remote.service.DriverCommandExecutor.execute(DriverCommandExecutor.java:83)
at org.openqa.selenium.remote.RemoteWebDriver.execute(RemoteWebDriver.java:552)
at org.openqa.selenium.remote.RemoteWebDriver.findElement(RemoteWebDriver.java:323)
at org.openqa.selenium.remote.RemoteWebDriver.findElementByXPath(RemoteWebDriver.java:428)
at org.openqa.selenium.By$ByXPath.findElement(By.java:353)
at org.openqa.selenium.remote.RemoteWebDriver.findElement(RemoteWebDriver.java:315)
at cfo.CFOcountPOM.readTotalItems1(CFOcountPOM.java:301)
at litigationManagement.CFOMethod.AgeingGraph2to3years(CFOMethod.java:17481)
at litigationManagement.CFO.AgeingGraph2to3years(CFO.java:1833)
at java.base/jdk.internal.reflect.DirectMethodHandleAccessor.invoke(DirectMethodHandleAccessor.java:104)
at java.base/java.lang.reflect.Method.invoke(Method.java:578)
at org.testng.internal.MethodInvocationHelper.invokeMethod(MethodInvocationHelper.java:133)
at org.testng.internal.TestInvoker.invokeMethod(TestInvoker.java:598)
at org.testng.internal.TestInvoker.invokeTestMethod(TestInvoker.java:173)
at org.testng.internal.MethodRunner.runInSequence(MethodRunner.java:46)
at org.testng.internal.TestInvoker$MethodInvocationAgent.invoke(TestInvoker.java:824)
at org.testng.internal.TestInvoker.invokeTestMethods(TestInvoker.java:146)
at org.testng.internal.TestMethodWorker.invokeTestMethods(TestMethodWorker.java:146)
at org.testng.internal.TestMethodWorker.run(TestMethodWorker.java:128)
at java.base/java.util.ArrayList.forEach(ArrayList.java:1511)
at org.testng.TestRunner.privateRun(TestRunner.java:794)
at org.testng.TestRunner.run(TestRunner.java:596)
at org.testng.SuiteRunner.runTest(SuiteRunner.java:377)
at org.testng.SuiteRunner.runSequentially(SuiteRunner.java:371)
at org.testng.SuiteRunner.privateRun(SuiteRunner.java:332)
at org.testng.SuiteRunner.run(SuiteRunner.java:276)
at org.testng.SuiteRunnerWorker.runSuite(SuiteRunnerWorker.java:53)
at org.testng.SuiteRunnerWorker.run(SuiteRunnerWorker.java:96)
at org.testng.TestNG.runSuitesSequentially(TestNG.java:1212)
at org.testng.TestNG.runSuitesLocally(TestNG.java:1134)
at org.testng.TestNG.runSuites(TestNG.java:1063)
at org.testng.TestNG.run(TestNG.java:1031)
at org.testng.remote.AbstractRemoteTestNG.run(AbstractRemoteTestNG.java:115)
at org.testng.remote.RemoteTestNG.initAndRun(RemoteTestNG.java:251)
at org.testng.remote.RemoteTestNG.main(RemoteTestNG.java:77)
]]>
    </error>
  </testcase> <!-- AgeingGraph2to3years -->
  <system-out/>
  <testcase classname="litigationManagement.CFO" name="AgeingGraphMorethan3years" time="72.118">
    <error message="For input string: &quot;&quot;" type="java.lang.NumberFormatException">
      <![CDATA[java.lang.NumberFormatException: For input string: ""
at java.base/java.lang.NumberFormatException.forInputString(NumberFormatException.java:67)
at java.base/java.lang.Integer.parseInt(Integer.java:675)
at java.base/java.lang.Integer.parseInt(Integer.java:781)
at litigationManagement.CFO.AgeingGraphMorethan3years(CFO.java:1880)
at java.base/jdk.internal.reflect.DirectMethodHandleAccessor.invoke(DirectMethodHandleAccessor.java:104)
at java.base/java.lang.reflect.Method.invoke(Method.java:578)
at org.testng.internal.MethodInvocationHelper.invokeMethod(MethodInvocationHelper.java:133)
at org.testng.internal.TestInvoker.invokeMethod(TestInvoker.java:598)
at org.testng.internal.TestInvoker.invokeTestMethod(TestInvoker.java:173)
at org.testng.internal.MethodRunner.runInSequence(MethodRunner.java:46)
at org.testng.internal.TestInvoker$MethodInvocationAgent.invoke(TestInvoker.java:824)
at org.testng.internal.TestInvoker.invokeTestMethods(TestInvoker.java:146)
at org.testng.internal.TestMethodWorker.invokeTestMethods(TestMethodWorker.java:146)
at org.testng.internal.TestMethodWorker.run(TestMethodWorker.java:128)
at java.base/java.util.ArrayList.forEach(ArrayList.java:1511)
at org.testng.TestRunner.privateRun(TestRunner.java:794)
at org.testng.TestRunner.run(TestRunner.java:596)
at org.testng.SuiteRunner.runTest(SuiteRunner.java:377)
at org.testng.SuiteRunner.runSequentially(SuiteRunner.java:371)
at org.testng.SuiteRunner.privateRun(SuiteRunner.java:332)
at org.testng.SuiteRunner.run(SuiteRunner.java:276)
at org.testng.SuiteRunnerWorker.runSuite(SuiteRunnerWorker.java:53)
at org.testng.SuiteRunnerWorker.run(SuiteRunnerWorker.java:96)
at org.testng.TestNG.runSuitesSequentially(TestNG.java:1212)
at org.testng.TestNG.runSuitesLocally(TestNG.java:1134)
at org.testng.TestNG.runSuites(TestNG.java:1063)
at org.testng.TestNG.run(TestNG.java:1031)
at org.testng.remote.AbstractRemoteTestNG.run(AbstractRemoteTestNG.java:115)
at org.testng.remote.RemoteTestNG.initAndRun(RemoteTestNG.java:251)
at org.testng.remote.RemoteTestNG.main(RemoteTestNG.java:77)
]]>
    </error>
  </testcase> <!-- AgeingGraphMorethan3years -->
  <system-out/>
  <testcase classname="litigationManagement.CFO" name="MyDocument" time="129.451"/>
  <system-out/>
  <testcase classname="litigationManagement.CFO" name="ShareCaseDocument" time="91.484"/>
  <system-out/>
  <testcase classname="litigationManagement.CFO" name="ShareNoticeDocument" time="102.156"/>
  <system-out/>
  <testcase classname="litigationManagement.CFO" name="ShareTaskDocument" time="98.981"/>
  <system-out/>
  <testcase classname="litigationManagement.CFO" name="AdvancedSearchDoc" time="117.058">
    <error message="element not interactable
  (Session info: chrome=125.0.6422.113)
Build info: version: &#039;3.141.0&#039;, revision: &#039;2ecb7d9a&#039;, time: &#039;2018-10-31T20:09:30&#039;
System info: host: &#039;TRPL-PUN-0115&#039;, ip: &#039;192.168.192.1&#039;, os.name: &#039;Windows 10&#039;, os.arch: &#039;amd64&#039;, os.version: &#039;10.0&#039;, java.version: &#039;20&#039;
Driver info: org.openqa.selenium.chrome.ChromeDriver
Capabilities {acceptInsecureCerts: false, browserName: chrome, browserVersion: 125.0.6422.113, chrome: {chromedriverVersion: 125.0.6422.78 (14db42ec38ad..., userDataDir: C:\Users\snehalp\AppData\Lo...}, fedcm:accounts: true, goog:chromeOptions: {debuggerAddress: localhost:58936}, javascriptEnabled: true, networkConnectionEnabled: false, pageLoadStrategy: normal, platform: WINDOWS, platformName: WINDOWS, proxy: Proxy(), setWindowRect: true, strictFileInteractability: false, timeouts: {implicit: 0, pageLoad: 300000, script: 30000}, unhandledPromptBehavior: dismiss and notify, webauthn:extension:credBlob: true, webauthn:extension:largeBlob: true, webauthn:extension:minPinLength: true, webauthn:extension:prf: true, webauthn:virtualAuthenticators: true}
Session ID: 61325a573db5361c861c239a4cabfb94" type="org.openqa.selenium.ElementNotInteractableException">
      <![CDATA[org.openqa.selenium.ElementNotInteractableException: element not interactable
  (Session info: chrome=125.0.6422.113)
Build info: version: '3.141.0', revision: '2ecb7d9a', time: '2018-10-31T20:09:30'
System info: host: 'TRPL-PUN-0115', ip: '192.168.192.1', os.name: 'Windows 10', os.arch: 'amd64', os.version: '10.0', java.version: '20'
Driver info: org.openqa.selenium.chrome.ChromeDriver
Capabilities {acceptInsecureCerts: false, browserName: chrome, browserVersion: 125.0.6422.113, chrome: {chromedriverVersion: 125.0.6422.78 (14db42ec38ad..., userDataDir: C:\Users\snehalp\AppData\Lo...}, fedcm:accounts: true, goog:chromeOptions: {debuggerAddress: localhost:58936}, javascriptEnabled: true, networkConnectionEnabled: false, pageLoadStrategy: normal, platform: WINDOWS, platformName: WINDOWS, proxy: Proxy(), setWindowRect: true, strictFileInteractability: false, timeouts: {implicit: 0, pageLoad: 300000, script: 30000}, unhandledPromptBehavior: dismiss and notify, webauthn:extension:credBlob: true, webauthn:extension:largeBlob: true, webauthn:extension:minPinLength: true, webauthn:extension:prf: true, webauthn:virtualAuthenticators: true}
Session ID: 61325a573db5361c861c239a4cabfb94
at java.base/jdk.internal.reflect.DirectConstructorHandleAccessor.newInstance(DirectConstructorHandleAccessor.java:67)
at java.base/java.lang.reflect.Constructor.newInstanceWithCaller(Constructor.java:500)
at java.base/java.lang.reflect.Constructor.newInstance(Constructor.java:484)
at org.openqa.selenium.remote.http.W3CHttpResponseCodec.createException(W3CHttpResponseCodec.java:187)
at org.openqa.selenium.remote.http.W3CHttpResponseCodec.decode(W3CHttpResponseCodec.java:122)
at org.openqa.selenium.remote.http.W3CHttpResponseCodec.decode(W3CHttpResponseCodec.java:49)
at org.openqa.selenium.remote.HttpCommandExecutor.execute(HttpCommandExecutor.java:158)
at org.openqa.selenium.remote.service.DriverCommandExecutor.execute(DriverCommandExecutor.java:83)
at org.openqa.selenium.remote.RemoteWebDriver.execute(RemoteWebDriver.java:552)
at org.openqa.selenium.remote.RemoteWebElement.execute(RemoteWebElement.java:285)
at org.openqa.selenium.remote.RemoteWebElement.click(RemoteWebElement.java:84)
at litigationManagement.CFOMethod.AdvancedSearchDocument(CFOMethod.java:7653)
at litigationManagement.CFO.AdvancedSearchDoc(CFO.java:2399)
at java.base/jdk.internal.reflect.DirectMethodHandleAccessor.invoke(DirectMethodHandleAccessor.java:104)
at java.base/java.lang.reflect.Method.invoke(Method.java:578)
at org.testng.internal.MethodInvocationHelper.invokeMethod(MethodInvocationHelper.java:133)
at org.testng.internal.TestInvoker.invokeMethod(TestInvoker.java:598)
at org.testng.internal.TestInvoker.invokeTestMethod(TestInvoker.java:173)
at org.testng.internal.MethodRunner.runInSequence(MethodRunner.java:46)
at org.testng.internal.TestInvoker$MethodInvocationAgent.invoke(TestInvoker.java:824)
at org.testng.internal.TestInvoker.invokeTestMethods(TestInvoker.java:146)
at org.testng.internal.TestMethodWorker.invokeTestMethods(TestMethodWorker.java:146)
at org.testng.internal.TestMethodWorker.run(TestMethodWorker.java:128)
at java.base/java.util.ArrayList.forEach(ArrayList.java:1511)
at org.testng.TestRunner.privateRun(TestRunner.java:794)
at org.testng.TestRunner.run(TestRunner.java:596)
at org.testng.SuiteRunner.runTest(SuiteRunner.java:377)
at org.testng.SuiteRunner.runSequentially(SuiteRunner.java:371)
at org.testng.SuiteRunner.privateRun(SuiteRunner.java:332)
at org.testng.SuiteRunner.run(SuiteRunner.java:276)
at org.testng.SuiteRunnerWorker.runSuite(SuiteRunnerWorker.java:53)
at org.testng.SuiteRunnerWorker.run(SuiteRunnerWorker.java:96)
at org.testng.TestNG.runSuitesSequentially(TestNG.java:1212)
at org.testng.TestNG.runSuitesLocally(TestNG.java:1134)
at org.testng.TestNG.runSuites(TestNG.java:1063)
at org.testng.TestNG.run(TestNG.java:1031)
at org.testng.remote.AbstractRemoteTestNG.run(AbstractRemoteTestNG.java:115)
at org.testng.remote.RemoteTestNG.initAndRun(RemoteTestNG.java:251)
at org.testng.remote.RemoteTestNG.main(RemoteTestNG.java:77)
]]>
    </error>
  </testcase> <!-- AdvancedSearchDoc -->
  <system-out/>
  <testcase classname="litigationManagement.CFO" name="AdvancedSearchShareCaseDocument" time="45.450"/>
  <system-out/>
  <testcase classname="litigationManagement.CFO" name="AdvancedSearchShareNoticeDocument" time="0.000">
    <skipped/>
  </testcase> <!-- AdvancedSearchShareNoticeDocument -->
  <system-out/>
  <testcase classname="litigationManagement.CFO" name="AgeingGraph1to2yearsCase" time="0.000">
    <skipped/>
  </testcase> <!-- AgeingGraph1to2yearsCase -->
  <system-out/>
  <testcase classname="litigationManagement.CFO" name="AdvancedSearchShareTaskDocument" time="0.000">
    <skipped/>
  </testcase> <!-- AdvancedSearchShareTaskDocument -->
  <system-out/>
  <testcase classname="litigationManagement.CFO" name="AgeingGraph2to3yearsCase" time="0.000">
    <skipped/>
  </testcase> <!-- AgeingGraph2to3yearsCase -->
  <system-out/>
  <testcase classname="litigationManagement.CFO" name="CriticalDocuments" time="0.000">
    <skipped/>
  </testcase> <!-- CriticalDocuments -->
  <system-out/>
  <testcase classname="litigationManagement.CFO" name="CriticalDocuments1" time="0.000">
    <skipped/>
  </testcase> <!-- CriticalDocuments1 -->
  <system-out/>
  <testcase classname="litigationManagement.CFO" name="AgeingGraphMoreThan3yearsCase" time="0.000">
    <skipped/>
  </testcase> <!-- AgeingGraphMoreThan3yearsCase -->
  <system-out/>
  <testcase classname="litigationManagement.CFO" name="DocumentFilter" time="0.000">
    <skipped/>
  </testcase> <!-- DocumentFilter -->
  <system-out/>
  <testcase classname="litigationManagement.CFO" name="DocumentCaseFilter" time="0.000">
    <skipped/>
  </testcase> <!-- DocumentCaseFilter -->
  <system-out/>
  <testcase classname="litigationManagement.CFO" name="DocumentTaskFilter" time="0.000">
    <skipped/>
  </testcase> <!-- DocumentTaskFilter -->
  <system-out/>
  <testcase classname="litigationManagement.CFO" name="MyReports" time="0.000">
    <skipped/>
  </testcase> <!-- MyReports -->
  <system-out/>
  <testcase classname="litigationManagement.CFO" name="MoreReports" time="0.000">
    <skipped/>
  </testcase> <!-- MoreReports -->
  <system-out/>
  <testcase classname="litigationManagement.CFO" name="AdvancedSearchreport" time="0.000">
    <skipped/>
  </testcase> <!-- AdvancedSearchreport -->
  <system-out/>
  <testcase classname="litigationManagement.CFO" name="ReportNoticeFilter" time="0.000">
    <skipped/>
  </testcase> <!-- ReportNoticeFilter -->
  <system-out/>
  <testcase classname="litigationManagement.CFO" name="ReportCaseFilter" time="0.000">
    <skipped/>
  </testcase> <!-- ReportCaseFilter -->
  <system-out/>
  <testcase classname="litigationManagement.CFO" name="ReportTaskFilter" time="0.000">
    <skipped/>
  </testcase> <!-- ReportTaskFilter -->
  <system-out/>
  <testcase classname="litigationManagement.CFO" name="MyReminder" time="0.001">
    <skipped/>
  </testcase> <!-- MyReminder -->
  <system-out/>
  <testcase classname="litigationManagement.CFO" name="ReminderWithoutData" time="0.000">
    <skipped/>
  </testcase> <!-- ReminderWithoutData -->
  <system-out/>
  <testcase classname="litigationManagement.CFO" name="ImportUtility" time="0.000">
    <skipped/>
  </testcase> <!-- ImportUtility -->
  <system-out/>
  <testcase classname="litigationManagement.CFO" name="ImportUtilityWithoutData" time="0.000">
    <skipped/>
  </testcase> <!-- ImportUtilityWithoutData -->
  <system-out/>
  <testcase classname="litigationManagement.CFO" name="ImportUtilityInvalidData" time="0.000">
    <skipped/>
  </testcase> <!-- ImportUtilityInvalidData -->
  <system-out/>
  <testcase classname="litigationManagement.CFO" name="ImportUtilityTwoManadtoryFileds" time="0.000">
    <skipped/>
  </testcase> <!-- ImportUtilityTwoManadtoryFileds -->
  <system-out/>
  <testcase classname="litigationManagement.CFO" name="CaseUpdationImportUtility" time="0.000">
    <skipped/>
  </testcase> <!-- CaseUpdationImportUtility -->
  <system-out/>
  <testcase classname="litigationManagement.CFO" name="CaseUpdationUploadEmtyFile" time="0.000">
    <skipped/>
  </testcase> <!-- CaseUpdationUploadEmtyFile -->
  <system-out/>
  <testcase classname="litigationManagement.CFO" name="CaseUpdationUploadInvalidData" time="0.000">
    <skipped/>
  </testcase> <!-- CaseUpdationUploadInvalidData -->
  <system-out/>
  <testcase classname="litigationManagement.CFO" name="CaseUpdationUploadInvalidFile" time="0.000">
    <skipped/>
  </testcase> <!-- CaseUpdationUploadInvalidFile -->
  <system-out/>
  <testcase classname="litigationManagement.CFO" name="NoticeUpdation" time="0.000">
    <skipped/>
  </testcase> <!-- NoticeUpdation -->
  <system-out/>
  <testcase classname="litigationManagement.CFO" name="NoticeUpdationUploadEmtyFile" time="0.000">
    <skipped/>
  </testcase> <!-- NoticeUpdationUploadEmtyFile -->
  <system-out/>
  <testcase classname="litigationManagement.CFO" name="NoticeUpdationUploadInvalidData" time="0.000">
    <skipped/>
  </testcase> <!-- NoticeUpdationUploadInvalidData -->
  <system-out/>
  <testcase classname="litigationManagement.CFO" name="NoticeUpdationUploadInvalidFile" time="0.000">
    <skipped/>
  </testcase> <!-- NoticeUpdationUploadInvalidFile -->
  <system-out/>
</testsuite> <!-- litigationManagement.CFO -->
