<?xml version="1.0" encoding="UTF-8"?>
<!-- Generated by org.testng.reporters.JUnitReportReporter -->
<testsuite skipped="8" hostname="Avantis-pc1" name="performer.OverdueCount" tests="8" failures="0" timestamp="2022-07-06T11:08:40 IST" time="0.000" errors="0">
  <testcase name="Login" time="0.000" classname="performer.OverdueCount">
    <skipped/>
  </testcase> <!-- Login -->
  <testcase name="DetailedReport" time="0.000" classname="performer.OverdueCount">
    <skipped/>
  </testcase> <!-- DetailedReport -->
  <testcase name="AssignmentReport" time="0.000" classname="performer.OverdueCount">
    <skipped/>
  </testcase> <!-- AssignmentReport -->
  <testcase name="MyReminderStatutory" time="0.000" classname="performer.OverdueCount">
    <skipped/>
  </testcase> <!-- MyReminderStatutory -->
  <testcase name="MyReminderInternal" time="0.000" classname="performer.OverdueCount">
    <skipped/>
  </testcase> <!-- MyReminderInternal -->
  <testcase name="ComplianceCalender" time="0.000" classname="performer.OverdueCount">
    <skipped/>
  </testcase> <!-- ComplianceCalender -->
  <testcase name="ReassignUser" time="0.000" classname="performer.OverdueCount">
    <skipped/>
  </testcase> <!-- ReassignUser -->
  <testcase name="ReviseCompliance" time="0.000" classname="performer.OverdueCount">
    <skipped/>
  </testcase> <!-- ReviseCompliance -->
</testsuite> <!-- performer.OverdueCount -->
